#
# There is insufficient memory for the Java Runtime Environment to continue.
# Native memory allocation (mmap) failed to map 68681728 bytes for committing reserved memory.
# Possible reasons:
#   The system is out of physical RAM or swap space
#   In 32 bit mode, the process size limit was hit
# Possible solutions:
#   Reduce memory load on the system
#   Increase physical memory or swap space
#   Check if swap backing store is full
#   Use 64 bit Java on a 64 bit OS
#   Decrease Java heap size (-Xmx/-Xms)
#   Decrease number of Java threads
#   Decrease Java thread stack sizes (-Xss)
#   Set larger code cache with -XX:ReservedCodeCacheSize=
# This output file may be truncated or incomplete.
#
#  Out of Memory Error (os_linux.cpp:2643), pid=14160, tid=0x638e4b40
#
# JRE version: OpenJDK Runtime Environment (8.0_131-b11) (build 1.8.0_131-8u131-b11-0ubuntu1.16.04.2-b11)
# Java VM: OpenJDK Server VM (25.131-b11 mixed mode linux-x86 )
# Failed to write core dump. Core dumps have been disabled. To enable core dumping, try "ulimit -c unlimited" before starting Java again
#

---------------  T H R E A D  ---------------

Current thread (0x63789800):  VMThread [stack: 0x63864000,0x638e5000] [id=14183]

Stack: [0x63864000,0x638e5000],  sp=0x638e3b30,  free space=510k
Native frames: (J=compiled Java code, j=interpreted, Vv=VM code, C=native code)
V  [libjvm.so+0x8d4e44]
V  [libjvm.so+0x3a5286]
V  [libjvm.so+0x7404c0]
V  [libjvm.so+0x73a413]
V  [libjvm.so+0x7ac07c]
V  [libjvm.so+0x7ad0bb]
V  [libjvm.so+0x7a9b7f]
V  [libjvm.so+0x7a4162]
V  [libjvm.so+0x335a13]
V  [libjvm.so+0x8d635e]
V  [libjvm.so+0x8dba86]
V  [libjvm.so+0x8d9c40]
V  [libjvm.so+0x8da395]
V  [libjvm.so+0x8da99b]
V  [libjvm.so+0x73d6b5]
C  [libpthread.so.0+0x6295]  start_thread+0xe5

VM_Operation (0x61099dbc): CollectForMetadataAllocation, mode: safepoint, requested by thread 0x095dd000


---------------  P R O C E S S  ---------------

Java Threads: ( => current thread )
  0x5f81a000 JavaThread "SparkUI-136" daemon [_thread_blocked, id=14311, stack(0x5f9af000,0x5fa00000)]
  0x5f814c00 JavaThread "SparkUI-135" daemon [_thread_blocked, id=14310, stack(0x5f75e000,0x5f7af000)]
  0x5f80c400 JavaThread "SparkUI-134" daemon [_thread_blocked, id=14309, stack(0x5f90d000,0x5f95e000)]
  0x5f80d800 JavaThread "SparkUI-133" daemon [_thread_blocked, id=14308, stack(0x5f6bc000,0x5f70d000)]
  0x5f811000 JavaThread "SparkUI-132" daemon [_thread_blocked, id=14307, stack(0x5f70d000,0x5f75e000)]
  0x5f812400 JavaThread "SparkUI-131-acceptor-0@bcaa44-Spark@7b4423{HTTP/1.1}{0.0.0.0:4050}" daemon [_thread_in_native, id=14306, stack(0x5f95e000,0x5f9af000)]
  0x5f80e800 JavaThread "SparkUI-130-selector-ServerConnectorManager@b9de41/1" daemon [_thread_in_native, id=14305, stack(0x5f7af000,0x5f800000)]
  0x5f80fc00 JavaThread "SparkUI-129-selector-ServerConnectorManager@b9de41/0" daemon [_thread_in_native, id=14304, stack(0x5fc27000,0x5fc78000)]
  0x6006b800 JavaThread "refresh progress" daemon [_thread_blocked, id=14212, stack(0x5fc78000,0x5fcc9000)]
  0x6001e400 JavaThread "map-output-dispatcher-7" daemon [_thread_blocked, id=14211, stack(0x5fdc9000,0x5fe1a000)]
  0x6001d400 JavaThread "map-output-dispatcher-6" daemon [_thread_blocked, id=14210, stack(0x5fe1a000,0x5fe6b000)]
  0x6001c000 JavaThread "map-output-dispatcher-5" daemon [_thread_blocked, id=14209, stack(0x5fe6b000,0x5febc000)]
  0x6001ac00 JavaThread "map-output-dispatcher-4" daemon [_thread_blocked, id=14208, stack(0x5febc000,0x5ff0d000)]
  0x6001a000 JavaThread "map-output-dispatcher-3" daemon [_thread_blocked, id=14207, stack(0x5ff0d000,0x5ff5e000)]
  0x60006000 JavaThread "map-output-dispatcher-2" daemon [_thread_blocked, id=14206, stack(0x5ff5e000,0x5ffaf000)]
  0x60005000 JavaThread "map-output-dispatcher-1" daemon [_thread_blocked, id=14205, stack(0x5ffaf000,0x60000000)]
  0x60003c00 JavaThread "map-output-dispatcher-0" daemon [_thread_blocked, id=14204, stack(0x6040d000,0x6045e000)]
  0x603eb400 JavaThread "rpc-server-3-1" daemon [_thread_in_native, id=14203, stack(0x6045e000,0x604af000)]
  0x60764800 JavaThread "dispatcher-event-loop-3" daemon [_thread_blocked, id=14202, stack(0x605af000,0x60600000)]
  0x60763000 JavaThread "dispatcher-event-loop-2" daemon [_thread_blocked, id=14201, stack(0x6080d000,0x6085e000)]
  0x60762000 JavaThread "dispatcher-event-loop-1" daemon [_thread_blocked, id=14200, stack(0x6085e000,0x608af000)]
  0x60761400 JavaThread "dispatcher-event-loop-0" daemon [_thread_blocked, id=14199, stack(0x609af000,0x60a00000)]
  0x60e89400 JavaThread "process reaper" daemon [_thread_blocked, id=14197, stack(0x60f33000,0x60f4c000)]
  0x095dd000 JavaThread "Thread-2" [_thread_blocked, id=14194, stack(0x6104c000,0x6109d000)]
  0x617d0c00 JavaThread "Thread-1" [_thread_in_native, id=14193, stack(0x6119d000,0x611ee000)]
  0x617c6800 JavaThread "pool-1-thread-1" [_thread_blocked, id=14192, stack(0x611ee000,0x6123f000)]
  0x637b3000 JavaThread "Service Thread" daemon [_thread_blocked, id=14190, stack(0x630db000,0x6312c000)]
  0x637afc00 JavaThread "C1 CompilerThread2" daemon [_thread_blocked, id=14189, stack(0x6312c000,0x631ad000)]
  0x637ae400 JavaThread "C2 CompilerThread1" daemon [_thread_blocked, id=14188, stack(0x631ad000,0x6322e000)]
  0x637ac800 JavaThread "C2 CompilerThread0" daemon [_thread_blocked, id=14187, stack(0x6322e000,0x632af000)]
  0x637ab000 JavaThread "Signal Dispatcher" daemon [_thread_blocked, id=14186, stack(0x632af000,0x63300000)]
  0x63791000 JavaThread "Finalizer" daemon [_thread_blocked, id=14185, stack(0x63813000,0x63864000)]
  0x6378e000 JavaThread "Reference Handler" daemon [_thread_blocked, id=14184, stack(0x6642e000,0x6647f000)]
  0xb620f000 JavaThread "main" [_thread_in_native, id=14178, stack(0xb6394000,0xb63e5000)]

Other Threads:
=>0x63789800 VMThread [stack: 0x63864000,0x638e5000] [id=14183]
  0x637b4800 WatcherThread [stack: 0x6305a000,0x630db000] [id=14191]

VM state:at safepoint (normal execution)

VM Mutex/Monitor currently owned by a thread:  ([mutex/lock_event])
[0xb620c828] Threads_lock - owner thread: 0x63789800
[0xb620cc38] Heap_lock - owner thread: 0x095dd000

Heap:
 PSYoungGen      total 70912K, used 6398K [0x918c0000, 0x96440000, 0xa6e00000)
  eden space 64512K, 0% used [0x918c0000,0x918c0000,0x957c0000)
  from space 6400K, 99% used [0x95e00000,0x9643f9b8,0x96440000)
  to   space 5632K, 0% used [0x95840000,0x95840000,0x95dc0000)
 ParOldGen       total 43776K, used 4703K [0x66e00000, 0x698c0000, 0x918c0000)
  object space 43776K, 10% used [0x66e00000,0x67297fb8,0x698c0000)
 Metaspace       used 16209K, capacity 16356K, committed 16384K, reserved 16688K

Card table byte_map: [0x66bff000,0x66e00000] byte_map_base: 0x668c8000

Marking Bits: (ParMarkBitMap*) 0xb7107820
 Begin Bits: [0x64300000, 0x65300000)
 End Bits:   [0x65300000, 0x66300000)

Polling page: 0xb7713000

CodeCache: size=245760Kb used=4058Kb max_used=4067Kb free=241701Kb
 bounds [0xa7200000, 0xa7600000, 0xb6200000]
 total_blobs=1796 nmethods=1593 adapters=117
 compilation: enabled

Compilation events (10 events):
Event: 9.878 Thread 0x637afc00 1632       3       java.net.URLClassLoader$2::run (5 bytes)
Event: 9.878 Thread 0x637afc00 nmethod 1632 0xa75f6888 code [0xa75f69a0, 0xa75f6b0c]
Event: 9.878 Thread 0x637afc00 1633       3       org.apache.xerces.util.XMLStringBuffer::<init> (12 bytes)
Event: 9.878 Thread 0x637afc00 nmethod 1633 0xa75f6488 code [0xa75f65a0, 0xa75f67a0]
Event: 9.879 Thread 0x637afc00 1634       3       scala.Option::orElse (21 bytes)
Event: 9.879 Thread 0x637afc00 nmethod 1634 0xa75f5f48 code [0xa75f6080, 0xa75f6398]
Event: 9.880 Thread 0x637ac800 nmethod 1619 0xa75f4548 code [0xa75f4660, 0xa75f47dc]
Event: 9.880 Thread 0x637ac800 1620       4       org.apache.xerces.parsers.AbstractDOMParser::startElement (838 bytes)
Event: 9.880 Thread 0x637afc00 1635       3       scala.collection.IndexedSeqOptimized$class::foreach (36 bytes)
Event: 9.880 Thread 0x637afc00 nmethod 1635 0xa75f5948 code [0xa75f5aa0, 0xa75f5dc4]

GC Heap History (10 events):
Event: 1.298 GC heap after
Heap after GC invocations=3 (full 0):
 PSYoungGen      total 19200K, used 2236K [0x918c0000, 0x93e40000, 0xa6e00000)
  eden space 16640K, 0% used [0x918c0000,0x918c0000,0x92900000)
  from space 2560K, 87% used [0x92900000,0x92b2f2c0,0x92b80000)
  to   space 2560K, 0% used [0x93bc0000,0x93bc0000,0x93e40000)
 ParOldGen       total 43776K, used 12K [0x66e00000, 0x698c0000, 0x918c0000)
  object space 43776K, 0% used [0x66e00000,0x66e03000,0x698c0000)
 Metaspace       used 5165K, capacity 5188K, committed 5272K, reserved 5424K
}
Event: 2.348 GC heap before
{Heap before GC invocations=4 (full 0):
 PSYoungGen      total 19200K, used 18876K [0x918c0000, 0x93e40000, 0xa6e00000)
  eden space 16640K, 100% used [0x918c0000,0x92900000,0x92900000)
  from space 2560K, 87% used [0x92900000,0x92b2f2c0,0x92b80000)
  to   space 2560K, 0% used [0x93bc0000,0x93bc0000,0x93e40000)
 ParOldGen       total 43776K, used 12K [0x66e00000, 0x698c0000, 0x918c0000)
  object space 43776K, 0% used [0x66e00000,0x66e03000,0x698c0000)
 Metaspace       used 7150K, capacity 7172K, committed 7192K, reserved 7472K
Event: 2.360 GC heap after
Heap after GC invocations=4 (full 0):
 PSYoungGen      total 35840K, used 2549K [0x918c0000, 0x93e40000, 0xa6e00000)
  eden space 33280K, 0% used [0x918c0000,0x918c0000,0x93940000)
  from space 2560K, 99% used [0x93bc0000,0x93e3d478,0x93e40000)
  to   space 2560K, 0% used [0x93940000,0x93940000,0x93bc0000)
 ParOldGen       total 43776K, used 199K [0x66e00000, 0x698c0000, 0x918c0000)
  object space 43776K, 0% used [0x66e00000,0x66e31ce8,0x698c0000)
 Metaspace       used 7150K, capacity 7172K, committed 7192K, reserved 7472K
}
Event: 6.377 GC heap before
{Heap before GC invocations=5 (full 0):
 PSYoungGen      total 35840K, used 35829K [0x918c0000, 0x93e40000, 0xa6e00000)
  eden space 33280K, 100% used [0x918c0000,0x93940000,0x93940000)
  from space 2560K, 99% used [0x93bc0000,0x93e3d478,0x93e40000)
  to   space 2560K, 0% used [0x93940000,0x93940000,0x93bc0000)
 ParOldGen       total 43776K, used 199K [0x66e00000, 0x698c0000, 0x918c0000)
  object space 43776K, 0% used [0x66e00000,0x66e31ce8,0x698c0000)
 Metaspace       used 10132K, capacity 10323K, committed 10392K, reserved 10544K
Event: 6.387 GC heap after
Heap after GC invocations=5 (full 0):
 PSYoungGen      total 35840K, used 2559K [0x918c0000, 0x96340000, 0xa6e00000)
  eden space 33280K, 0% used [0x918c0000,0x918c0000,0x93940000)
  from space 2560K, 99% used [0x93940000,0x93bbfd98,0x93bc0000)
  to   space 4864K, 0% used [0x95e80000,0x95e80000,0x96340000)
 ParOldGen       total 43776K, used 2847K [0x66e00000, 0x698c0000, 0x918c0000)
  object space 43776K, 6% used [0x66e00000,0x670c7da8,0x698c0000)
 Metaspace       used 10132K, capacity 10323K, committed 10392K, reserved 10544K
}
Event: 8.179 GC heap before
{Heap before GC invocations=6 (full 0):
 PSYoungGen      total 35840K, used 35839K [0x918c0000, 0x96340000, 0xa6e00000)
  eden space 33280K, 100% used [0x918c0000,0x93940000,0x93940000)
  from space 2560K, 99% used [0x93940000,0x93bbfd98,0x93bc0000)
  to   space 4864K, 0% used [0x95e80000,0x95e80000,0x96340000)
 ParOldGen       total 43776K, used 2847K [0x66e00000, 0x698c0000, 0x918c0000)
  object space 43776K, 6% used [0x66e00000,0x670c7da8,0x698c0000)
 Metaspace       used 11608K, capacity 11763K, committed 11800K, reserved 12592K
Event: 8.191 GC heap after
Heap after GC invocations=6 (full 0):
 PSYoungGen      total 37120K, used 4858K [0x918c0000, 0x96340000, 0xa6e00000)
  eden space 32256K, 0% used [0x918c0000,0x918c0000,0x93840000)
  from space 4864K, 99% used [0x95e80000,0x9633ebf8,0x96340000)
  to   space 5632K, 0% used [0x95840000,0x95840000,0x95dc0000)
 ParOldGen       total 43776K, used 2943K [0x66e00000, 0x698c0000, 0x918c0000)
  object space 43776K, 6% used [0x66e00000,0x670dfec0,0x698c0000)
 Metaspace       used 11608K, capacity 11763K, committed 11800K, reserved 12592K
}
Event: 8.776 GC heap before
{Heap before GC invocations=7 (full 0):
 PSYoungGen      total 37120K, used 37114K [0x918c0000, 0x96340000, 0xa6e00000)
  eden space 32256K, 100% used [0x918c0000,0x93840000,0x93840000)
  from space 4864K, 99% used [0x95e80000,0x9633ebf8,0x96340000)
  to   space 5632K, 0% used [0x95840000,0x95840000,0x95dc0000)
 ParOldGen       total 43776K, used 2943K [0x66e00000, 0x698c0000, 0x918c0000)
  object space 43776K, 6% used [0x66e00000,0x670dfec0,0x698c0000)
 Metaspace       used 13751K, capacity 13941K, committed 13976K, reserved 14640K
Event: 8.783 GC heap after
Heap after GC invocations=7 (full 0):
 PSYoungGen      total 70144K, used 5302K [0x918c0000, 0x96440000, 0xa6e00000)
  eden space 64512K, 0% used [0x918c0000,0x918c0000,0x957c0000)
  from space 5632K, 94% used [0x95840000,0x95d6d8a0,0x95dc0000)
  to   space 6400K, 0% used [0x95e00000,0x95e00000,0x96440000)
 ParOldGen       total 43776K, used 3856K [0x66e00000, 0x698c0000, 0x918c0000)
  object space 43776K, 8% used [0x66e00000,0x671c41a0,0x698c0000)
 Metaspace       used 13751K, capacity 13941K, committed 13976K, reserved 14640K
}
Event: 9.885 GC heap before
{Heap before GC invocations=8 (full 0):
 PSYoungGen      total 70144K, used 58345K [0x918c0000, 0x96440000, 0xa6e00000)
  eden space 64512K, 82% used [0x918c0000,0x94c8cc78,0x957c0000)
  from space 5632K, 94% used [0x95840000,0x95d6d8a0,0x95dc0000)
  to   space 6400K, 0% used [0x95e00000,0x95e00000,0x96440000)
 ParOldGen       total 43776K, used 3856K [0x66e00000, 0x698c0000, 0x918c0000)
  object space 43776K, 8% used [0x66e00000,0x671c41a0,0x698c0000)
 Metaspace       used 16209K, capacity 16356K, committed 16384K, reserved 16688K

Deoptimization events (10 events):
Event: 5.407 Thread 0x095dd000 Uncommon trap: reason=unstable_if action=reinterpret pc=0xa742cad4 method=org.apache.xerces.impl.XMLEntityScanner.skipChar(I)Z @ 14
Event: 6.538 Thread 0x095dd000 Uncommon trap: reason=unstable_if action=reinterpret pc=0xa747ffc0 method=java.lang.ref.ReferenceQueue.poll()Ljava/lang/ref/Reference; @ 4
Event: 9.617 Thread 0x095dd000 Uncommon trap: reason=unstable_if action=reinterpret pc=0xa75485f4 method=java.util.jar.Manifest$FastInputStream.readLine([BII)I @ 87
Event: 9.673 Thread 0x095dd000 Uncommon trap: reason=unstable_if action=reinterpret pc=0xa7540328 method=java.lang.ClassLoader.checkName(Ljava/lang/String;)Z @ 20
Event: 9.673 Thread 0x095dd000 Uncommon trap: reason=unstable_if action=reinterpret pc=0xa7402ce8 method=java.lang.ClassLoader.checkName(Ljava/lang/String;)Z @ 20
Event: 9.678 Thread 0x095dd000 Uncommon trap: reason=class_check action=maybe_recompile pc=0xa7526e48 method=java.util.HashMap.putVal(ILjava/lang/Object;Ljava/lang/Object;ZZ)Ljava/lang/Object; @ 203
Event: 9.678 Thread 0x095dd000 Uncommon trap: reason=class_check action=maybe_recompile pc=0xa7526e48 method=java.util.HashMap.putVal(ILjava/lang/Object;Ljava/lang/Object;ZZ)Ljava/lang/Object; @ 203
Event: 9.678 Thread 0x095dd000 Uncommon trap: reason=class_check action=maybe_recompile pc=0xa7526e48 method=java.util.HashMap.putVal(ILjava/lang/Object;Ljava/lang/Object;ZZ)Ljava/lang/Object; @ 203
Event: 9.678 Thread 0x095dd000 Uncommon trap: reason=class_check action=maybe_recompile pc=0xa7526e48 method=java.util.HashMap.putVal(ILjava/lang/Object;Ljava/lang/Object;ZZ)Ljava/lang/Object; @ 203
Event: 9.759 Thread 0x095dd000 Uncommon trap: reason=unstable_if action=reinterpret pc=0xa74dfd30 method=sun.net.www.protocol.jar.Handler.parseURL(Ljava/net/URL;Ljava/lang/String;II)V @ 94

Internal exceptions (10 events):
Event: 9.780 Thread 0x095dd000 Exception <a 'java/net/BindException'> (0x941398e8) thrown at [/build/openjdk-8-jr_sUX/openjdk-8-8u131-b11/src/hotspot/src/share/vm/prims/jni.cpp, line 709]
Event: 9.789 Thread 0x095dd000 Exception <a 'java/net/BindException'> (0x9421a668) thrown at [/build/openjdk-8-jr_sUX/openjdk-8-8u131-b11/src/hotspot/src/share/vm/prims/jni.cpp, line 709]
Event: 9.793 Thread 0x095dd000 Exception <a 'java/net/BindException'> (0x9425f6a8) thrown at [/build/openjdk-8-jr_sUX/openjdk-8-8u131-b11/src/hotspot/src/share/vm/prims/jni.cpp, line 709]
Event: 9.802 Thread 0x095dd000 Exception <a 'java/net/BindException'> (0x942a4ac0) thrown at [/build/openjdk-8-jr_sUX/openjdk-8-8u131-b11/src/hotspot/src/share/vm/prims/jni.cpp, line 709]
Event: 9.807 Thread 0x095dd000 Exception <a 'java/net/BindException'> (0x942e9b28) thrown at [/build/openjdk-8-jr_sUX/openjdk-8-8u131-b11/src/hotspot/src/share/vm/prims/jni.cpp, line 709]
Event: 9.811 Thread 0x095dd000 Exception <a 'java/net/BindException'> (0x9432ed88) thrown at [/build/openjdk-8-jr_sUX/openjdk-8-8u131-b11/src/hotspot/src/share/vm/prims/jni.cpp, line 709]
Event: 9.817 Thread 0x095dd000 Exception <a 'java/net/BindException'> (0x94373dc8) thrown at [/build/openjdk-8-jr_sUX/openjdk-8-8u131-b11/src/hotspot/src/share/vm/prims/jni.cpp, line 709]
Event: 9.823 Thread 0x095dd000 Exception <a 'java/net/BindException'> (0x94424bc8) thrown at [/build/openjdk-8-jr_sUX/openjdk-8-8u131-b11/src/hotspot/src/share/vm/prims/jni.cpp, line 709]
Event: 9.830 Thread 0x095dd000 Exception <a 'java/net/BindException'> (0x94469d30) thrown at [/build/openjdk-8-jr_sUX/openjdk-8-8u131-b11/src/hotspot/src/share/vm/prims/jni.cpp, line 709]
Event: 9.837 Thread 0x095dd000 Exception <a 'java/net/BindException'> (0x944aedf8) thrown at [/build/openjdk-8-jr_sUX/openjdk-8-8u131-b11/src/hotspot/src/share/vm/prims/jni.cpp, line 709]

Events (10 events):
Event: 9.880 loading class org/apache/spark/SparkContext$$anonfun$1 done
Event: 9.880 loading class org/apache/spark/SparkContext$$anonfun$16
Event: 9.880 loading class org/apache/spark/SparkContext$$anonfun$16 done
Event: 9.882 loading class org/apache/spark/SparkContext$$anonfun$17
Event: 9.882 loading class org/apache/spark/SparkContext$$anonfun$17 done
Event: 9.882 loading class org/apache/spark/SparkContext$$anonfun$17$$anonfun$apply$3
Event: 9.882 loading class org/apache/spark/SparkContext$$anonfun$17$$anonfun$apply$3 done
Event: 9.882 loading class org/apache/spark/SparkContext$$anonfun$17$$anonfun$apply$4
Event: 9.882 loading class org/apache/spark/SparkContext$$anonfun$17$$anonfun$apply$4 done
Event: 9.885 Executing VM operation: CollectForMetadataAllocation


Dynamic libraries:
08048000-08049000 r-xp 00000000 08:05 7354193    /usr/lib/jvm/java-8-openjdk-i386/jre/bin/java
08049000-0804a000 r--p 00000000 08:05 7354193    /usr/lib/jvm/java-8-openjdk-i386/jre/bin/java
0804a000-0804b000 rw-p 00001000 08:05 7354193    /usr/lib/jvm/java-8-openjdk-i386/jre/bin/java
095cc000-09642000 rw-p 00000000 00:00 0          [heap]
5f6bc000-5f6bf000 ---p 00000000 00:00 0 
5f6bf000-5f70d000 rw-p 00000000 00:00 0 
5f70d000-5f710000 ---p 00000000 00:00 0 
5f710000-5f75e000 rw-p 00000000 00:00 0 
5f75e000-5f761000 ---p 00000000 00:00 0 
5f761000-5f7af000 rw-p 00000000 00:00 0 
5f7af000-5f7b2000 ---p 00000000 00:00 0 
5f7b2000-5f800000 rw-p 00000000 00:00 0 
5f800000-5f863000 rw-p 00000000 00:00 0 
5f863000-5f900000 ---p 00000000 00:00 0 
5f90d000-5f910000 ---p 00000000 00:00 0 
5f910000-5f95e000 rw-p 00000000 00:00 0 
5f95e000-5f961000 ---p 00000000 00:00 0 
5f961000-5f9af000 rw-p 00000000 00:00 0 
5f9af000-5f9b2000 ---p 00000000 00:00 0 
5f9b2000-5faba000 rw-p 00000000 00:00 0 
5faba000-5fb00000 ---p 00000000 00:00 0 
5fb00000-5fbaa000 rw-p 00000000 00:00 0 
5fbaa000-5fc00000 ---p 00000000 00:00 0 
5fc27000-5fc2a000 ---p 00000000 00:00 0 
5fc2a000-5fc78000 rw-p 00000000 00:00 0 
5fc78000-5fc7b000 ---p 00000000 00:00 0 
5fc7b000-5fdc9000 rw-p 00000000 00:00 0 
5fdc9000-5fdcc000 ---p 00000000 00:00 0 
5fdcc000-5fe1a000 rw-p 00000000 00:00 0 
5fe1a000-5fe1d000 ---p 00000000 00:00 0 
5fe1d000-5fe6b000 rw-p 00000000 00:00 0 
5fe6b000-5fe6e000 ---p 00000000 00:00 0 
5fe6e000-5febc000 rw-p 00000000 00:00 0 
5febc000-5febf000 ---p 00000000 00:00 0 
5febf000-5ff0d000 rw-p 00000000 00:00 0 
5ff0d000-5ff10000 ---p 00000000 00:00 0 
5ff10000-5ff5e000 rw-p 00000000 00:00 0 
5ff5e000-5ff61000 ---p 00000000 00:00 0 
5ff61000-5ffaf000 rw-p 00000000 00:00 0 
5ffaf000-5ffb2000 ---p 00000000 00:00 0 
5ffb2000-60000000 rw-p 00000000 00:00 0 
60000000-600fd000 rw-p 00000000 00:00 0 
600fd000-60100000 ---p 00000000 00:00 0 
60100000-60200000 rw-p 00000000 00:00 0 
60200000-60300000 rw-p 00000000 00:00 0 
60300000-603fc000 rw-p 00000000 00:00 0 
603fc000-60400000 ---p 00000000 00:00 0 
6040d000-60410000 ---p 00000000 00:00 0 
60410000-6045e000 rw-p 00000000 00:00 0 
6045e000-60461000 ---p 00000000 00:00 0 
60461000-605af000 rw-p 00000000 00:00 0 
605af000-605b2000 ---p 00000000 00:00 0 
605b2000-60700000 rw-p 00000000 00:00 0 
60700000-607f8000 rw-p 00000000 00:00 0 
607f8000-60800000 ---p 00000000 00:00 0 
6080d000-60810000 ---p 00000000 00:00 0 
60810000-6085e000 rw-p 00000000 00:00 0 
6085e000-60861000 ---p 00000000 00:00 0 
60861000-609af000 rw-p 00000000 00:00 0 
609af000-609b2000 ---p 00000000 00:00 0 
609b2000-60a00000 rw-p 00000000 00:00 0 
60a00000-60a3b000 rw-p 00000000 00:00 0 
60a3b000-60b00000 ---p 00000000 00:00 0 
60b00000-60bed000 rw-p 00000000 00:00 0 
60bed000-60c00000 ---p 00000000 00:00 0 
60c00000-60d00000 rw-p 00000000 00:00 0 
60d00000-60e00000 rw-p 00000000 00:00 0 
60e00000-60efd000 rw-p 00000000 00:00 0 
60efd000-60f00000 ---p 00000000 00:00 0 
60f0d000-60f1e000 r-xp 00000000 08:05 7219454    /usr/lib/jvm/java-8-openjdk-i386/jre/lib/i386/libnio.so
60f1e000-60f1f000 r--p 00010000 08:05 7219454    /usr/lib/jvm/java-8-openjdk-i386/jre/lib/i386/libnio.so
60f1f000-60f20000 rw-p 00011000 08:05 7219454    /usr/lib/jvm/java-8-openjdk-i386/jre/lib/i386/libnio.so
60f20000-60f33000 r--s 00346000 08:05 7219458    /usr/lib/jvm/java-8-openjdk-i386/jre/lib/resources.jar
60f33000-60f36000 ---p 00000000 00:00 0 
60f36000-6104c000 rw-p 00000000 00:00 0 
6104c000-6104f000 ---p 00000000 00:00 0 
6104f000-6119d000 rw-p 00000000 00:00 0 
6119d000-611a0000 ---p 00000000 00:00 0 
611a0000-611ee000 rw-p 00000000 00:00 0 
611ee000-611f1000 ---p 00000000 00:00 0 
611f1000-61500000 rw-p 00000000 00:00 0 
61500000-615f7000 rw-p 00000000 00:00 0 
615f7000-61600000 ---p 00000000 00:00 0 
61600000-61700000 rw-p 00000000 00:00 0 
61700000-617d3000 rw-p 00000000 00:00 0 
617d3000-61800000 ---p 00000000 00:00 0 
61808000-6180d000 r--s 0009a000 08:05 7219459    /usr/lib/jvm/java-8-openjdk-i386/jre/lib/jsse.jar
6180d000-61816000 r-xp 00000000 08:05 7219424    /usr/lib/jvm/java-8-openjdk-i386/jre/lib/i386/libmanagement.so
61816000-61817000 r--p 00008000 08:05 7219424    /usr/lib/jvm/java-8-openjdk-i386/jre/lib/i386/libmanagement.so
61817000-61818000 rw-p 00009000 08:05 7219424    /usr/lib/jvm/java-8-openjdk-i386/jre/lib/i386/libmanagement.so
61818000-6182e000 r-xp 00000000 08:05 7219442    /usr/lib/jvm/java-8-openjdk-i386/jre/lib/i386/libnet.so
6182e000-6182f000 r--p 00015000 08:05 7219442    /usr/lib/jvm/java-8-openjdk-i386/jre/lib/i386/libnet.so
6182f000-61830000 rw-p 00016000 08:05 7219442    /usr/lib/jvm/java-8-openjdk-i386/jre/lib/i386/libnet.so
61830000-61900000 r--s 00cf0000 08:05 7626706    /home/saksham_ubuntu/spark-2.1.1-bin-hadoop2.7/jars/breeze_2.11-0.12.jar
61900000-61a00000 rw-p 00000000 00:00 0 
61a02000-61a03000 r-xp 00000000 08:05 7219446    /usr/lib/jvm/java-8-openjdk-i386/jre/lib/i386/libjaas_unix.so
61a03000-61a04000 r--p 00000000 08:05 7219446    /usr/lib/jvm/java-8-openjdk-i386/jre/lib/i386/libjaas_unix.so
61a04000-61a05000 rw-p 00001000 08:05 7219446    /usr/lib/jvm/java-8-openjdk-i386/jre/lib/i386/libjaas_unix.so
61a05000-61a13000 r--s 000b1000 08:05 7626823    /home/saksham_ubuntu/spark-2.1.1-bin-hadoop2.7/jars/jackson-mapper-asl-1.9.13.jar
61a13000-61a15000 r--s 0000f000 08:05 7626826    /home/saksham_ubuntu/spark-2.1.1-bin-hadoop2.7/jars/spark-launcher_2.11-2.1.1.jar
61a15000-61a39000 r--s 001cd000 08:05 7626892    /home/saksham_ubuntu/spark-2.1.1-bin-hadoop2.7/jars/commons-math3-3.4.1.jar
61a39000-61a3f000 r--s 00028000 08:05 7626814    /home/saksham_ubuntu/spark-2.1.1-bin-hadoop2.7/jars/curator-framework-2.6.0.jar
61a3f000-61a42000 r--s 00009000 08:05 7626820    /home/saksham_ubuntu/spark-2.1.1-bin-hadoop2.7/jars/jackson-annotations-2.6.5.jar
61a42000-61a46000 r--s 00030000 08:05 7626698    /home/saksham_ubuntu/spark-2.1.1-bin-hadoop2.7/jars/commons-net-2.2.jar
61a46000-61a67000 rw-p 00000000 00:00 0 
61a67000-61a6b000 r--s 00020000 08:05 7626789    /home/saksham_ubuntu/spark-2.1.1-bin-hadoop2.7/jars/commons-digester-1.8.jar
61a6b000-61a72000 r--s 00058000 08:05 7626758    /home/saksham_ubuntu/spark-2.1.1-bin-hadoop2.7/jars/hadoop-yarn-server-common-2.7.3.jar
61a72000-61a75000 r--s 0002f000 08:05 7626712    /home/saksham_ubuntu/spark-2.1.1-bin-hadoop2.7/jars/RoaringBitmap-0.5.11.jar
61a75000-61a77000 r--s 00003000 08:05 7626863    /home/saksham_ubuntu/spark-2.1.1-bin-hadoop2.7/jars/JavaEWAH-0.3.2.jar
61a77000-61a78000 r--s 00009000 08:05 7626882    /home/saksham_ubuntu/spark-2.1.1-bin-hadoop2.7/jars/slf4j-api-1.7.16.jar
61a78000-61a7e000 r--s 00040000 08:05 7626778    /home/saksham_ubuntu/spark-2.1.1-bin-hadoop2.7/jars/parquet-encoding-1.8.1.jar
61a7e000-61a80000 r--s 0000e000 08:05 7626829    /home/saksham_ubuntu/spark-2.1.1-bin-hadoop2.7/jars/spark-repl_2.11-2.1.1.jar
61a80000-61a82000 r--s 00014000 08:05 7626786    /home/saksham_ubuntu/spark-2.1.1-bin-hadoop2.7/jars/spire-macros_2.11-0.7.4.jar
61a82000-61a8d000 r--s 000b0000 08:05 7626800    /home/saksham_ubuntu/spark-2.1.1-bin-hadoop2.7/jars/jtransforms-2.4.0.jar
61a8d000-61a90000 r--s 00022000 08:05 7626858    /home/saksham_ubuntu/spark-2.1.1-bin-hadoop2.7/jars/stringtemplate-3.2.1.jar
61a90000-61a98000 r--s 00078000 08:05 7626857    /home/saksham_ubuntu/spark-2.1.1-bin-hadoop2.7/jars/mail-1.4.7.jar
61a98000-61abf000 r--s 0020f000 08:05 7626795    /home/saksham_ubuntu/spark-2.1.1-bin-hadoop2.7/jars/netty-all-4.0.42.Final.jar
61abf000-61ac4000 r--s 0004e000 08:05 7626731    /home/saksham_ubuntu/spark-2.1.1-bin-hadoop2.7/jars/datanucleus-api-jdo-3.2.6.jar
61ac4000-61ac6000 r--s 00003000 08:05 7626802    /home/saksham_ubuntu/spark-2.1.1-bin-hadoop2.7/jars/jcl-over-slf4j-1.7.16.jar
61ac6000-61ac8000 r--s 00009000 08:05 7626827    /home/saksham_ubuntu/spark-2.1.1-bin-hadoop2.7/jars/jackson-module-paranamer-2.6.5.jar
61ac8000-61ad0000 r--s 00066000 08:05 7626801    /home/saksham_ubuntu/spark-2.1.1-bin-hadoop2.7/jars/apache-log4j-extras-1.2.17.jar
61ad0000-61ad4000 r--s 00014000 08:05 7626893    /home/saksham_ubuntu/spark-2.1.1-bin-hadoop2.7/jars/xz-1.0.jar
61ad4000-61b00000 r--s 001c9000 08:05 7626850    /home/saksham_ubuntu/spark-2.1.1-bin-hadoop2.7/jars/shapeless_2.11-2.0.0.jar
61b00000-61bff000 rw-p 00000000 00:00 0 
61bff000-61c00000 ---p 00000000 00:00 0 
61c00000-61cfa000 rw-p 00000000 00:00 0 
61cfa000-61d00000 ---p 00000000 00:00 0 
61d00000-61d01000 r--s 00004000 08:05 7626780    /home/saksham_ubuntu/spark-2.1.1-bin-hadoop2.7/jars/eigenbase-properties-1.1.5.jar
61d01000-61d05000 r--s 00035000 08:05 7626746    /home/saksham_ubuntu/spark-2.1.1-bin-hadoop2.7/jars/jackson-core-asl-1.9.13.jar
61d05000-61d07000 r--s 0000a000 08:05 7626761    /home/saksham_ubuntu/spark-2.1.1-bin-hadoop2.7/jars/spark-unsafe_2.11-2.1.1.jar
61d07000-61d11000 r--s 00086000 08:05 7626787    /home/saksham_ubuntu/spark-2.1.1-bin-hadoop2.7/jars/json4s-core_2.11-3.2.11.jar
61d11000-61d1e000 r--s 000b1000 08:05 7626711    /home/saksham_ubuntu/spark-2.1.1-bin-hadoop2.7/jars/hadoop-mapreduce-client-common-2.7.3.jar
61d1e000-61d9f000 r--s 005d9000 08:05 7626815    /home/saksham_ubuntu/spark-2.1.1-bin-hadoop2.7/jars/spark-sql_2.11-2.1.1.jar
61d9f000-61da1000 r--s 00002000 08:05 7626755    /home/saksham_ubuntu/spark-2.1.1-bin-hadoop2.7/jars/aopalliance-repackaged-2.4.0-b34.jar
61da1000-61da6000 r--s 00068000 08:05 7626843    /home/saksham_ubuntu/spark-2.1.1-bin-hadoop2.7/jars/antlr-2.7.7.jar
61da6000-61da8000 r--s 00005000 08:05 7626810    /home/saksham_ubuntu/spark-2.1.1-bin-hadoop2.7/jars/stax-api-1.0.1.jar
61da8000-61dc9000 r--s 0019b000 08:05 7626848    /home/saksham_ubuntu/spark-2.1.1-bin-hadoop2.7/jars/spark-hive-thriftserver_2.11-2.1.1.jar
61dc9000-61dd9000 r--s 000a0000 08:05 7626748    /home/saksham_ubuntu/spark-2.1.1-bin-hadoop2.7/jars/spark-yarn_2.11-2.1.1.jar
61dd9000-61ddb000 r--s 00017000 08:05 7626756    /home/saksham_ubuntu/spark-2.1.1-bin-hadoop2.7/jars/hive-jdbc-1.2.1.spark2.jar
61ddb000-61dde000 r--s 0001a000 08:05 7626871    /home/saksham_ubuntu/spark-2.1.1-bin-hadoop2.7/jars/py4j-0.10.4.jar
61dde000-61de4000 r--s 00044000 08:05 7626832    /home/saksham_ubuntu/spark-2.1.1-bin-hadoop2.7/jars/antlr4-runtime-4.5.3.jar
61de4000-61de7000 r--s 00015000 08:05 7626699    /home/saksham_ubuntu/spark-2.1.1-bin-hadoop2.7/jars/javax.servlet-api-3.1.0.jar
61de7000-61dec000 r--s 00031000 08:05 7626813    /home/saksham_ubuntu/spark-2.1.1-bin-hadoop2.7/jars/parquet-hadoop-1.8.1.jar
61dec000-61df5000 r--s 00097000 08:05 7626874    /home/saksham_ubuntu/spark-2.1.1-bin-hadoop2.7/jars/pmml-model-1.2.15.jar
61df5000-61e00000 r--s 0005d000 08:05 7626890    /home/saksham_ubuntu/spark-2.1.1-bin-hadoop2.7/jars/scala-parser-combinators_2.11-1.0.4.jar
61e00000-61f00000 rw-p 00000000 00:00 0 
61f00000-61f01000 r--s 00002000 08:05 7626768    /home/saksham_ubuntu/spark-2.1.1-bin-hadoop2.7/jars/slf4j-log4j12-1.7.16.jar
61f01000-61f02000 r--s 00001000 08:05 7626770    /home/saksham_ubuntu/spark-2.1.1-bin-hadoop2.7/jars/pmml-schema-1.2.15.jar
61f02000-61f03000 r--s 00004000 08:05 7626903    /home/saksham_ubuntu/spark-2.1.1-bin-hadoop2.7/jars/osgi-resource-locator-1.0.1.jar
61f03000-61f07000 r--s 00018000 08:05 7626733    /home/saksham_ubuntu/spark-2.1.1-bin-hadoop2.7/jars/metrics-core-3.1.2.jar
61f07000-61f09000 r--s 0000b000 08:05 7626877    /home/saksham_ubuntu/spark-2.1.1-bin-hadoop2.7/jars/chill-java-0.8.0.jar
61f09000-61f22000 r--s 00164000 08:05 7626807    /home/saksham_ubuntu/spark-2.1.1-bin-hadoop2.7/jars/hadoop-mapreduce-client-core-2.7.3.jar
61f22000-61f34000 r--s 000b3000 08:05 7626866    /home/saksham_ubuntu/spark-2.1.1-bin-hadoop2.7/jars/scalap-2.11.8.jar
61f34000-61f3e000 r--s 000aa000 08:05 7626831    /home/saksham_ubuntu/spark-2.1.1-bin-hadoop2.7/jars/janino-3.0.0.jar
61f3e000-61f54000 r--s 001a4000 08:05 7626762    /home/saksham_ubuntu/spark-2.1.1-bin-hadoop2.7/jars/datanucleus-rdbms-3.2.9.jar
61f54000-61f59000 r--s 00041000 08:05 7626809    /home/saksham_ubuntu/spark-2.1.1-bin-hadoop2.7/jars/commons-lang-2.6.jar
61f59000-61f6f000 r--s 000d1000 08:05 7626734    /home/saksham_ubuntu/spark-2.1.1-bin-hadoop2.7/jars/parquet-column-1.8.1.jar
61f6f000-61f71000 r--s 0000e000 08:05 7626702    /home/saksham_ubuntu/spark-2.1.1-bin-hadoop2.7/jars/oro-2.0.8.jar
61f71000-61f72000 r--s 00003000 08:05 7626864    /home/saksham_ubuntu/spark-2.1.1-bin-hadoop2.7/jars/metrics-json-3.1.2.jar
61f72000-61f77000 r--s 00027000 08:05 7626898    /home/saksham_ubuntu/spark-2.1.1-bin-hadoop2.7/jars/hk2-api-2.4.0-b34.jar
61f77000-61f79000 r--s 00010000 08:05 7626821    /home/saksham_ubuntu/spark-2.1.1-bin-hadoop2.7/jars/jersey-media-jaxb-2.22.2.jar
61f79000-61f7b000 r--s 00009000 08:05 7626876    /home/saksham_ubuntu/spark-2.1.1-bin-hadoop2.7/jars/commons-cli-1.2.jar
61f7b000-61f7d000 r--s 00100000 08:05 7626879    /home/saksham_ubuntu/spark-2.1.1-bin-hadoop2.7/jars/snappy-java-1.1.2.6.jar
61f7d000-61f7e000 r--s 00009000 08:05 7626700    /home/saksham_ubuntu/spark-2.1.1-bin-hadoop2.7/jars/hadoop-annotations-2.7.3.jar
61f7e000-61f96000 r--s 00115000 08:05 7626861    /home/saksham_ubuntu/spark-2.1.1-bin-hadoop2.7/jars/netty-3.8.0.Final.jar
61f96000-61f9a000 r--s 00029000 08:05 7626714    /home/saksham_ubuntu/spark-2.1.1-bin-hadoop2.7/jars/breeze-macros_2.11-0.12.jar
61f9a000-61f9c000 r--s 00006000 08:05 7626727    /home/saksham_ubuntu/spark-2.1.1-bin-hadoop2.7/jars/spark-sketch_2.11-2.1.1.jar
61f9c000-61fa2000 r--s 00043000 08:05 7626895    /home/saksham_ubuntu/spark-2.1.1-bin-hadoop2.7/jars/commons-configuration-1.6.jar
61fa2000-61fa4000 r--s 00015000 08:05 7626713    /home/saksham_ubuntu/spark-2.1.1-bin-hadoop2.7/jars/hadoop-auth-2.7.3.jar
61fa4000-6207c000 r--s 00a88000 08:05 7626709    /home/saksham_ubuntu/spark-2.1.1-bin-hadoop2.7/jars/spark-core_2.11-2.1.1.jar
6207c000-62092000 r--s 00124000 08:05 7626870    /home/saksham_ubuntu/spark-2.1.1-bin-hadoop2.7/jars/ivy-2.4.0.jar
62092000-6209b000 r--s 0006f000 08:05 7626793    /home/saksham_ubuntu/spark-2.1.1-bin-hadoop2.7/jars/log4j-1.2.17.jar
6209b000-620f4000 r--s 00522000 08:05 7626902    /home/saksham_ubuntu/spark-2.1.1-bin-hadoop2.7/jars/scala-library-2.11.8.jar
620f4000-62200000 r--s 00dba000 08:05 7626896    /home/saksham_ubuntu/spark-2.1.1-bin-hadoop2.7/jars/scala-compiler-2.11.8.jar
62200000-622f6000 rw-p 00000000 00:00 0 
622f6000-62300000 ---p 00000000 00:00 0 
62300000-62301000 r--s 00006000 08:05 7626840    /home/saksham_ubuntu/spark-2.1.1-bin-hadoop2.7/jars/jackson-xc-1.9.13.jar
62301000-62302000 r--s 00009000 08:05 7626867    /home/saksham_ubuntu/spark-2.1.1-bin-hadoop2.7/jars/hive-cli-1.2.1.spark2.jar
62302000-62304000 r--s 00003000 08:05 7626719    /home/saksham_ubuntu/spark-2.1.1-bin-hadoop2.7/jars/jersey-container-servlet-2.22.2.jar
62304000-62306000 r--s 00003000 08:05 7626880    /home/saksham_ubuntu/spark-2.1.1-bin-hadoop2.7/jars/base64-2.3.8.jar
62306000-62308000 r--s 00000000 08:05 7626873    /home/saksham_ubuntu/spark-2.1.1-bin-hadoop2.7/jars/jul-to-slf4j-1.7.16.jar
62308000-6230a000 r--s 00012000 08:05 7626855    /home/saksham_ubuntu/spark-2.1.1-bin-hadoop2.7/jars/api-util-1.0.0-M20.jar
6230a000-6230b000 r--s 00003000 08:05 7626743    /home/saksham_ubuntu/spark-2.1.1-bin-hadoop2.7/jars/xmlenc-0.52.jar
6230b000-6231a000 r--s 0009f000 08:05 7626803    /home/saksham_ubuntu/spark-2.1.1-bin-hadoop2.7/jars/guice-3.0.jar
6231a000-6231b000 r--s 00004000 08:05 7626785    /home/saksham_ubuntu/spark-2.1.1-bin-hadoop2.7/jars/opencsv-2.3.jar
6231b000-62328000 r--s 000a7000 08:05 7626776    /home/saksham_ubuntu/spark-2.1.1-bin-hadoop2.7/jars/httpclient-4.5.2.jar
62328000-6234c000 rw-p 00000000 00:00 0 
6234c000-6235d000 r--s 0010d000 08:05 7626783    /home/saksham_ubuntu/spark-2.1.1-bin-hadoop2.7/jars/jackson-databind-2.6.5.jar
6235d000-6239d000 r--s 00277000 08:05 7626836    /home/saksham_ubuntu/spark-2.1.1-bin-hadoop2.7/jars/bcprov-jdk15on-1.51.jar
6239d000-62400000 r--s 004de000 08:05 7626788    /home/saksham_ubuntu/spark-2.1.1-bin-hadoop2.7/jars/hive-metastore-1.2.1.spark2.jar
62400000-624f9000 rw-p 00000000 00:00 0 
624f9000-62500000 ---p 00000000 00:00 0 
62500000-62503000 r--s 0000e000 08:05 7626724    /home/saksham_ubuntu/spark-2.1.1-bin-hadoop2.7/jars/jersey-container-servlet-core-2.22.2.jar
62503000-62505000 r--s 00010000 08:05 7626771    /home/saksham_ubuntu/spark-2.1.1-bin-hadoop2.7/jars/hadoop-mapreduce-client-shuffle-2.7.3.jar
62505000-6250d000 r--s 00059000 08:05 7626760    /home/saksham_ubuntu/spark-2.1.1-bin-hadoop2.7/jars/javolution-5.5.1.jar
6250d000-62514000 r--s 00051000 08:05 7626708    /home/saksham_ubuntu/spark-2.1.1-bin-hadoop2.7/jars/kryo-shaded-3.0.3.jar
62514000-62518000 r--s 00028000 08:05 7626757    /home/saksham_ubuntu/spark-2.1.1-bin-hadoop2.7/jars/spark-mllib-local_2.11-2.1.1.jar
62518000-6251a000 r--s 0000f000 08:05 7626716    /home/saksham_ubuntu/spark-2.1.1-bin-hadoop2.7/jars/activation-1.1.1.jar
6251a000-6251c000 r--s 00027000 08:05 7626842    /home/saksham_ubuntu/spark-2.1.1-bin-hadoop2.7/jars/core-1.1.2.jar
6251c000-62523000 r--s 0007d000 08:05 7626791    /home/saksham_ubuntu/spark-2.1.1-bin-hadoop2.7/jars/jetty-6.1.26.jar
62523000-62526000 r--s 00015000 08:05 7626792    /home/saksham_ubuntu/spark-2.1.1-bin-hadoop2.7/jars/pyrolite-4.13.jar
62526000-62528000 r--s 00004000 08:05 7626839    /home/saksham_ubuntu/spark-2.1.1-bin-hadoop2.7/jars/metrics-graphite-3.1.2.jar
62528000-6252b000 r--s 00006000 08:05 7626790    /home/saksham_ubuntu/spark-2.1.1-bin-hadoop2.7/jars/jsr305-1.3.9.jar
6252b000-62548000 r--s 001d5000 08:05 7626897    /home/saksham_ubuntu/spark-2.1.1-bin-hadoop2.7/jars/hadoop-yarn-api-2.7.3.jar
62548000-62556000 r--s 00078000 08:05 7626825    /home/saksham_ubuntu/spark-2.1.1-bin-hadoop2.7/jars/spark-mesos_2.11-2.1.1.jar
62556000-62557000 r--s 00000000 08:05 7626749    /home/saksham_ubuntu/spark-2.1.1-bin-hadoop2.7/jars/javax.inject-1.jar
62557000-6255a000 r--s 00014000 08:05 7626830    /home/saksham_ubuntu/spark-2.1.1-bin-hadoop2.7/jars/super-csv-2.2.0.jar
6255a000-62561000 r--s 0005d000 08:05 7626845    /home/saksham_ubuntu/spark-2.1.1-bin-hadoop2.7/jars/mx4j-3.0.2.jar
62561000-62568000 r--s 00049000 08:05 7626805    /home/saksham_ubuntu/spark-2.1.1-bin-hadoop2.7/jars/httpcore-4.4.4.jar
62568000-6256f000 r--s 00046000 08:05 7626849    /home/saksham_ubuntu/spark-2.1.1-bin-hadoop2.7/jars/libfb303-0.9.3.jar
6256f000-62574000 r--s 00032000 08:05 7626901    /home/saksham_ubuntu/spark-2.1.1-bin-hadoop2.7/jars/chill_2.11-0.8.0.jar
62574000-62581000 r--s 00071000 08:05 7626869    /home/saksham_ubuntu/spark-2.1.1-bin-hadoop2.7/jars/jackson-module-scala_2.11-2.6.5.jar
62581000-62586000 r--s 0002a000 08:05 7626804    /home/saksham_ubuntu/spark-2.1.1-bin-hadoop2.7/jars/gson-2.2.4.jar
62586000-62587000 r--s 00003000 08:05 7626739    /home/saksham_ubuntu/spark-2.1.1-bin-hadoop2.7/jars/spark-tags_2.11-2.1.1.jar
62587000-6258b000 r--s 0002a000 08:05 7626816    /home/saksham_ubuntu/spark-2.1.1-bin-hadoop2.7/jars/commons-io-2.4.jar
6258b000-625b8000 r--s 001d4000 08:05 7626900    /home/saksham_ubuntu/spark-2.1.1-bin-hadoop2.7/jars/spark-streaming_2.11-2.1.1.jar
625b8000-625d0000 r--s 00115000 08:05 7626703    /home/saksham_ubuntu/spark-2.1.1-bin-hadoop2.7/jars/xercesImpl-2.9.1.jar
625d0000-625d6000 r--s 00045000 08:05 7626754    /home/saksham_ubuntu/spark-2.1.1-bin-hadoop2.7/jars/commons-httpclient-3.1.jar
625d6000-625d9000 r--s 00017000 08:05 7626852    /home/saksham_ubuntu/spark-2.1.1-bin-hadoop2.7/jars/jaxb-api-2.2.2.jar
625d9000-625dd000 r--s 0001a000 08:05 7626728    /home/saksham_ubuntu/spark-2.1.1-bin-hadoop2.7/jars/hk2-utils-2.4.0-b34.jar
625dd000-625df000 r--s 0000e000 08:05 7626846    /home/saksham_ubuntu/spark-2.1.1-bin-hadoop2.7/jars/commons-logging-1.1.3.jar
625df000-625f6000 r--s 00183000 08:05 7626822    /home/saksham_ubuntu/spark-2.1.1-bin-hadoop2.7/jars/hadoop-yarn-common-2.7.3.jar
625f6000-625f8000 r--s 0000d000 08:05 7626794    /home/saksham_ubuntu/spark-2.1.1-bin-hadoop2.7/jars/hadoop-yarn-server-web-proxy-2.7.3.jar
625f8000-6262f000 r--s 00325000 08:05 7626854    /home/saksham_ubuntu/spark-2.1.1-bin-hadoop2.7/jars/calcite-core-1.2.0-incubating.jar
6262f000-62636000 r--s 00049000 08:05 7626889    /home/saksham_ubuntu/spark-2.1.1-bin-hadoop2.7/jars/univocity-parsers-2.2.1.jar
62636000-6265f000 r--s 001ee000 08:05 7626899    /home/saksham_ubuntu/spark-2.1.1-bin-hadoop2.7/jars/guava-14.0.1.jar
6265f000-62663000 r--s 00036000 08:05 7626888    /home/saksham_ubuntu/spark-2.1.1-bin-hadoop2.7/jars/ST4-4.0.4.jar
62663000-62668000 r--s 00036000 08:05 7626723    /home/saksham_ubuntu/spark-2.1.1-bin-hadoop2.7/jars/commons-compress-1.4.1.jar
62668000-62683000 r--s 001d8000 08:05 7626721    /home/saksham_ubuntu/spark-2.1.1-bin-hadoop2.7/jars/jets3t-0.9.3.jar
62683000-62694000 r--s 00089000 08:05 7626772    /home/saksham_ubuntu/spark-2.1.1-bin-hadoop2.7/jars/joda-time-2.9.3.jar
62694000-62696000 r--s 00009000 08:05 7626885    /home/saksham_ubuntu/spark-2.1.1-bin-hadoop2.7/jars/objenesis-2.1.jar
62696000-626a4000 r--s 0009d000 08:05 7626763    /home/saksham_ubuntu/spark-2.1.1-bin-hadoop2.7/jars/jersey-common-2.22.2.jar
626a4000-626a8000 r--s 0002c000 08:05 7626817    /home/saksham_ubuntu/spark-2.1.1-bin-hadoop2.7/jars/avro-ipc-1.7.7.jar
626a8000-626aa000 r--s 0000f000 08:05 7626784    /home/saksham_ubuntu/spark-2.1.1-bin-hadoop2.7/jars/curator-client-2.6.0.jar
626aa000-626b4000 r--s 0007b000 08:05 7626884    /home/saksham_ubuntu/spark-2.1.1-bin-hadoop2.7/jars/hadoop-mapreduce-client-app-2.7.3.jar
626b4000-62700000 r--s 00411000 08:05 7626894    /home/saksham_ubuntu/spark-2.1.1-bin-hadoop2.7/jars/scala-reflect-2.11.8.jar
62700000-627fa000 rw-p 00000000 00:00 0 
627fa000-62800000 ---p 00000000 00:00 0 
62800000-62801000 r--s 00008000 08:05 7626881    /home/saksham_ubuntu/spark-2.1.1-bin-hadoop2.7/jars/commons-compiler-3.0.0.jar
62801000-62835000 r--s 00277000 08:05 7626741    /home/saksham_ubuntu/spark-2.1.1-bin-hadoop2.7/jars/parquet-hadoop-bundle-1.6.0.jar
62835000-62837000 r--s 00005000 08:05 7626812    /home/saksham_ubuntu/spark-2.1.1-bin-hadoop2.7/jars/javax.annotation-api-1.2.jar
62837000-62839000 r--s 0001f000 08:05 7626862    /home/saksham_ubuntu/spark-2.1.1-bin-hadoop2.7/jars/commons-crypto-1.0.0.jar
62839000-6283b000 r--s 00038000 08:05 7626841    /home/saksham_ubuntu/spark-2.1.1-bin-hadoop2.7/jars/lz4-1.3.0.jar
6283b000-6283c000 r--s 00003000 08:05 7626717    /home/saksham_ubuntu/spark-2.1.1-bin-hadoop2.7/jars/jta-1.1.jar
6283c000-6283d000 r--s 00002000 08:05 7626735    /home/saksham_ubuntu/spark-2.1.1-bin-hadoop2.7/jars/java-xmlbuilder-1.0.jar
6283d000-6286c000 r--s 002e5000 08:05 7626883    /home/saksham_ubuntu/spark-2.1.1-bin-hadoop2.7/jars/derby-10.12.1.1.jar
6286c000-6286f000 r--s 00025000 08:05 7626767    /home/saksham_ubuntu/spark-2.1.1-bin-hadoop2.7/jars/commons-dbcp-1.4.jar
6286f000-62873000 r--s 00031000 08:05 7626732    /home/saksham_ubuntu/spark-2.1.1-bin-hadoop2.7/jars/jline-2.12.1.jar
62873000-62877000 r--s 0003c000 08:05 7626891    /home/saksham_ubuntu/spark-2.1.1-bin-hadoop2.7/jars/jackson-core-2.6.5.jar
62877000-6287a000 r--s 0000d000 08:05 7626811    /home/saksham_ubuntu/spark-2.1.1-bin-hadoop2.7/jars/spark-network-shuffle_2.11-2.1.1.jar
6287a000-628e5000 r--s 00784000 08:05 7626701    /home/saksham_ubuntu/spark-2.1.1-bin-hadoop2.7/jars/hadoop-hdfs-2.7.3.jar
628e5000-628e6000 r--s 00002000 08:05 7626833    /home/saksham_ubuntu/spark-2.1.1-bin-hadoop2.7/jars/jpam-1.1.jar
628e6000-628e8000 r--s 00012000 08:05 7626799    /home/saksham_ubuntu/spark-2.1.1-bin-hadoop2.7/jars/compress-lzf-1.0.3.jar
628e8000-628eb000 r--s 00016000 08:05 7626742    /home/saksham_ubuntu/spark-2.1.1-bin-hadoop2.7/jars/jsp-api-2.1.jar
628eb000-628ec000 r--s 00006000 08:05 7626824    /home/saksham_ubuntu/spark-2.1.1-bin-hadoop2.7/jars/hadoop-client-2.7.3.jar
628ec000-62900000 r--s 000ec000 08:05 7626705    /home/saksham_ubuntu/spark-2.1.1-bin-hadoop2.7/jars/parquet-jackson-1.8.1.jar
62900000-629fa000 rw-p 00000000 00:00 0 
629fa000-62a00000 ---p 00000000 00:00 0 
62a00000-62a04000 r--s 00029000 08:05 7626740    /home/saksham_ubuntu/spark-2.1.1-bin-hadoop2.7/jars/hk2-locator-2.4.0-b34.jar
62a04000-62a08000 r--s 00019000 08:05 7626837    /home/saksham_ubuntu/spark-2.1.1-bin-hadoop2.7/jars/javax.ws.rs-api-2.0.1.jar
62a08000-62a0c000 r--s 0000c000 08:05 7626766    /home/saksham_ubuntu/spark-2.1.1-bin-hadoop2.7/jars/validation-api-1.1.0.Final.jar
62a0c000-62a0f000 r--s 00021000 08:05 7626745    /home/saksham_ubuntu/spark-2.1.1-bin-hadoop2.7/jars/xbean-asm5-shaded-4.4.jar
62a0f000-62a19000 r--s 000a5000 08:05 7626835    /home/saksham_ubuntu/spark-2.1.1-bin-hadoop2.7/jars/javassist-3.18.1-GA.jar
62a19000-62a32000 r--s 00150000 08:05 7626775    /home/saksham_ubuntu/spark-2.1.1-bin-hadoop2.7/jars/htrace-core-3.1.0-incubating.jar
62a32000-62a54000 r--s 00335000 08:05 7626819    /home/saksham_ubuntu/spark-2.1.1-bin-hadoop2.7/jars/mesos-1.0.0-shaded-protobuf.jar
62a54000-62a59000 r--s 00028000 08:05 7626878    /home/saksham_ubuntu/spark-2.1.1-bin-hadoop2.7/jars/avro-mapred-1.7.7-hadoop2.jar
62a59000-62a60000 r--s 00058000 08:05 7626738    /home/saksham_ubuntu/spark-2.1.1-bin-hadoop2.7/jars/parquet-format-2.3.0-incubating.jar
62a60000-62a64000 r--s 00028000 08:05 7626722    /home/saksham_ubuntu/spark-2.1.1-bin-hadoop2.7/jars/jetty-util-6.1.26.jar
62a64000-62aef000 r--s 0069e000 08:05 7626782    /home/saksham_ubuntu/spark-2.1.1-bin-hadoop2.7/jars/spark-catalyst_2.11-2.1.1.jar
62aef000-62af1000 r--s 00008000 08:05 7626730    /home/saksham_ubuntu/spark-2.1.1-bin-hadoop2.7/jars/parquet-common-1.8.1.jar
62af1000-62af8000 r--s 00036000 08:05 7626773    /home/saksham_ubuntu/spark-2.1.1-bin-hadoop2.7/jars/curator-recipes-2.6.0.jar
62af8000-62afb000 r--s 00012000 08:05 7626751    /home/saksham_ubuntu/spark-2.1.1-bin-hadoop2.7/jars/json4s-ast_2.11-3.2.11.jar
62afb000-62b00000 r--s 0002a000 08:05 7626725    /home/saksham_ubuntu/spark-2.1.1-bin-hadoop2.7/jars/commons-beanutils-1.7.0.jar
62b00000-62bfc000 rw-p 00000000 00:00 0 
62bfc000-62c00000 ---p 00000000 00:00 0 
62c00000-62c06000 r--s 0002c000 08:05 7626865    /home/saksham_ubuntu/spark-2.1.1-bin-hadoop2.7/jars/jdo-api-3.0.1.jar
62c06000-62c0e000 r--s 0007b000 08:05 7626806    /home/saksham_ubuntu/spark-2.1.1-bin-hadoop2.7/jars/protobuf-java-2.5.0.jar
62c0e000-62c26000 r--s 000d6000 08:05 7626720    /home/saksham_ubuntu/spark-2.1.1-bin-hadoop2.7/jars/jersey-guava-2.22.2.jar
62c26000-62c2a000 r--s 00025000 08:05 7626887    /home/saksham_ubuntu/spark-2.1.1-bin-hadoop2.7/jars/jersey-client-2.22.2.jar
62c2a000-62c2e000 r--s 00025000 08:05 7626704    /home/saksham_ubuntu/spark-2.1.1-bin-hadoop2.7/jars/antlr-runtime-3.4.jar
62c2e000-62ca2000 r--s 00574000 08:05 7626808    /home/saksham_ubuntu/spark-2.1.1-bin-hadoop2.7/jars/spark-mllib_2.11-2.1.1.jar
62ca2000-62cba000 r--s 001b6000 08:05 7626718    /home/saksham_ubuntu/spark-2.1.1-bin-hadoop2.7/jars/datanucleus-core-3.2.10.jar
62cba000-62cc0000 r--s 00034000 08:05 7626851    /home/saksham_ubuntu/spark-2.1.1-bin-hadoop2.7/jars/libthrift-0.9.3.jar
62cc0000-62cf6000 r--s 0031c000 08:05 7626715    /home/saksham_ubuntu/spark-2.1.1-bin-hadoop2.7/jars/hadoop-common-2.7.3.jar
62cf6000-62d00000 r--s 00095000 08:05 7626797    /home/saksham_ubuntu/spark-2.1.1-bin-hadoop2.7/jars/scala-xml_2.11-1.0.2.jar
62d00000-62e00000 rw-p 00000000 00:00 0 
62e00000-62e02000 r--s 00020000 08:05 7626818    /home/saksham_ubuntu/spark-2.1.1-bin-hadoop2.7/jars/hive-beeline-1.2.1.spark2.jar
62e02000-62e03000 r--s 00009000 08:05 7626750    /home/saksham_ubuntu/spark-2.1.1-bin-hadoop2.7/jars/json4s-jackson_2.11-3.2.11.jar
62e03000-62e05000 r--s 00004000 08:05 7626736    /home/saksham_ubuntu/spark-2.1.1-bin-hadoop2.7/jars/stax-api-1.0-2.jar
62e05000-62e08000 r--s 00015000 08:05 7626769    /home/saksham_ubuntu/spark-2.1.1-bin-hadoop2.7/jars/commons-pool-1.5.4.jar
62e08000-62e09000 r--s 0000a000 08:05 7626765    /home/saksham_ubuntu/spark-2.1.1-bin-hadoop2.7/jars/apacheds-i18n-2.0.0-M15.jar
62e09000-62e22000 r--s 00114000 08:05 7626726    /home/saksham_ubuntu/spark-2.1.1-bin-hadoop2.7/jars/spark-hive_2.11-2.1.1.jar
62e22000-62ecb000 r--s 00a4f000 08:05 7626853    /home/saksham_ubuntu/spark-2.1.1-bin-hadoop2.7/jars/hive-exec-1.2.1.spark2.jar
62ecb000-62ed2000 r--s 00039000 08:05 7626796    /home/saksham_ubuntu/spark-2.1.1-bin-hadoop2.7/jars/calcite-avatica-1.2.0-incubating.jar
62ed2000-62f00000 r--s 00212000 08:05 7626781    /home/saksham_ubuntu/spark-2.1.1-bin-hadoop2.7/jars/spark-network-common_2.11-2.1.1.jar
62f00000-62ffa000 rw-p 00000000 00:00 0 
62ffa000-63000000 ---p 00000000 00:00 0 
63000000-63002000 r--s 0000e000 08:05 7626859    /home/saksham_ubuntu/spark-2.1.1-bin-hadoop2.7/jars/guice-servlet-3.0.jar
63002000-63005000 r--s 00019000 08:05 7626697    /home/saksham_ubuntu/spark-2.1.1-bin-hadoop2.7/jars/bonecp-0.8.0.RELEASE.jar
63005000-6305a000 r--s 0069c000 08:05 7626744    /home/saksham_ubuntu/spark-2.1.1-bin-hadoop2.7/jars/spire_2.11-0.7.4.jar
6305a000-6305b000 ---p 00000000 00:00 0 
6305b000-630db000 rw-p 00000000 00:00 0 
630db000-630de000 ---p 00000000 00:00 0 
630de000-6312c000 rw-p 00000000 00:00 0 
6312c000-6312f000 ---p 00000000 00:00 0 
6312f000-631ad000 rw-p 00000000 00:00 0 
631ad000-631b0000 ---p 00000000 00:00 0 
631b0000-6322e000 rw-p 00000000 00:00 0 
6322e000-63231000 ---p 00000000 00:00 0 
63231000-632af000 rw-p 00000000 00:00 0 
632af000-632b2000 ---p 00000000 00:00 0 
632b2000-63300000 rw-p 00000000 00:00 0 
63300000-63500000 r--p 00000000 08:05 6292404    /usr/lib/locale/locale-archive
63500000-635fd000 rw-p 00000000 00:00 0 
635fd000-63600000 ---p 00000000 00:00 0 
63600000-636ff000 rw-p 00000000 00:00 0 
636ff000-63700000 ---p 00000000 00:00 0 
63700000-63800000 rw-p 00000000 00:00 0 
63800000-63801000 r--s 0000b000 08:05 7626777    /home/saksham_ubuntu/spark-2.1.1-bin-hadoop2.7/jars/snappy-0.2.jar
63801000-63804000 r--s 00026000 08:05 7626844    /home/saksham_ubuntu/spark-2.1.1-bin-hadoop2.7/jars/hadoop-yarn-client-2.7.3.jar
63804000-6380a000 r--s 00063000 08:05 7626886    /home/saksham_ubuntu/spark-2.1.1-bin-hadoop2.7/jars/jodd-core-3.5.2.jar
6380a000-63813000 r--s 00062000 08:05 7626729    /home/saksham_ubuntu/spark-2.1.1-bin-hadoop2.7/jars/avro-1.7.7.jar
63813000-63816000 ---p 00000000 00:00 0 
63816000-63864000 rw-p 00000000 00:00 0 
63864000-63865000 ---p 00000000 00:00 0 
63865000-638e5000 rw-p 00000000 00:00 0 
638e5000-63ab4000 r--s 03c07000 08:05 7219410    /usr/lib/jvm/java-8-openjdk-i386/jre/lib/rt.jar
63ab4000-63efa000 rw-p 00000000 00:00 0 
63efa000-63f00000 ---p 00000000 00:00 0 
63f00000-66300000 rw-p 00000000 00:00 0 
66300000-66400000 rw-p 00000000 00:00 0 
66400000-66401000 r--s 00001000 08:05 7626875    /home/saksham_ubuntu/spark-2.1.1-bin-hadoop2.7/jars/javax.inject-2.4.0-b34.jar
66401000-66403000 r--s 00003000 08:05 7626764    /home/saksham_ubuntu/spark-2.1.1-bin-hadoop2.7/jars/api-asn1-api-1.0.0-M20.jar
66403000-66407000 r--s 0002f000 08:05 7626847    /home/saksham_ubuntu/spark-2.1.1-bin-hadoop2.7/jars/commons-beanutils-core-1.8.0.jar
66407000-66409000 r--s 00000000 08:05 7626828    /home/saksham_ubuntu/spark-2.1.1-bin-hadoop2.7/jars/aopalliance-1.0.jar
66409000-66414000 r--s 00062000 08:05 7626798    /home/saksham_ubuntu/spark-2.1.1-bin-hadoop2.7/jars/calcite-linq4j-1.2.0-incubating.jar
66414000-66426000 r--s 00112000 08:05 7626872    /home/saksham_ubuntu/spark-2.1.1-bin-hadoop2.7/jars/arpack_combined_all-0.1.jar
66426000-6642e000 r--s 0006e000 08:05 7626834    /home/saksham_ubuntu/spark-2.1.1-bin-hadoop2.7/jars/commons-lang3-3.5.jar
6642e000-66431000 ---p 00000000 00:00 0 
66431000-6647f000 rw-p 00000000 00:00 0 
6647f000-66480000 ---p 00000000 00:00 0 
66480000-66500000 rw-p 00000000 00:00 0 
66500000-665fd000 rw-p 00000000 00:00 0 
665fd000-66600000 ---p 00000000 00:00 0 
66600000-66603000 r--s 00028000 08:05 7626707    /home/saksham_ubuntu/spark-2.1.1-bin-hadoop2.7/jars/stream-2.7.0.jar
66603000-66610000 r--s 00083000 08:05 7626747    /home/saksham_ubuntu/spark-2.1.1-bin-hadoop2.7/jars/commons-collections-3.2.2.jar
66610000-6661c000 r--s 000b6000 08:05 7626868    /home/saksham_ubuntu/spark-2.1.1-bin-hadoop2.7/jars/zookeeper-3.4.6.jar
6661c000-66632000 r--s 000d3000 08:05 7626774    /home/saksham_ubuntu/spark-2.1.1-bin-hadoop2.7/jars/jersey-server-2.22.2.jar
66632000-6667f000 rw-p 00000000 00:00 0 
6667f000-66680000 ---p 00000000 00:00 0 
66680000-66700000 rw-p 00000000 00:00 0 
66700000-66721000 rw-p 00000000 00:00 0 
66721000-66800000 ---p 00000000 00:00 0 
66800000-66802000 r--s 0000e000 08:05 7626838    /home/saksham_ubuntu/spark-2.1.1-bin-hadoop2.7/jars/hadoop-mapreduce-client-jobclient-2.7.3.jar
66802000-66803000 r--s 00001000 08:05 7626759    /home/saksham_ubuntu/spark-2.1.1-bin-hadoop2.7/jars/minlog-1.3.0.jar
66803000-66805000 r--s 00008000 08:05 7626710    /home/saksham_ubuntu/spark-2.1.1-bin-hadoop2.7/jars/metrics-jvm-3.1.2.jar
66805000-66812000 r--s 0009e000 08:05 7626860    /home/saksham_ubuntu/spark-2.1.1-bin-hadoop2.7/jars/spark-graphx_2.11-2.1.1.jar
66812000-66824000 r--s 00097000 08:05 7626856    /home/saksham_ubuntu/spark-2.1.1-bin-hadoop2.7/jars/apacheds-kerberos-codec-2.0.0-M15.jar
66824000-6687f000 rw-p 00000000 00:00 0 
6687f000-66880000 ---p 00000000 00:00 0 
66880000-66900000 rw-p 00000000 00:00 0 
66900000-66921000 rw-p 00000000 00:00 0 
66921000-66a00000 ---p 00000000 00:00 0 
66a00000-66a02000 r--s 00006000 08:05 7626737    /home/saksham_ubuntu/spark-2.1.1-bin-hadoop2.7/jars/paranamer-2.3.jar
66a02000-66a09000 r--s 0003f000 08:05 7626752    /home/saksham_ubuntu/spark-2.1.1-bin-hadoop2.7/jars/commons-codec-1.10.jar
66a09000-66a0d000 r--s 00037000 08:05 7219397    /usr/lib/jvm/java-8-openjdk-i386/jre/lib/ext/sunpkcs11.jar
66a0d000-66a28000 r--s 001d6000 08:05 7219404    /usr/lib/jvm/java-8-openjdk-i386/jre/lib/ext/nashorn.jar
66a28000-66a29000 ---p 00000000 00:00 0 
66a29000-66abf000 rw-p 00000000 00:00 0 
66abf000-66bff000 ---p 00000000 00:00 0 
66bff000-66c15000 rw-p 00000000 00:00 0 
66c15000-66d54000 ---p 00000000 00:00 0 
66d54000-66d7b000 rw-p 00000000 00:00 0 
66d7b000-66dff000 ---p 00000000 00:00 0 
66dff000-698c0000 rw-p 00000000 00:00 0 
698c0000-918c0000 ---p 00000000 00:00 0 
918c0000-96440000 rw-p 00000000 00:00 0 
9a5c0000-a6e00000 ---p 00000000 00:00 0 
a6e00000-a6e03000 r--s 000fd000 08:05 7626753    /home/saksham_ubuntu/spark-2.1.1-bin-hadoop2.7/jars/leveldbjni-all-1.8.jar
a6e03000-a6e1e000 r--s 00394000 08:05 7219402    /usr/lib/jvm/java-8-openjdk-i386/jre/lib/ext/cldrdata.jar
a6e1e000-a6e28000 r--s 00116000 08:05 7219403    /usr/lib/jvm/java-8-openjdk-i386/jre/lib/ext/localedata.jar
a6e28000-a6e50000 rw-p 00000000 00:00 0 
a6e50000-a7200000 ---p 00000000 00:00 0 
a7200000-a7600000 rwxp 00000000 00:00 0 
a7600000-b6200000 ---p 00000000 00:00 0 
b6200000-b62fa000 rw-p 00000000 00:00 0 
b62fa000-b6300000 ---p 00000000 00:00 0 
b6300000-b6301000 r--s 00004000 08:05 7626779    /home/saksham_ubuntu/spark-2.1.1-bin-hadoop2.7/jars/jackson-jaxrs-1.9.13.jar
b6301000-b6306000 r--s 0003b000 08:05 7219400    /usr/lib/jvm/java-8-openjdk-i386/jre/lib/ext/sunjce_provider.jar
b6306000-b6311000 r-xp 00000000 08:05 787042     /lib/i386-linux-gnu/libnss_files-2.23.so
b6311000-b6312000 r--p 0000a000 08:05 787042     /lib/i386-linux-gnu/libnss_files-2.23.so
b6312000-b6313000 rw-p 0000b000 08:05 787042     /lib/i386-linux-gnu/libnss_files-2.23.so
b6313000-b6319000 rw-p 00000000 00:00 0 
b6319000-b6324000 r-xp 00000000 08:05 787035     /lib/i386-linux-gnu/libnss_nis-2.23.so
b6324000-b6325000 r--p 0000a000 08:05 787035     /lib/i386-linux-gnu/libnss_nis-2.23.so
b6325000-b6326000 rw-p 0000b000 08:05 787035     /lib/i386-linux-gnu/libnss_nis-2.23.so
b6326000-b633d000 r-xp 00000000 08:05 787037     /lib/i386-linux-gnu/libnsl-2.23.so
b633d000-b633e000 r--p 00016000 08:05 787037     /lib/i386-linux-gnu/libnsl-2.23.so
b633e000-b633f000 rw-p 00017000 08:05 787037     /lib/i386-linux-gnu/libnsl-2.23.so
b633f000-b6341000 rw-p 00000000 00:00 0 
b6341000-b6349000 r-xp 00000000 08:05 787043     /lib/i386-linux-gnu/libnss_compat-2.23.so
b6349000-b634a000 r--p 00007000 08:05 787043     /lib/i386-linux-gnu/libnss_compat-2.23.so
b634a000-b634b000 rw-p 00008000 08:05 787043     /lib/i386-linux-gnu/libnss_compat-2.23.so
b634b000-b634d000 r--s 00008000 08:05 7219399    /usr/lib/jvm/java-8-openjdk-i386/jre/lib/ext/sunec.jar
b634d000-b6350000 r--s 0000f000 08:05 7219401    /usr/lib/jvm/java-8-openjdk-i386/jre/lib/ext/icedtea-sound.jar
b6350000-b6358000 r-xp 00000000 08:05 7219435    /usr/lib/jvm/java-8-openjdk-i386/jre/lib/i386/libzip.so
b6358000-b6359000 r--p 00007000 08:05 7219435    /usr/lib/jvm/java-8-openjdk-i386/jre/lib/i386/libzip.so
b6359000-b635a000 rw-p 00008000 08:05 7219435    /usr/lib/jvm/java-8-openjdk-i386/jre/lib/i386/libzip.so
b635a000-b6362000 rw-s 00000000 08:05 7626984    /tmp/hsperfdata_saksham_ubuntu/14160
b6362000-b6389000 r-xp 00000000 08:05 7219430    /usr/lib/jvm/java-8-openjdk-i386/jre/lib/i386/libjava.so
b6389000-b638a000 r--p 00026000 08:05 7219430    /usr/lib/jvm/java-8-openjdk-i386/jre/lib/i386/libjava.so
b638a000-b638b000 rw-p 00027000 08:05 7219430    /usr/lib/jvm/java-8-openjdk-i386/jre/lib/i386/libjava.so
b638b000-b6392000 r-xp 00000000 08:05 787044     /lib/i386-linux-gnu/librt-2.23.so
b6392000-b6393000 r--p 00006000 08:05 787044     /lib/i386-linux-gnu/librt-2.23.so
b6393000-b6394000 rw-p 00007000 08:05 787044     /lib/i386-linux-gnu/librt-2.23.so
b6394000-b6397000 ---p 00000000 00:00 0 
b6397000-b63e5000 rw-p 00000000 00:00 0 
b63e5000-b6401000 r-xp 00000000 08:05 787806     /lib/i386-linux-gnu/libgcc_s.so.1
b6401000-b6402000 rw-p 0001b000 08:05 787806     /lib/i386-linux-gnu/libgcc_s.so.1
b6402000-b6455000 r-xp 00000000 08:05 787036     /lib/i386-linux-gnu/libm-2.23.so
b6455000-b6456000 r--p 00052000 08:05 787036     /lib/i386-linux-gnu/libm-2.23.so
b6456000-b6457000 rw-p 00053000 08:05 787036     /lib/i386-linux-gnu/libm-2.23.so
b6457000-b65c4000 r-xp 00000000 08:05 6293626    /usr/lib/i386-linux-gnu/libstdc++.so.6.0.21
b65c4000-b65c5000 ---p 0016d000 08:05 6293626    /usr/lib/i386-linux-gnu/libstdc++.so.6.0.21
b65c5000-b65ca000 r--p 0016d000 08:05 6293626    /usr/lib/i386-linux-gnu/libstdc++.so.6.0.21
b65ca000-b65cb000 rw-p 00172000 08:05 6293626    /usr/lib/i386-linux-gnu/libstdc++.so.6.0.21
b65cb000-b65ce000 rw-p 00000000 00:00 0 
b65ce000-b709c000 r-xp 00000000 08:05 7354171    /usr/lib/jvm/java-8-openjdk-i386/jre/lib/i386/server/libjvm.so
b709c000-b709d000 ---p 00ace000 08:05 7354171    /usr/lib/jvm/java-8-openjdk-i386/jre/lib/i386/server/libjvm.so
b709d000-b70e2000 r--p 00ace000 08:05 7354171    /usr/lib/jvm/java-8-openjdk-i386/jre/lib/i386/server/libjvm.so
b70e2000-b70f9000 rw-p 00b13000 08:05 7354171    /usr/lib/jvm/java-8-openjdk-i386/jre/lib/i386/server/libjvm.so
b70f9000-b751a000 rw-p 00000000 00:00 0 
b751a000-b7533000 r-xp 00000000 08:05 787048     /lib/i386-linux-gnu/libpthread-2.23.so
b7533000-b7534000 r--p 00018000 08:05 787048     /lib/i386-linux-gnu/libpthread-2.23.so
b7534000-b7535000 rw-p 00019000 08:05 787048     /lib/i386-linux-gnu/libpthread-2.23.so
b7535000-b7537000 rw-p 00000000 00:00 0 
b7537000-b753a000 r-xp 00000000 08:05 787034     /lib/i386-linux-gnu/libdl-2.23.so
b753a000-b753b000 r--p 00002000 08:05 787034     /lib/i386-linux-gnu/libdl-2.23.so
b753b000-b753c000 rw-p 00003000 08:05 787034     /lib/i386-linux-gnu/libdl-2.23.so
b753c000-b7555000 r-xp 00000000 08:05 786460     /lib/i386-linux-gnu/libz.so.1.2.8
b7555000-b7556000 r--p 00018000 08:05 786460     /lib/i386-linux-gnu/libz.so.1.2.8
b7556000-b7557000 rw-p 00019000 08:05 786460     /lib/i386-linux-gnu/libz.so.1.2.8
b7557000-b7706000 r-xp 00000000 08:05 787038     /lib/i386-linux-gnu/libc-2.23.so
b7706000-b7707000 ---p 001af000 08:05 787038     /lib/i386-linux-gnu/libc-2.23.so
b7707000-b7709000 r--p 001af000 08:05 787038     /lib/i386-linux-gnu/libc-2.23.so
b7709000-b770a000 rw-p 001b1000 08:05 787038     /lib/i386-linux-gnu/libc-2.23.so
b770a000-b770d000 rw-p 00000000 00:00 0 
b770d000-b770e000 r--s 00010000 08:05 7219398    /usr/lib/jvm/java-8-openjdk-i386/jre/lib/ext/zipfs.jar
b770e000-b7710000 r--s 00001000 08:05 7219395    /usr/lib/jvm/java-8-openjdk-i386/jre/lib/ext/dnsns.jar
b7710000-b7711000 r--s 0000a000 08:05 7219396    /usr/lib/jvm/java-8-openjdk-i386/jre/lib/ext/jaccess.jar
b7711000-b7712000 r--p 002d4000 08:05 6292404    /usr/lib/locale/locale-archive
b7712000-b7713000 rw-p 00000000 00:00 0 
b7713000-b7714000 ---p 00000000 00:00 0 
b7714000-b7722000 r-xp 00000000 08:05 7219427    /usr/lib/jvm/java-8-openjdk-i386/jre/lib/i386/libverify.so
b7722000-b7723000 r--p 0000d000 08:05 7219427    /usr/lib/jvm/java-8-openjdk-i386/jre/lib/i386/libverify.so
b7723000-b7724000 rw-p 0000e000 08:05 7219427    /usr/lib/jvm/java-8-openjdk-i386/jre/lib/i386/libverify.so
b7724000-b7731000 r-xp 00000000 08:05 7354173    /usr/lib/jvm/java-8-openjdk-i386/jre/lib/i386/jli/libjli.so
b7731000-b7732000 r--p 0000c000 08:05 7354173    /usr/lib/jvm/java-8-openjdk-i386/jre/lib/i386/jli/libjli.so
b7732000-b7733000 rw-p 0000d000 08:05 7354173    /usr/lib/jvm/java-8-openjdk-i386/jre/lib/i386/jli/libjli.so
b7733000-b7735000 rw-p 00000000 00:00 0 
b7735000-b7737000 r--p 00000000 00:00 0          [vvar]
b7737000-b7738000 r-xp 00000000 00:00 0          [vdso]
b7738000-b775a000 r-xp 00000000 08:05 787039     /lib/i386-linux-gnu/ld-2.23.so
b775a000-b775b000 rw-p 00000000 00:00 0 
b775b000-b775c000 r--p 00022000 08:05 787039     /lib/i386-linux-gnu/ld-2.23.so
b775c000-b775d000 rw-p 00023000 08:05 787039     /lib/i386-linux-gnu/ld-2.23.so
bfef0000-bfef1000 rwxp 00000000 00:00 0 
bff22000-bff44000 rw-p 00000000 00:00 0          [stack]

VM Arguments:
jvm_args: -Xmx1g 
java_command: org.apache.spark.deploy.SparkSubmit pyspark-shell
java_class_path (initial): /home/saksham_ubuntu/spark-2.1.1-bin-hadoop2.7/conf/:/home/saksham_ubuntu/spark-2.1.1-bin-hadoop2.7/jars/jackson-jaxrs-1.9.13.jar:/home/saksham_ubuntu/spark-2.1.1-bin-hadoop2.7/jars/commons-codec-1.10.jar:/home/saksham_ubuntu/spark-2.1.1-bin-hadoop2.7/jars/apacheds-kerberos-codec-2.0.0-M15.jar:/home/saksham_ubuntu/spark-2.1.1-bin-hadoop2.7/jars/leveldbjni-all-1.8.jar:/home/saksham_ubuntu/spark-2.1.1-bin-hadoop2.7/jars/spark-graphx_2.11-2.1.1.jar:/home/saksham_ubuntu/spark-2.1.1-bin-hadoop2.7/jars/paranamer-2.3.jar:/home/saksham_ubuntu/spark-2.1.1-bin-hadoop2.7/jars/jersey-server-2.22.2.jar:/home/saksham_ubuntu/spark-2.1.1-bin-hadoop2.7/jars/zookeeper-3.4.6.jar:/home/saksham_ubuntu/spark-2.1.1-bin-hadoop2.7/jars/metrics-jvm-3.1.2.jar:/home/saksham_ubuntu/spark-2.1.1-bin-hadoop2.7/jars/commons-collections-3.2.2.jar:/home/saksham_ubuntu/spark-2.1.1-bin-hadoop2.7/jars/minlog-1.3.0.jar:/home/saksham_ubuntu/spark-2.1.1-bin-hadoop2.7/jars/hadoop-mapreduce-client-jobclient-2.7.3.jar:/home/saksham_ubuntu/spark-2.1.1-bin-hadoop2.7/jars/stream-2.7.0.jar:/home/saksham_ubuntu/spark-2.1.1-bin-hadoop2.7/jars/commons-lang3-3.5.jar:/home/saksham_ubuntu/spark-2.1.1-bin-hadoop2.7/jars/arpack_combined_all-0.1.jar:/home/saksham_ubuntu/spark-2.1.1-bin-hadoop2.7/jars/calcite-linq4j-1.2.0-incubating.jar:/home/saksham_ubuntu/spark-2.1.1-bin-hadoop2.7/jars/aopalliance-1.0.jar:/home/saksham_ubuntu/spark-2.1.1-bin-hadoop2.7/jars/avro-1.7.7.jar:/home/saksham_ubuntu/spark-2.1.1-bin-hadoop2.7/jars/spire_2.11-0.7.4.jar:/home/saksham_ubuntu/spark-2.1.1-bin-hadoop2.7/jars/commons-beanutils-core-1.8.0.jar:/home/saksham_ubuntu/spark-2.1.1-bin-hadoop2.7/jars/jodd-core-3.5.2.jar:/home/saksham_ubuntu/spark-2.1.1-bin-hadoop2.7/jars/spark-network-common_2.11-2.1.1.jar:/home/saksham_ubuntu/spark-2.1.1-bin-hadoop2.7/jars/api-asn1-api-1.0.0-M20.jar:/home/saksham_ubuntu/spark-2.1.1-bin-hadoop2.7/jars/hadoop-yarn-client-2.7.3.jar:/home/saksham_ubuntu/spark-2.1.1-bin-hadoop2.7/jars/j
Launcher Type: SUN_STANDARD

Environment Variables:
PATH=/home/saksham_ubuntu/anaconda2/bin:/home/saksham_ubuntu/anaconda2/bin:/home/saksham_ubuntu/bin:/home/saksham_ubuntu/.local/bin:/usr/local/sbin:/usr/local/bin:/usr/sbin:/usr/bin:/sbin:/bin:/usr/games:/usr/local/games:/snap/bin
SHELL=/bin/bash
DISPLAY=:0

Signal Handlers:
SIGSEGV: [libjvm.so+0x8d5980], sa_mask[0]=11111111011111111101111111111110, sa_flags=SA_RESTART|SA_SIGINFO
SIGBUS: [libjvm.so+0x8d5980], sa_mask[0]=11111111011111111101111111111110, sa_flags=SA_RESTART|SA_SIGINFO
SIGFPE: [libjvm.so+0x73b5c0], sa_mask[0]=11111111011111111101111111111110, sa_flags=SA_RESTART|SA_SIGINFO
SIGPIPE: [libjvm.so+0x73b5c0], sa_mask[0]=11111111011111111101111111111110, sa_flags=SA_RESTART|SA_SIGINFO
SIGXFSZ: [libjvm.so+0x73b5c0], sa_mask[0]=11111111011111111101111111111110, sa_flags=SA_RESTART|SA_SIGINFO
SIGILL: [libjvm.so+0x73b5c0], sa_mask[0]=11111111011111111101111111111110, sa_flags=SA_RESTART|SA_SIGINFO
SIGUSR1: SIG_DFL, sa_mask[0]=00000000000000000000000000000000, sa_flags=none
SIGUSR2: [libjvm.so+0x73b400], sa_mask[0]=00000000000000000000000000000000, sa_flags=SA_RESTART|SA_SIGINFO
SIGHUP: [libjvm.so+0x73bb90], sa_mask[0]=11111111011111111101111111111110, sa_flags=SA_RESTART|SA_SIGINFO
SIGINT: SIG_IGN, sa_mask[0]=00000000000000000000000000000000, sa_flags=none
SIGTERM: [libjvm.so+0x73bb90], sa_mask[0]=11111111011111111101111111111110, sa_flags=SA_RESTART|SA_SIGINFO
SIGQUIT: [libjvm.so+0x73bb90], sa_mask[0]=11111111011111111101111111111110, sa_flags=SA_RESTART|SA_SIGINFO


---------------  S Y S T E M  ---------------

OS:DISTRIB_ID=Ubuntu
DISTRIB_RELEASE=16.04
DISTRIB_CODENAME=xenial
DISTRIB_DESCRIPTION="Ubuntu 16.04.2 LTS"

uname:Linux 4.4.0-59-generic #80-Ubuntu SMP Fri Jan 6 17:36:54 UTC 2017 i686
libc:glibc 2.23 NPTL 2.23 
rlimit: STACK 8192k, CORE 0k, NPROC 63485, NOFILE 65536, AS infinity
load average:0.53 0.35 0.44

/proc/meminfo:
MemTotal:        8163360 kB
MemFree:          397636 kB
MemAvailable:          0 kB
Buffers:           16780 kB
Cached:           253552 kB
SwapCached:            0 kB
Active:          7420132 kB
Inactive:         204384 kB
Active(anon):    7369044 kB
Inactive(anon):   138200 kB
Active(file):      51088 kB
Inactive(file):    66184 kB
Unevictable:          32 kB
Mlocked:              32 kB
HighTotal:       7348384 kB
HighFree:          95276 kB
LowTotal:         814976 kB
LowFree:          302360 kB
SwapTotal:             0 kB
SwapFree:              0 kB
Dirty:               812 kB
Writeback:             0 kB
AnonPages:       7354388 kB
Mapped:           122624 kB
Shmem:            152928 kB
Slab:              60732 kB
SReclaimable:      30492 kB
SUnreclaim:        30240 kB
KernelStack:       11168 kB
PageTables:        29416 kB
NFS_Unstable:          0 kB
Bounce:                0 kB
WritebackTmp:          0 kB
CommitLimit:     4081680 kB
Committed_AS:   12988708 kB
VmallocTotal:     122880 kB
VmallocUsed:           0 kB
VmallocChunk:          0 kB
AnonHugePages:   4472832 kB
CmaTotal:              0 kB
CmaFree:               0 kB
HugePages_Total:       0
HugePages_Free:        0
HugePages_Rsvd:        0
HugePages_Surp:        0
Hugepagesize:       2048 kB
DirectMap4k:       63480 kB
DirectMap2M:      847872 kB


CPU:total 4 (initial active 4) (2 cores per cpu, 2 threads per core) family 6 model 58 stepping 9, cmov, cx8, fxsr, mmx, sse, sse2, sse3, ssse3, sse4.1, sse4.2, popcnt, avx, aes, clmul, erms, ht, tsc, tscinvbit, tscinv

/proc/cpuinfo:
processor	: 0
vendor_id	: GenuineIntel
cpu family	: 6
model		: 58
model name	: Intel(R) Core(TM) i7-3540M CPU @ 3.00GHz
stepping	: 9
microcode	: 0x1c
cpu MHz		: 1383.515
cache size	: 4096 KB
physical id	: 0
siblings	: 4
core id		: 0
cpu cores	: 2
apicid		: 0
initial apicid	: 0
fdiv_bug	: no
f00f_bug	: no
coma_bug	: no
fpu		: yes
fpu_exception	: yes
cpuid level	: 13
wp		: yes
flags		: fpu vme de pse tsc msr pae mce cx8 apic sep mtrr pge mca cmov pat pse36 clflush dts acpi mmx fxsr sse sse2 ss ht tm pbe nx rdtscp lm constant_tsc arch_perfmon pebs bts xtopology nonstop_tsc aperfmperf eagerfpu pni pclmulqdq dtes64 monitor ds_cpl vmx smx est tm2 ssse3 cx16 xtpr pdcm pcid sse4_1 sse4_2 x2apic popcnt tsc_deadline_timer aes xsave avx f16c rdrand lahf_lm epb tpr_shadow vnmi flexpriority ept vpid fsgsbase smep erms xsaveopt dtherm ida arat pln pts
bugs		:
bogomips	: 5980.69
clflush size	: 64
cache_alignment	: 64
address sizes	: 36 bits physical, 48 bits virtual
power management:

processor	: 1
vendor_id	: GenuineIntel
cpu family	: 6
model		: 58
model name	: Intel(R) Core(TM) i7-3540M CPU @ 3.00GHz
stepping	: 9
microcode	: 0x1c
cpu MHz		: 2990.507
cache size	: 4096 KB
physical id	: 0
siblings	: 4
core id		: 1
cpu cores	: 2
apicid		: 2
initial apicid	: 2
fdiv_bug	: no
f00f_bug	: no
coma_bug	: no
fpu		: yes
fpu_exception	: yes
cpuid level	: 13
wp		: yes
flags		: fpu vme de pse tsc msr pae mce cx8 apic sep mtrr pge mca cmov pat pse36 clflush dts acpi mmx fxsr sse sse2 ss ht tm pbe nx rdtscp lm constant_tsc arch_perfmon pebs bts xtopology nonstop_tsc aperfmperf eagerfpu pni pclmulqdq dtes64 monitor ds_cpl vmx smx est tm2 ssse3 cx16 xtpr pdcm pcid sse4_1 sse4_2 x2apic popcnt tsc_deadline_timer aes xsave avx f16c rdrand lahf_lm epb tpr_shadow vnmi flexpriority ept vpid fsgsbase smep erms xsaveopt dtherm ida arat pln pts
bugs		:
bogomips	: 5980.69
clflush size	: 64
cache_alignment	: 64
address sizes	: 36 bits physical, 48 bits virtual
power management:

processor	: 2
vendor_id	: GenuineIntel
cpu family	: 6
model		: 58
model name	: Intel(R) Core(TM) i7-3540M CPU @ 3.00GHz
stepping	: 9
microcode	: 0x1c
cpu MHz		: 1224.609
cache size	: 4096 KB
physical id	: 0
siblings	: 4
core id		: 0
cpu cores	: 2
apicid		: 1
initial apicid	: 1
fdiv_bug	: no
f00f_bug	: no
coma_bug	: no
fpu		: yes
fpu_exception	: yes
cpuid level	: 13
wp		: yes
flags		: fpu vme de pse tsc msr pae mce cx8 apic sep mtrr pge mca cmov pat pse36 clflush dts acpi mmx fxsr sse sse2 ss ht tm pbe nx rdtscp lm constant_tsc arch_perfmon pebs bts xtopology nonstop_tsc aperfmperf eagerfpu pni pclmulqdq dtes64 monitor ds_cpl vmx smx est tm2 ssse3 cx16 xtpr pdcm pcid sse4_1 sse4_2 x2apic popcnt tsc_deadline_timer aes xsave avx f16c rdrand lahf_lm epb tpr_shadow vnmi flexpriority ept vpid fsgsbase smep erms xsaveopt dtherm ida arat pln pts
bugs		:
bogomips	: 5980.69
clflush size	: 64
cache_alignment	: 64
address sizes	: 36 bits physical, 48 bits virtual
power management:

processor	: 3
vendor_id	: GenuineIntel
cpu family	: 6
model		: 58
model name	: Intel(R) Core(TM) i7-3540M CPU @ 3.00GHz
stepping	: 9
microcode	: 0x1c
cpu MHz		: 1286.015
cache size	: 4096 KB
physical id	: 0
siblings	: 4
core id		: 1
cpu cores	: 2
apicid		: 3
initial apicid	: 3
fdiv_bug	: no
f00f_bug	: no
coma_bug	: no
fpu		: yes
fpu_exception	: yes
cpuid level	: 13
wp		: yes
flags		: fpu vme de pse tsc msr pae mce cx8 apic sep mtrr pge mca cmov pat pse36 clflush dts acpi mmx fxsr sse sse2 ss ht tm pbe nx rdtscp lm constant_tsc arch_perfmon pebs bts xtopology nonstop_tsc aperfmperf eagerfpu pni pclmulqdq dtes64 monitor ds_cpl vmx smx est tm2 ssse3 cx16 xtpr pdcm pcid sse4_1 sse4_2 x2apic popcnt tsc_deadline_timer aes xsave avx f16c rdrand lahf_lm epb tpr_shadow vnmi flexpriority ept vpid fsgsbase smep erms xsaveopt dtherm ida arat pln pts
bugs		:
bogomips	: 5980.69
clflush size	: 64
cache_alignment	: 64
address sizes	: 36 bits physical, 48 bits virtual
power management:



Memory: 4k page, physical 8163360k(397636k free), swap 0k(0k free)

vm_info: OpenJDK Server VM (25.131-b11) for linux-x86 JRE (1.8.0_131-8u131-b11-0ubuntu1.16.04.2-b11), built on May  6 2017 02:38:06 by "buildd" with gcc 5.4.0 20160609

time: Mon May 15 11:16:17 2017
elapsed time: 10 seconds (0d 0h 0m 10s)

