#
# There is insufficient memory for the Java Runtime Environment to continue.
# Native memory allocation (mmap) failed to map 131072 bytes for committing reserved memory.
# Possible reasons:
#   The system is out of physical RAM or swap space
#   In 32 bit mode, the process size limit was hit
# Possible solutions:
#   Reduce memory load on the system
#   Increase physical memory or swap space
#   Check if swap backing store is full
#   Use 64 bit Java on a 64 bit OS
#   Decrease Java heap size (-Xmx/-Xms)
#   Decrease number of Java threads
#   Decrease Java thread stack sizes (-Xss)
#   Set larger code cache with -XX:ReservedCodeCacheSize=
# This output file may be truncated or incomplete.
#
#  Out of Memory Error (os_linux.cpp:2643), pid=14412, tid=0x5d60cb40
#
# JRE version: OpenJDK Runtime Environment (8.0_131-b11) (build 1.8.0_131-8u131-b11-0ubuntu1.16.04.2-b11)
# Java VM: OpenJDK Server VM (25.131-b11 mixed mode linux-x86 )
# Failed to write core dump. Core dumps have been disabled. To enable core dumping, try "ulimit -c unlimited" before starting Java again
#

---------------  T H R E A D  ---------------

Current thread (0x5f548800):  JavaThread "dag-scheduler-event-loop" daemon [_thread_in_vm, id=14824, stack(0x5d5bc000,0x5d60d000)]

Stack: [0x5d5bc000,0x5d60d000],  sp=0x5d609d50,  free space=311k
Native frames: (J=compiled Java code, j=interpreted, Vv=VM code, C=native code)
V  [libjvm.so+0x8d4e44]
V  [libjvm.so+0x3a5286]
V  [libjvm.so+0x7404c0]
V  [libjvm.so+0x73a413]
V  [libjvm.so+0x8d1874]
V  [libjvm.so+0x6cc169]
V  [libjvm.so+0x6cc21a]
V  [libjvm.so+0x6ccda5]
V  [libjvm.so+0x6ccefa]
V  [libjvm.so+0x6cdf3a]
V  [libjvm.so+0x6ce12d]
V  [libjvm.so+0x395e0f]
V  [libjvm.so+0x6d36ee]
V  [libjvm.so+0x314d9f]
V  [libjvm.so+0x315573]
V  [libjvm.so+0x3173c2]
V  [libjvm.so+0x84b869]
V  [libjvm.so+0x55abca]
V  [libjvm.so+0x55c06c]  JVM_DefineClassWithSource+0x9c
C  [libjava.so+0xb357]  Java_java_lang_ClassLoader_defineClass1+0x1a7
J 451  java.lang.ClassLoader.defineClass1(Ljava/lang/String;[BIILjava/security/ProtectionDomain;Ljava/lang/String;)Ljava/lang/Class; (0 bytes) @ 0xa738dfcb [0xa738dee0+0xeb]
J 447 C1 java.lang.ClassLoader.defineClass(Ljava/lang/String;[BIILjava/security/ProtectionDomain;)Ljava/lang/Class; (43 bytes) @ 0xa7395a14 [0xa7395560+0x4b4]
J 1715 C1 java.security.SecureClassLoader.defineClass(Ljava/lang/String;[BIILjava/security/CodeSource;)Ljava/lang/Class; (16 bytes) @ 0xa72eef00 [0xa72eede0+0x120]
J 1624 C2 java.net.URLClassLoader$1.run()Ljava/lang/Object; (5 bytes) @ 0xa75d6aac [0xa75d4820+0x228c]
v  ~StubRoutines::call_stub
V  [libjvm.so+0x51de9d]
V  [libjvm.so+0x744d85]
V  [libjvm.so+0x51cfda]
V  [libjvm.so+0x56a574]  JVM_DoPrivileged+0x434
C  [libjava.so+0x9e15]  Java_java_security_AccessController_doPrivileged__Ljava_security_PrivilegedExceptionAction_2Ljava_security_AccessControlContext_2+0x25
J 173  java.security.AccessController.doPrivileged(Ljava/security/PrivilegedExceptionAction;Ljava/security/AccessControlContext;)Ljava/lang/Object; (0 bytes) @ 0xa72daecc [0xa72dae20+0xac]
J 1623 C2 java.net.URLClassLoader.findClass(Ljava/lang/String;)Ljava/lang/Class; (47 bytes) @ 0xa72e096c [0xa72e0900+0x6c]
J 2762 C2 sun.misc.Launcher$AppClassLoader.loadClass(Ljava/lang/String;Z)Ljava/lang/Class; (85 bytes) @ 0xa77c2224 [0xa77c1900+0x924]
J 2916 C2 java.lang.ClassLoader.loadClass(Ljava/lang/String;)Ljava/lang/Class; (7 bytes) @ 0xa78066ac [0xa7806680+0x2c]
v  ~StubRoutines::call_stub
V  [libjvm.so+0x51de9d]
V  [libjvm.so+0x744d85]
V  [libjvm.so+0x51b976]
V  [libjvm.so+0x51beeb]
V  [libjvm.so+0x852273]
V  [libjvm.so+0x850cef]
V  [libjvm.so+0x852cf6]
V  [libjvm.so+0x39856e]
V  [libjvm.so+0x39a854]
V  [libjvm.so+0x62bc6b]
V  [libjvm.so+0x510508]
j  org.apache.spark.scheduler.TaskSetManager.<init>(Lorg/apache/spark/scheduler/TaskSchedulerImpl;Lorg/apache/spark/scheduler/TaskSet;ILorg/apache/spark/util/Clock;)V+267
j  org.apache.spark.scheduler.TaskSchedulerImpl.createTaskSetManager(Lorg/apache/spark/scheduler/TaskSet;I)Lorg/apache/spark/scheduler/TaskSetManager;+13
j  org.apache.spark.scheduler.TaskSchedulerImpl.submitTasks(Lorg/apache/spark/scheduler/TaskSet;)V+29
j  org.apache.spark.scheduler.DAGScheduler.submitMissingTasks(Lorg/apache/spark/scheduler/Stage;I)V+660
j  org.apache.spark.scheduler.DAGScheduler.org$apache$spark$scheduler$DAGScheduler$$submitStage(Lorg/apache/spark/scheduler/Stage;)V+124
j  org.apache.spark.scheduler.DAGScheduler.handleJobSubmitted(ILorg/apache/spark/rdd/RDD;Lscala/Function2;[ILorg/apache/spark/util/CallSite;Lorg/apache/spark/scheduler/JobListener;Ljava/util/Properties;)V+271
j  org.apache.spark.scheduler.DAGSchedulerEventProcessLoop.doOnReceive(Lorg/apache/spark/scheduler/DAGSchedulerEvent;)V+74
j  org.apache.spark.scheduler.DAGSchedulerEventProcessLoop.onReceive(Lorg/apache/spark/scheduler/DAGSchedulerEvent;)V+10
j  org.apache.spark.scheduler.DAGSchedulerEventProcessLoop.onReceive(Ljava/lang/Object;)V+5
j  org.apache.spark.util.EventLoop$$anon$1.run()V+95
v  ~StubRoutines::call_stub
V  [libjvm.so+0x51de9d]
V  [libjvm.so+0x744d85]
V  [libjvm.so+0x51b976]
V  [libjvm.so+0x51be71]
V  [libjvm.so+0x55a12a]
V  [libjvm.so+0x87fe3b]
V  [libjvm.so+0x88030e]
V  [libjvm.so+0x73d6b5]
C  [libpthread.so.0+0x6295]  start_thread+0xe5
C  [libc.so.6+0xe6eee]  clone+0x6e

Java frames: (J=compiled Java code, j=interpreted, Vv=VM code)
J 451  java.lang.ClassLoader.defineClass1(Ljava/lang/String;[BIILjava/security/ProtectionDomain;Ljava/lang/String;)Ljava/lang/Class; (0 bytes) @ 0xa738df87 [0xa738dee0+0xa7]
J 447 C1 java.lang.ClassLoader.defineClass(Ljava/lang/String;[BIILjava/security/ProtectionDomain;)Ljava/lang/Class; (43 bytes) @ 0xa7395a14 [0xa7395560+0x4b4]
J 1715 C1 java.security.SecureClassLoader.defineClass(Ljava/lang/String;[BIILjava/security/CodeSource;)Ljava/lang/Class; (16 bytes) @ 0xa72eef00 [0xa72eede0+0x120]
J 1624 C2 java.net.URLClassLoader$1.run()Ljava/lang/Object; (5 bytes) @ 0xa75d6aac [0xa75d4820+0x228c]
v  ~StubRoutines::call_stub
J 173  java.security.AccessController.doPrivileged(Ljava/security/PrivilegedExceptionAction;Ljava/security/AccessControlContext;)Ljava/lang/Object; (0 bytes) @ 0xa72dae88 [0xa72dae20+0x68]
J 1623 C2 java.net.URLClassLoader.findClass(Ljava/lang/String;)Ljava/lang/Class; (47 bytes) @ 0xa72e096c [0xa72e0900+0x6c]
J 2762 C2 sun.misc.Launcher$AppClassLoader.loadClass(Ljava/lang/String;Z)Ljava/lang/Class; (85 bytes) @ 0xa77c2224 [0xa77c1900+0x924]
J 2916 C2 java.lang.ClassLoader.loadClass(Ljava/lang/String;)Ljava/lang/Class; (7 bytes) @ 0xa78066ac [0xa7806680+0x2c]
v  ~StubRoutines::call_stub
j  org.apache.spark.scheduler.TaskSetManager.<init>(Lorg/apache/spark/scheduler/TaskSchedulerImpl;Lorg/apache/spark/scheduler/TaskSet;ILorg/apache/spark/util/Clock;)V+267
j  org.apache.spark.scheduler.TaskSchedulerImpl.createTaskSetManager(Lorg/apache/spark/scheduler/TaskSet;I)Lorg/apache/spark/scheduler/TaskSetManager;+13
j  org.apache.spark.scheduler.TaskSchedulerImpl.submitTasks(Lorg/apache/spark/scheduler/TaskSet;)V+29
j  org.apache.spark.scheduler.DAGScheduler.submitMissingTasks(Lorg/apache/spark/scheduler/Stage;I)V+660
j  org.apache.spark.scheduler.DAGScheduler.org$apache$spark$scheduler$DAGScheduler$$submitStage(Lorg/apache/spark/scheduler/Stage;)V+124
j  org.apache.spark.scheduler.DAGScheduler.handleJobSubmitted(ILorg/apache/spark/rdd/RDD;Lscala/Function2;[ILorg/apache/spark/util/CallSite;Lorg/apache/spark/scheduler/JobListener;Ljava/util/Properties;)V+271
j  org.apache.spark.scheduler.DAGSchedulerEventProcessLoop.doOnReceive(Lorg/apache/spark/scheduler/DAGSchedulerEvent;)V+74
j  org.apache.spark.scheduler.DAGSchedulerEventProcessLoop.onReceive(Lorg/apache/spark/scheduler/DAGSchedulerEvent;)V+10
j  org.apache.spark.scheduler.DAGSchedulerEventProcessLoop.onReceive(Ljava/lang/Object;)V+5
j  org.apache.spark.util.EventLoop$$anon$1.run()V+95
v  ~StubRoutines::call_stub

---------------  P R O C E S S  ---------------

Java Threads: ( => current thread )
  0x5f54ec00 JavaThread "SparkListenerBus" daemon [_thread_blocked, id=14830, stack(0x5d2bc000,0x5d30d000)]
  0x5f54d800 JavaThread "context-cleaner-periodic-gc" daemon [_thread_blocked, id=14829, stack(0x5d30d000,0x5d35e000)]
  0x5f54c800 JavaThread "Spark Context Cleaner" daemon [_thread_blocked, id=14828, stack(0x5d35e000,0x5d3af000)]
  0x5d8fa400 JavaThread "shuffle-server-9-1" daemon [_thread_in_native, id=14827, stack(0x5d3af000,0x5d400000)]
  0x5f54ac00 JavaThread "driver-heartbeater" daemon [_thread_blocked, id=14826, stack(0x5d51a000,0x5d56b000)]
  0x5f549800 JavaThread "netty-rpc-env-timeout" daemon [_thread_blocked, id=14825, stack(0x5d56b000,0x5d5bc000)]
=>0x5f548800 JavaThread "dag-scheduler-event-loop" daemon [_thread_in_vm, id=14824, stack(0x5d5bc000,0x5d60d000)]
  0x5f547400 JavaThread "Timer-1" daemon [_thread_blocked, id=14823, stack(0x5d60d000,0x5d65e000)]
  0x628a8c00 JavaThread "heartbeat-receiver-event-loop-thread" daemon [_thread_blocked, id=14822, stack(0x5d65e000,0x5d6af000)]
  0x5f542800 JavaThread "SparkUI-274" daemon [_thread_blocked, id=14821, stack(0x5d6af000,0x5d700000)]
  0x5f542000 JavaThread "SparkUI-273" daemon [_thread_blocked, id=14820, stack(0x5f80d000,0x5f85e000)]
  0x5f541c00 JavaThread "SparkUI-272" daemon [_thread_blocked, id=14819, stack(0x5d95e000,0x5d9af000)]
  0x5f592400 JavaThread "SparkUI-271" daemon [_thread_blocked, id=14818, stack(0x5d90d000,0x5d95e000)]
  0x5f591800 JavaThread "SparkUI-270" daemon [_thread_blocked, id=14817, stack(0x5d9af000,0x5da00000)]
  0x5f544c00 JavaThread "SparkUI-269-acceptor-0@7c7289-Spark@bb94f6{HTTP/1.1}{0.0.0.0:4050}" daemon [_thread_in_native, id=14816, stack(0x5fb27000,0x5fb78000)]
  0x5f546000 JavaThread "SparkUI-268-selector-ServerConnectorManager@eef1c6/1" daemon [_thread_in_native, id=14815, stack(0x5f76b000,0x5f7bc000)]
  0x5f543800 JavaThread "SparkUI-267-selector-ServerConnectorManager@eef1c6/0" daemon [_thread_in_native, id=14814, stack(0x5f71a000,0x5f76b000)]
  0x5f590c00 JavaThread "refresh progress" daemon [_thread_blocked, id=14722, stack(0x5f7bc000,0x5f80d000)]
  0x5f590400 JavaThread "map-output-dispatcher-7" daemon [_thread_blocked, id=14721, stack(0x5f6c9000,0x5f71a000)]
  0x5f58fc00 JavaThread "map-output-dispatcher-6" daemon [_thread_blocked, id=14720, stack(0x5e50d000,0x5e55e000)]
  0x5f58f400 JavaThread "map-output-dispatcher-5" daemon [_thread_blocked, id=14719, stack(0x5f8af000,0x5f900000)]
  0x5ffc6800 JavaThread "map-output-dispatcher-4" daemon [_thread_blocked, id=14718, stack(0x5f85e000,0x5f8af000)]
  0x5ffc9c00 JavaThread "map-output-dispatcher-3" daemon [_thread_blocked, id=14717, stack(0x5eb5e000,0x5ebaf000)]
  0x5ff31400 JavaThread "map-output-dispatcher-2" daemon [_thread_blocked, id=14716, stack(0x5eb0d000,0x5eb5e000)]
  0x5f570000 JavaThread "map-output-dispatcher-1" daemon [_thread_blocked, id=14715, stack(0x5e5af000,0x5e600000)]
  0x6051f400 JavaThread "map-output-dispatcher-0" daemon [_thread_blocked, id=14714, stack(0x5f45e000,0x5f4af000)]
  0x60520800 JavaThread "rpc-server-7-1" daemon [_thread_in_native, id=14713, stack(0x5f627000,0x5f678000)]
  0x5ff49c00 JavaThread "dispatcher-event-loop-3" daemon [_thread_blocked, id=14712, stack(0x5f40d000,0x5f45e000)]
  0x5ff48c00 JavaThread "dispatcher-event-loop-2" daemon [_thread_blocked, id=14711, stack(0x5f678000,0x5f6c9000)]
  0x5ff4b000 JavaThread "dispatcher-event-loop-1" daemon [_thread_blocked, id=14710, stack(0x60b5e000,0x60baf000)]
  0x6051e000 JavaThread "dispatcher-event-loop-0" daemon [_thread_blocked, id=14709, stack(0x60b0d000,0x60b5e000)]
  0x5ec4f800 JavaThread "org.apache.hadoop.fs.FileSystem$Statistics$StatisticsDataReferenceCleaner" daemon [_thread_blocked, id=14575, stack(0x5e55e000,0x5e5af000)]
  0x09448c00 JavaThread "Thread-2" [_thread_blocked, id=14446, stack(0x6104c000,0x6109d000)]
  0x615a5c00 JavaThread "Thread-1" [_thread_in_native, id=14445, stack(0x6119d000,0x611ee000)]
  0x6159b800 JavaThread "pool-1-thread-1" [_thread_blocked, id=14444, stack(0x611ee000,0x6123f000)]
  0x637b3000 JavaThread "Service Thread" daemon [_thread_blocked, id=14442, stack(0x630db000,0x6312c000)]
  0x637afc00 JavaThread "C1 CompilerThread2" daemon [_thread_blocked, id=14441, stack(0x6312c000,0x631ad000)]
  0x637ae400 JavaThread "C2 CompilerThread1" daemon [_thread_blocked, id=14440, stack(0x631ad000,0x6322e000)]
  0x637ac800 JavaThread "C2 CompilerThread0" daemon [_thread_blocked, id=14439, stack(0x6322e000,0x632af000)]
  0x637ab000 JavaThread "Signal Dispatcher" daemon [_thread_blocked, id=14438, stack(0x632af000,0x63300000)]
  0x63791000 JavaThread "Finalizer" daemon [_thread_blocked, id=14437, stack(0x63813000,0x63864000)]
  0x6378e000 JavaThread "Reference Handler" daemon [_thread_blocked, id=14436, stack(0x6642e000,0x6647f000)]
  0xb620f000 JavaThread "main" [_thread_in_native, id=14430, stack(0xb637f000,0xb63d0000)]

Other Threads:
  0x63789800 VMThread [stack: 0x63864000,0x638e5000] [id=14435]
  0x637b4800 WatcherThread [stack: 0x6305a000,0x630db000] [id=14443]

VM state:not at safepoint (normal execution)

VM Mutex/Monitor currently owned by a thread: None

Heap:
 PSYoungGen      total 51200K, used 5821K [0x918c0000, 0x94f80000, 0xa6e00000)
  eden space 47872K, 5% used [0x918c0000,0x91b59050,0x94780000)
  from space 3328K, 95% used [0x94900000,0x94c16750,0x94c40000)
  to   space 3328K, 0% used [0x94c40000,0x94c40000,0x94f80000)
 ParOldGen       total 27136K, used 9945K [0x66e00000, 0x68880000, 0x918c0000)
  object space 27136K, 36% used [0x66e00000,0x677b6548,0x68880000)
 Metaspace       used 25634K, capacity 25814K, committed 25856K, reserved 26928K

Card table byte_map: [0x66bff000,0x66e00000] byte_map_base: 0x668c8000

Marking Bits: (ParMarkBitMap*) 0xb70f2820
 Begin Bits: [0x64300000, 0x65300000)
 End Bits:   [0x65300000, 0x66300000)

Polling page: 0xb76fe000

CodeCache: size=245760Kb used=6271Kb max_used=6284Kb free=239488Kb
 bounds [0xa71ed000, 0xa781d000, 0xb61ed000]
 total_blobs=2872 nmethods=2630 adapters=155
 compilation: enabled

Compilation events (10 events):
Event: 307.848 Thread 0x637afc00 2921       3       scala.collection.immutable.List::seq (5 bytes)
Event: 307.848 Thread 0x637afc00 nmethod 2921 0xa78115c8 code [0xa78116e0, 0xa7811800]
Event: 308.710 Thread 0x637ac800 2922       4       java.util.regex.Pattern::append (39 bytes)
Event: 308.712 Thread 0x637ac800 nmethod 2922 0xa7807c08 code [0xa7807d00, 0xa7807d90]
Event: 308.795 Thread 0x637afc00 2923       3       java.util.zip.Deflater::finalize (5 bytes)
Event: 308.796 Thread 0x637afc00 nmethod 2923 0xa7810f48 code [0xa7811060, 0xa781114c]
Event: 308.825 Thread 0x637ae400 2924   !   4       java.util.zip.Deflater::end (50 bytes)
Event: 308.830 Thread 0x637ae400 nmethod 2924 0xa780dbc8 code [0xa780dd00, 0xa780dfbc]
Event: 310.160 Thread 0x637afc00 2925       1       org.apache.spark.SparkConf$$anonfun$get$2::apply (5 bytes)
Event: 310.160 Thread 0x637afc00 nmethod 2925 0xa72adb48 code [0xa72adc40, 0xa72adce0]

GC Heap History (10 events):
Event: 32.066 GC heap before
{Heap before GC invocations=20 (full 1):
 PSYoungGen      total 30976K, used 29872K [0x918c0000, 0x93b00000, 0xa6e00000)
  eden space 27904K, 100% used [0x918c0000,0x93400000,0x93400000)
  from space 3072K, 64% used [0x93800000,0x939ec318,0x93b00000)
  to   space 3584K, 0% used [0x93400000,0x93400000,0x93780000)
 ParOldGen       total 27136K, used 6339K [0x66e00000, 0x68880000, 0x918c0000)
  object space 27136K, 23% used [0x66e00000,0x67430d20,0x68880000)
 Metaspace       used 20575K, capacity 20772K, committed 20864K, reserved 21808K
Event: 32.075 GC heap after
Heap after GC invocations=20 (full 1):
 PSYoungGen      total 31488K, used 1542K [0x918c0000, 0x944c0000, 0xa6e00000)
  eden space 27904K, 0% used [0x918c0000,0x918c0000,0x93400000)
  from space 3584K, 43% used [0x93400000,0x93581ab8,0x93780000)
  to   space 3584K, 0% used [0x94140000,0x94140000,0x944c0000)
 ParOldGen       total 27136K, used 6595K [0x66e00000, 0x68880000, 0x918c0000)
  object space 27136K, 24% used [0x66e00000,0x67470dc0,0x68880000)
 Metaspace       used 20575K, capacity 20772K, committed 20864K, reserved 21808K
}
Event: 220.213 GC heap before
{Heap before GC invocations=21 (full 1):
 PSYoungGen      total 31488K, used 29446K [0x918c0000, 0x944c0000, 0xa6e00000)
  eden space 27904K, 100% used [0x918c0000,0x93400000,0x93400000)
  from space 3584K, 43% used [0x93400000,0x93581ab8,0x93780000)
  to   space 3584K, 0% used [0x94140000,0x94140000,0x944c0000)
 ParOldGen       total 27136K, used 6595K [0x66e00000, 0x68880000, 0x918c0000)
  object space 27136K, 24% used [0x66e00000,0x67470dc0,0x68880000)
 Metaspace       used 21146K, capacity 21316K, committed 21376K, reserved 21808K
Event: 220.217 GC heap after
Heap after GC invocations=21 (full 1):
 PSYoungGen      total 40960K, used 1483K [0x918c0000, 0x94480000, 0xa6e00000)
  eden space 37632K, 0% used [0x918c0000,0x918c0000,0x93d80000)
  from space 3328K, 44% used [0x94140000,0x942b2de0,0x94480000)
  to   space 3584K, 0% used [0x93d80000,0x93d80000,0x94100000)
 ParOldGen       total 27136K, used 6925K [0x66e00000, 0x68880000, 0x918c0000)
  object space 27136K, 25% used [0x66e00000,0x674c3440,0x68880000)
 Metaspace       used 21146K, capacity 21316K, committed 21376K, reserved 21808K
}
Event: 280.200 GC heap before
{Heap before GC invocations=22 (full 1):
 PSYoungGen      total 40960K, used 39115K [0x918c0000, 0x94480000, 0xa6e00000)
  eden space 37632K, 100% used [0x918c0000,0x93d80000,0x93d80000)
  from space 3328K, 44% used [0x94140000,0x942b2de0,0x94480000)
  to   space 3584K, 0% used [0x93d80000,0x93d80000,0x94100000)
 ParOldGen       total 27136K, used 6925K [0x66e00000, 0x68880000, 0x918c0000)
  object space 27136K, 25% used [0x66e00000,0x674c3440,0x68880000)
 Metaspace       used 22281K, capacity 22436K, committed 22528K, reserved 22832K
Event: 280.223 GC heap after
Heap after GC invocations=22 (full 1):
 PSYoungGen      total 41216K, used 3258K [0x918c0000, 0x95100000, 0xa6e00000)
  eden space 37632K, 0% used [0x918c0000,0x918c0000,0x93d80000)
  from space 3584K, 90% used [0x93d80000,0x940aeb68,0x94100000)
  to   space 3840K, 0% used [0x94d40000,0x94d40000,0x95100000)
 ParOldGen       total 27136K, used 7883K [0x66e00000, 0x68880000, 0x918c0000)
  object space 27136K, 29% used [0x66e00000,0x675b2f20,0x68880000)
 Metaspace       used 22281K, capacity 22436K, committed 22528K, reserved 22832K
}
Event: 281.427 GC heap before
{Heap before GC invocations=23 (full 1):
 PSYoungGen      total 41216K, used 40890K [0x918c0000, 0x95100000, 0xa6e00000)
  eden space 37632K, 100% used [0x918c0000,0x93d80000,0x93d80000)
  from space 3584K, 90% used [0x93d80000,0x940aeb68,0x94100000)
  to   space 3840K, 0% used [0x94d40000,0x94d40000,0x95100000)
 ParOldGen       total 27136K, used 7883K [0x66e00000, 0x68880000, 0x918c0000)
  object space 27136K, 29% used [0x66e00000,0x675b2f20,0x68880000)
 Metaspace       used 23448K, capacity 23620K, committed 23680K, reserved 23856K
Event: 281.433 GC heap after
Heap after GC invocations=23 (full 1):
 PSYoungGen      total 52736K, used 2284K [0x918c0000, 0x95080000, 0xa6e00000)
  eden space 49408K, 0% used [0x918c0000,0x918c0000,0x94900000)
  from space 3328K, 68% used [0x94d40000,0x94f7b1f0,0x95080000)
  to   space 3840K, 0% used [0x94900000,0x94900000,0x94cc0000)
 ParOldGen       total 27136K, used 9566K [0x66e00000, 0x68880000, 0x918c0000)
  object space 27136K, 35% used [0x66e00000,0x67757958,0x68880000)
 Metaspace       used 23448K, capacity 23620K, committed 23680K, reserved 23856K
}
Event: 308.744 GC heap before
{Heap before GC invocations=24 (full 1):
 PSYoungGen      total 52736K, used 51692K [0x918c0000, 0x95080000, 0xa6e00000)
  eden space 49408K, 100% used [0x918c0000,0x94900000,0x94900000)
  from space 3328K, 68% used [0x94d40000,0x94f7b1f0,0x95080000)
  to   space 3840K, 0% used [0x94900000,0x94900000,0x94cc0000)
 ParOldGen       total 27136K, used 9566K [0x66e00000, 0x68880000, 0x918c0000)
  object space 27136K, 35% used [0x66e00000,0x67757958,0x68880000)
 Metaspace       used 25541K, capacity 25750K, committed 25856K, reserved 25904K
Event: 308.792 GC heap after
Heap after GC invocations=24 (full 1):
 PSYoungGen      total 51200K, used 3161K [0x918c0000, 0x94f80000, 0xa6e00000)
  eden space 47872K, 0% used [0x918c0000,0x918c0000,0x94780000)
  from space 3328K, 95% used [0x94900000,0x94c16750,0x94c40000)
  to   space 3328K, 0% used [0x94c40000,0x94c40000,0x94f80000)
 ParOldGen       total 27136K, used 9945K [0x66e00000, 0x68880000, 0x918c0000)
  object space 27136K, 36% used [0x66e00000,0x677b6548,0x68880000)
 Metaspace       used 25541K, capacity 25750K, committed 25856K, reserved 25904K
}

Deoptimization events (10 events):
Event: 287.539 Thread 0x09448c00 Uncommon trap: reason=class_check action=maybe_recompile pc=0xa77bd0cc method=java.io.ObjectOutputStream$BlockDataOutputStream.write([BIIZ)V @ 23
Event: 287.541 Thread 0x09448c00 Uncommon trap: reason=bimorphic action=maybe_recompile pc=0xa7666ea0 method=java.util.concurrent.ConcurrentHashMap.get(Ljava/lang/Object;)Ljava/lang/Object; @ 149
Event: 287.541 Thread 0x09448c00 Uncommon trap: reason=class_check action=maybe_recompile pc=0xa77bd0cc method=java.io.ObjectOutputStream$BlockDataOutputStream.write([BIIZ)V @ 23
Event: 301.522 Thread 0x5f548800 Uncommon trap: reason=bimorphic action=maybe_recompile pc=0xa77dab30 method=java.lang.ClassLoader.loadClass(Ljava/lang/String;)Ljava/lang/Class; @ 3
Event: 301.546 Thread 0x5f548800 Uncommon trap: reason=bimorphic action=maybe_recompile pc=0xa77dab30 method=java.lang.ClassLoader.loadClass(Ljava/lang/String;)Ljava/lang/Class; @ 3
Event: 301.547 Thread 0x5f548800 Uncommon trap: reason=bimorphic action=maybe_recompile pc=0xa77dab30 method=java.lang.ClassLoader.loadClass(Ljava/lang/String;)Ljava/lang/Class; @ 3
Event: 301.547 Thread 0x5f548800 Uncommon trap: reason=bimorphic action=maybe_recompile pc=0xa77dab30 method=java.lang.ClassLoader.loadClass(Ljava/lang/String;)Ljava/lang/Class; @ 3
Event: 302.766 Thread 0x5f548800 Uncommon trap: reason=predicate action=maybe_recompile pc=0xa74b3804 method=java.lang.String.regionMatches(ZILjava/lang/String;II)Z @ 63
Event: 303.491 Thread 0x5f548800 Uncommon trap: reason=unstable_if action=reinterpret pc=0xa77bd0a8 method=java.io.ObjectOutputStream$BlockDataOutputStream.write([BIIZ)V @ 2
Event: 310.174 Thread 0x5f548800 Uncommon trap: reason=null_check action=make_not_entrant pc=0xa7809e88 method=java.lang.reflect.Array.newInstance(Ljava/lang/Class;I)Ljava/lang/Object; @ 2

Internal exceptions (10 events):
Event: 281.909 Thread 0x09448c00 Exception <a 'java/lang/NoSuchMethodError': <clinit>> (0x9281ccf0) thrown at [/build/openjdk-8-jr_sUX/openjdk-8-8u131-b11/src/hotspot/src/share/vm/prims/jni.cpp, line 1613]
Event: 281.910 Thread 0x09448c00 Exception <a 'java/lang/NoSuchMethodError': <clinit>> (0x9282b368) thrown at [/build/openjdk-8-jr_sUX/openjdk-8-8u131-b11/src/hotspot/src/share/vm/prims/jni.cpp, line 1613]
Event: 281.911 Thread 0x09448c00 Exception <a 'java/lang/NoSuchMethodError': <clinit>> (0x928421e0) thrown at [/build/openjdk-8-jr_sUX/openjdk-8-8u131-b11/src/hotspot/src/share/vm/prims/jni.cpp, line 1613]
Event: 281.913 Thread 0x09448c00 Exception <a 'java/lang/NoSuchMethodError': <clinit>> (0x92858290) thrown at [/build/openjdk-8-jr_sUX/openjdk-8-8u131-b11/src/hotspot/src/share/vm/prims/jni.cpp, line 1613]
Event: 281.919 Thread 0x09448c00 Exception <a 'java/lang/NoSuchMethodError': <clinit>> (0x92886f80) thrown at [/build/openjdk-8-jr_sUX/openjdk-8-8u131-b11/src/hotspot/src/share/vm/prims/jni.cpp, line 1613]
Event: 281.935 Thread 0x09448c00 Exception <a 'java/lang/NoSuchMethodError': <clinit>> (0x928ef360) thrown at [/build/openjdk-8-jr_sUX/openjdk-8-8u131-b11/src/hotspot/src/share/vm/prims/jni.cpp, line 1613]
Event: 301.581 Thread 0x5f548800 Exception <a 'java/lang/reflect/InvocationTargetException'> (0x93e13488) thrown at [/build/openjdk-8-jr_sUX/openjdk-8-8u131-b11/src/hotspot/src/share/vm/runtime/reflection.cpp, line 1092]
Event: 301.581 Thread 0x5f548800 Exception <a 'java/lang/reflect/InvocationTargetException'> (0x93e13868) thrown at [/build/openjdk-8-jr_sUX/openjdk-8-8u131-b11/src/hotspot/src/share/vm/runtime/reflection.cpp, line 1092]
Event: 301.625 Thread 0x5f548800 Exception <a 'java/lang/reflect/InvocationTargetException'> (0x93e146a8) thrown at [/build/openjdk-8-jr_sUX/openjdk-8-8u131-b11/src/hotspot/src/share/vm/runtime/reflection.cpp, line 1092]
Event: 303.491 Thread 0x5f548800 Exception <a 'java/lang/NoSuchMethodError': <clinit>> (0x941e20d0) thrown at [/build/openjdk-8-jr_sUX/openjdk-8-8u131-b11/src/hotspot/src/share/vm/prims/jni.cpp, line 1613]

Events (10 events):
Event: 310.087 loading class org/apache/spark/TaskEndReason done
Event: 310.127 loading class org/apache/spark/scheduler/TaskSetManager$
Event: 310.127 loading class org/apache/spark/scheduler/TaskSetManager$ done
Event: 310.160 loading class org/apache/spark/scheduler/TaskSetManager$$anonfun$3
Event: 310.160 loading class org/apache/spark/scheduler/TaskSetManager$$anonfun$3 done
Event: 310.173 Thread 0x5f548800 Uncommon trap: trap_request=0xfffffff4 fr.pc=0xa7809e88
Event: 310.174 Thread 0x5f548800 DEOPT PACKING pc=0xa7809e88 sp=0x5d60bad0
Event: 310.174 Thread 0x5f548800 DEOPT UNPACKING pc=0xa7227bd5 sp=0x5d60ba24 mode 2
Event: 310.174 loading class org/apache/spark/scheduler/BlacklistTracker$
Event: 310.174 loading class org/apache/spark/scheduler/BlacklistTracker$ done


Dynamic libraries:
08048000-08049000 r-xp 00000000 08:05 7354193    /usr/lib/jvm/java-8-openjdk-i386/jre/bin/java
08049000-0804a000 r--p 00000000 08:05 7354193    /usr/lib/jvm/java-8-openjdk-i386/jre/bin/java
0804a000-0804b000 rw-p 00001000 08:05 7354193    /usr/lib/jvm/java-8-openjdk-i386/jre/bin/java
09441000-094eb000 rw-p 00000000 00:00 0          [heap]
5cb20000-5cc00000 ---p 00000000 00:00 0 
5cc00000-5cc31000 rw-p 00000000 00:00 0 
5cc31000-5cd00000 ---p 00000000 00:00 0 
5cd00000-5ce00000 rw-p 00000000 00:00 0 
5ce00000-5ce74000 rw-p 00000000 00:00 0 
5ce74000-5cf00000 ---p 00000000 00:00 0 
5cf6b000-5d06b000 rw-p 00000000 00:00 0 
5d06b000-5d16b000 rw-p 00000000 00:00 0 
5d16b000-5d26b000 rw-p 00000000 00:00 0 
5d26b000-5d26e000 ---p 00000000 00:00 0 
5d26e000-5d2bc000 rw-p 00000000 00:00 0 
5d2bc000-5d2bf000 ---p 00000000 00:00 0 
5d2bf000-5d30d000 rw-p 00000000 00:00 0 
5d30d000-5d310000 ---p 00000000 00:00 0 
5d310000-5d35e000 rw-p 00000000 00:00 0 
5d35e000-5d361000 ---p 00000000 00:00 0 
5d361000-5d3af000 rw-p 00000000 00:00 0 
5d3af000-5d3b2000 ---p 00000000 00:00 0 
5d3b2000-5d400000 rw-p 00000000 00:00 0 
5d400000-5d4fe000 rw-p 00000000 00:00 0 
5d4fe000-5d500000 ---p 00000000 00:00 0 
5d51a000-5d51d000 ---p 00000000 00:00 0 
5d51d000-5d56b000 rw-p 00000000 00:00 0 
5d56b000-5d56e000 ---p 00000000 00:00 0 
5d56e000-5d5bc000 rw-p 00000000 00:00 0 
5d5bc000-5d5bf000 ---p 00000000 00:00 0 
5d5bf000-5d60d000 rw-p 00000000 00:00 0 
5d60d000-5d610000 ---p 00000000 00:00 0 
5d610000-5d65e000 rw-p 00000000 00:00 0 
5d65e000-5d661000 ---p 00000000 00:00 0 
5d661000-5d6af000 rw-p 00000000 00:00 0 
5d6af000-5d6b2000 ---p 00000000 00:00 0 
5d6b2000-5d700000 rw-p 00000000 00:00 0 
5d700000-5d7c4000 rw-p 00000000 00:00 0 
5d7c4000-5d800000 ---p 00000000 00:00 0 
5d800000-5d8fb000 rw-p 00000000 00:00 0 
5d8fb000-5d900000 ---p 00000000 00:00 0 
5d90d000-5d910000 ---p 00000000 00:00 0 
5d910000-5d95e000 rw-p 00000000 00:00 0 
5d95e000-5d961000 ---p 00000000 00:00 0 
5d961000-5d9af000 rw-p 00000000 00:00 0 
5d9af000-5d9b2000 ---p 00000000 00:00 0 
5d9b2000-5db00000 rw-p 00000000 00:00 0 
5db00000-5dcfd000 rw-p 00000000 00:00 0 
5dcfd000-5dd00000 ---p 00000000 00:00 0 
5dd00000-5defc000 rw-p 00000000 00:00 0 
5defc000-5df00000 ---p 00000000 00:00 0 
5df00000-5e000000 rw-p 00000000 00:00 0 
5e000000-5e100000 rw-p 00000000 00:00 0 
5e100000-5e200000 rw-p 00000000 00:00 0 
5e200000-5e2f6000 rw-p 00000000 00:00 0 
5e2f6000-5e300000 ---p 00000000 00:00 0 
5e300000-5e400000 rw-p 00000000 00:00 0 
5e400000-5e4e2000 rw-p 00000000 00:00 0 
5e4e2000-5e500000 ---p 00000000 00:00 0 
5e50d000-5e510000 ---p 00000000 00:00 0 
5e510000-5e55e000 rw-p 00000000 00:00 0 
5e55e000-5e561000 ---p 00000000 00:00 0 
5e561000-5e5af000 rw-p 00000000 00:00 0 
5e5af000-5e5b2000 ---p 00000000 00:00 0 
5e5b2000-5e600000 rw-p 00000000 00:00 0 
5e600000-5e7fe000 rw-p 00000000 00:00 0 
5e7fe000-5e800000 ---p 00000000 00:00 0 
5e800000-5ea00000 rw-p 00000000 00:00 0 
5ea00000-5eafb000 rw-p 00000000 00:00 0 
5eafb000-5eb00000 ---p 00000000 00:00 0 
5eb0d000-5eb10000 ---p 00000000 00:00 0 
5eb10000-5eb5e000 rw-p 00000000 00:00 0 
5eb5e000-5eb61000 ---p 00000000 00:00 0 
5eb61000-5ebaf000 rw-p 00000000 00:00 0 
5ebaf000-5ebb2000 ---p 00000000 00:00 0 
5ebb2000-5ec00000 rw-p 00000000 00:00 0 
5ec00000-5ecff000 rw-p 00000000 00:00 0 
5ecff000-5ed00000 ---p 00000000 00:00 0 
5ed00000-5edef000 rw-p 00000000 00:00 0 
5edef000-5ee00000 ---p 00000000 00:00 0 
5ee00000-5eee9000 rw-p 00000000 00:00 0 
5eee9000-5ef00000 ---p 00000000 00:00 0 
5ef00000-5efe2000 rw-p 00000000 00:00 0 
5efe2000-5f000000 ---p 00000000 00:00 0 
5f000000-5f0fd000 rw-p 00000000 00:00 0 
5f0fd000-5f100000 ---p 00000000 00:00 0 
5f100000-5f1f9000 rw-p 00000000 00:00 0 
5f1f9000-5f200000 ---p 00000000 00:00 0 
5f200000-5f300000 rw-p 00000000 00:00 0 
5f300000-5f3f2000 rw-p 00000000 00:00 0 
5f3f2000-5f400000 ---p 00000000 00:00 0 
5f40d000-5f410000 ---p 00000000 00:00 0 
5f410000-5f45e000 rw-p 00000000 00:00 0 
5f45e000-5f461000 ---p 00000000 00:00 0 
5f461000-5f4af000 rw-p 00000000 00:00 0 
5f4af000-5f4b2000 ---p 00000000 00:00 0 
5f4b2000-5f500000 rw-p 00000000 00:00 0 
5f500000-5f5f0000 rw-p 00000000 00:00 0 
5f5f0000-5f600000 ---p 00000000 00:00 0 
5f627000-5f62a000 ---p 00000000 00:00 0 
5f62a000-5f678000 rw-p 00000000 00:00 0 
5f678000-5f67b000 ---p 00000000 00:00 0 
5f67b000-5f6c9000 rw-p 00000000 00:00 0 
5f6c9000-5f6cc000 ---p 00000000 00:00 0 
5f6cc000-5f71a000 rw-p 00000000 00:00 0 
5f71a000-5f71d000 ---p 00000000 00:00 0 
5f71d000-5f76b000 rw-p 00000000 00:00 0 
5f76b000-5f76e000 ---p 00000000 00:00 0 
5f76e000-5f7bc000 rw-p 00000000 00:00 0 
5f7bc000-5f7bf000 ---p 00000000 00:00 0 
5f7bf000-5f80d000 rw-p 00000000 00:00 0 
5f80d000-5f810000 ---p 00000000 00:00 0 
5f810000-5f85e000 rw-p 00000000 00:00 0 
5f85e000-5f861000 ---p 00000000 00:00 0 
5f861000-5f8af000 rw-p 00000000 00:00 0 
5f8af000-5f8b2000 ---p 00000000 00:00 0 
5f8b2000-5f9fa000 rw-p 00000000 00:00 0 
5f9fa000-5fa00000 ---p 00000000 00:00 0 
5fa00000-5fb00000 rw-p 00000000 00:00 0 
5fb16000-5fb26000 r-xp 00000000 08:05 6161830    /tmp/liblz4-java3303580090701595060.so
5fb26000-5fb27000 rw-p 0000f000 08:05 6161830    /tmp/liblz4-java3303580090701595060.so
5fb27000-5fb2a000 ---p 00000000 00:00 0 
5fb2a000-5fb78000 rw-p 00000000 00:00 0 
5fb78000-5fb7b000 ---p 00000000 00:00 0 
5fb7b000-5fcc9000 rw-p 00000000 00:00 0 
5fcc9000-5fccc000 ---p 00000000 00:00 0 
5fccc000-5fd1a000 rw-p 00000000 00:00 0 
5fd1a000-5fd1d000 ---p 00000000 00:00 0 
5fd1d000-5fd6b000 rw-p 00000000 00:00 0 
5fd6b000-5fd6e000 ---p 00000000 00:00 0 
5fd6e000-5fdbc000 rw-p 00000000 00:00 0 
5fdbc000-5fdbf000 ---p 00000000 00:00 0 
5fdbf000-5fe0d000 rw-p 00000000 00:00 0 
5fe0d000-5fe10000 ---p 00000000 00:00 0 
5fe10000-5fe5e000 rw-p 00000000 00:00 0 
5fe5e000-5fe61000 ---p 00000000 00:00 0 
5fe61000-5feaf000 rw-p 00000000 00:00 0 
5feaf000-5feb2000 ---p 00000000 00:00 0 
5feb2000-5ff00000 rw-p 00000000 00:00 0 
5ff00000-5fff4000 rw-p 00000000 00:00 0 
5fff4000-60000000 ---p 00000000 00:00 0 
60000000-600fb000 rw-p 00000000 00:00 0 
600fb000-60100000 ---p 00000000 00:00 0 
60100000-60200000 rw-p 00000000 00:00 0 
60200000-602fc000 rw-p 00000000 00:00 0 
602fc000-60300000 ---p 00000000 00:00 0 
6030d000-60310000 ---p 00000000 00:00 0 
60310000-6035e000 rw-p 00000000 00:00 0 
6035e000-60361000 ---p 00000000 00:00 0 
60361000-604af000 rw-p 00000000 00:00 0 
604af000-604b2000 ---p 00000000 00:00 0 
604b2000-60500000 rw-p 00000000 00:00 0 
60500000-605fc000 rw-p 00000000 00:00 0 
605fc000-60600000 ---p 00000000 00:00 0 
60600000-60700000 rw-p 00000000 00:00 0 
60700000-60800000 rw-p 00000000 00:00 0 
60800000-608fc000 rw-p 00000000 00:00 0 
608fc000-60900000 ---p 00000000 00:00 0 
60900000-609fa000 rw-p 00000000 00:00 0 
609fa000-60a00000 ---p 00000000 00:00 0 
60a00000-60afd000 rw-p 00000000 00:00 0 
60afd000-60b00000 ---p 00000000 00:00 0 
60b0d000-60b10000 ---p 00000000 00:00 0 
60b10000-60b5e000 rw-p 00000000 00:00 0 
60b5e000-60b61000 ---p 00000000 00:00 0 
60b61000-60baf000 rw-p 00000000 00:00 0 
60baf000-60bb2000 ---p 00000000 00:00 0 
60bb2000-60d00000 rw-p 00000000 00:00 0 
60d00000-60e00000 rw-p 00000000 00:00 0 
60e00000-60f00000 rw-p 00000000 00:00 0 
60f02000-60f13000 r-xp 00000000 08:05 7219454    /usr/lib/jvm/java-8-openjdk-i386/jre/lib/i386/libnio.so
60f13000-60f14000 r--p 00010000 08:05 7219454    /usr/lib/jvm/java-8-openjdk-i386/jre/lib/i386/libnio.so
60f14000-60f15000 rw-p 00011000 08:05 7219454    /usr/lib/jvm/java-8-openjdk-i386/jre/lib/i386/libnio.so
60f15000-60f28000 r--s 00346000 08:05 7219458    /usr/lib/jvm/java-8-openjdk-i386/jre/lib/resources.jar
60f28000-60f2b000 ---p 00000000 00:00 0 
60f2b000-60f41000 rw-p 00000000 00:00 0 
60f41000-60f4a000 r-xp 00000000 08:05 7219424    /usr/lib/jvm/java-8-openjdk-i386/jre/lib/i386/libmanagement.so
60f4a000-60f4b000 r--p 00008000 08:05 7219424    /usr/lib/jvm/java-8-openjdk-i386/jre/lib/i386/libmanagement.so
60f4b000-60f4c000 rw-p 00009000 08:05 7219424    /usr/lib/jvm/java-8-openjdk-i386/jre/lib/i386/libmanagement.so
60f4c000-6104c000 rw-p 00000000 00:00 0 
6104c000-6104f000 ---p 00000000 00:00 0 
6104f000-6119d000 rw-p 00000000 00:00 0 
6119d000-611a0000 ---p 00000000 00:00 0 
611a0000-611ee000 rw-p 00000000 00:00 0 
611ee000-611f1000 ---p 00000000 00:00 0 
611f1000-61500000 rw-p 00000000 00:00 0 
61500000-615aa000 rw-p 00000000 00:00 0 
615aa000-61600000 ---p 00000000 00:00 0 
61600000-61700000 rw-p 00000000 00:00 0 
61700000-617f1000 rw-p 00000000 00:00 0 
617f1000-61800000 ---p 00000000 00:00 0 
61800000-61805000 r--s 0009a000 08:05 7219459    /usr/lib/jvm/java-8-openjdk-i386/jre/lib/jsse.jar
61805000-61806000 r-xp 00000000 08:05 7219446    /usr/lib/jvm/java-8-openjdk-i386/jre/lib/i386/libjaas_unix.so
61806000-61807000 r--p 00000000 08:05 7219446    /usr/lib/jvm/java-8-openjdk-i386/jre/lib/i386/libjaas_unix.so
61807000-61808000 rw-p 00001000 08:05 7219446    /usr/lib/jvm/java-8-openjdk-i386/jre/lib/i386/libjaas_unix.so
61808000-6181e000 r-xp 00000000 08:05 7219442    /usr/lib/jvm/java-8-openjdk-i386/jre/lib/i386/libnet.so
6181e000-6181f000 r--p 00015000 08:05 7219442    /usr/lib/jvm/java-8-openjdk-i386/jre/lib/i386/libnet.so
6181f000-61820000 rw-p 00016000 08:05 7219442    /usr/lib/jvm/java-8-openjdk-i386/jre/lib/i386/libnet.so
61820000-6182e000 r--s 000b1000 08:05 7626823    /home/saksham_ubuntu/spark-2.1.1-bin-hadoop2.7/jars/jackson-mapper-asl-1.9.13.jar
6182e000-61830000 r--s 0000f000 08:05 7626826    /home/saksham_ubuntu/spark-2.1.1-bin-hadoop2.7/jars/spark-launcher_2.11-2.1.1.jar
61830000-61900000 r--s 00cf0000 08:05 7626706    /home/saksham_ubuntu/spark-2.1.1-bin-hadoop2.7/jars/breeze_2.11-0.12.jar
61900000-619fe000 rw-p 00000000 00:00 0 
619fe000-61a00000 ---p 00000000 00:00 0 
61a00000-61a24000 r--s 001cd000 08:05 7626892    /home/saksham_ubuntu/spark-2.1.1-bin-hadoop2.7/jars/commons-math3-3.4.1.jar
61a24000-61a2a000 r--s 00028000 08:05 7626814    /home/saksham_ubuntu/spark-2.1.1-bin-hadoop2.7/jars/curator-framework-2.6.0.jar
61a2a000-61a2d000 r--s 00009000 08:05 7626820    /home/saksham_ubuntu/spark-2.1.1-bin-hadoop2.7/jars/jackson-annotations-2.6.5.jar
61a2d000-61a31000 r--s 00030000 08:05 7626698    /home/saksham_ubuntu/spark-2.1.1-bin-hadoop2.7/jars/commons-net-2.2.jar
61a31000-61a52000 rw-p 00000000 00:00 0 
61a52000-61a56000 r--s 00020000 08:05 7626789    /home/saksham_ubuntu/spark-2.1.1-bin-hadoop2.7/jars/commons-digester-1.8.jar
61a56000-61a5d000 r--s 00058000 08:05 7626758    /home/saksham_ubuntu/spark-2.1.1-bin-hadoop2.7/jars/hadoop-yarn-server-common-2.7.3.jar
61a5d000-61a60000 r--s 0002f000 08:05 7626712    /home/saksham_ubuntu/spark-2.1.1-bin-hadoop2.7/jars/RoaringBitmap-0.5.11.jar
61a60000-61a62000 r--s 00003000 08:05 7626863    /home/saksham_ubuntu/spark-2.1.1-bin-hadoop2.7/jars/JavaEWAH-0.3.2.jar
61a62000-61a63000 r--s 00009000 08:05 7626882    /home/saksham_ubuntu/spark-2.1.1-bin-hadoop2.7/jars/slf4j-api-1.7.16.jar
61a63000-61a69000 r--s 00040000 08:05 7626778    /home/saksham_ubuntu/spark-2.1.1-bin-hadoop2.7/jars/parquet-encoding-1.8.1.jar
61a69000-61a6b000 r--s 0000e000 08:05 7626829    /home/saksham_ubuntu/spark-2.1.1-bin-hadoop2.7/jars/spark-repl_2.11-2.1.1.jar
61a6b000-61a6d000 r--s 00014000 08:05 7626786    /home/saksham_ubuntu/spark-2.1.1-bin-hadoop2.7/jars/spire-macros_2.11-0.7.4.jar
61a6d000-61a78000 r--s 000b0000 08:05 7626800    /home/saksham_ubuntu/spark-2.1.1-bin-hadoop2.7/jars/jtransforms-2.4.0.jar
61a78000-61a7b000 r--s 00022000 08:05 7626858    /home/saksham_ubuntu/spark-2.1.1-bin-hadoop2.7/jars/stringtemplate-3.2.1.jar
61a7b000-61a83000 r--s 00078000 08:05 7626857    /home/saksham_ubuntu/spark-2.1.1-bin-hadoop2.7/jars/mail-1.4.7.jar
61a83000-61aaa000 r--s 0020f000 08:05 7626795    /home/saksham_ubuntu/spark-2.1.1-bin-hadoop2.7/jars/netty-all-4.0.42.Final.jar
61aaa000-61aaf000 r--s 0004e000 08:05 7626731    /home/saksham_ubuntu/spark-2.1.1-bin-hadoop2.7/jars/datanucleus-api-jdo-3.2.6.jar
61aaf000-61ab1000 r--s 00003000 08:05 7626802    /home/saksham_ubuntu/spark-2.1.1-bin-hadoop2.7/jars/jcl-over-slf4j-1.7.16.jar
61ab1000-61ab9000 r--s 00066000 08:05 7626801    /home/saksham_ubuntu/spark-2.1.1-bin-hadoop2.7/jars/apache-log4j-extras-1.2.17.jar
61ab9000-61abd000 r--s 00014000 08:05 7626893    /home/saksham_ubuntu/spark-2.1.1-bin-hadoop2.7/jars/xz-1.0.jar
61abd000-61ae9000 r--s 001c9000 08:05 7626850    /home/saksham_ubuntu/spark-2.1.1-bin-hadoop2.7/jars/shapeless_2.11-2.0.0.jar
61ae9000-61af3000 r--s 00086000 08:05 7626787    /home/saksham_ubuntu/spark-2.1.1-bin-hadoop2.7/jars/json4s-core_2.11-3.2.11.jar
61af3000-61b00000 r--s 000b1000 08:05 7626711    /home/saksham_ubuntu/spark-2.1.1-bin-hadoop2.7/jars/hadoop-mapreduce-client-common-2.7.3.jar
61b00000-61bff000 rw-p 00000000 00:00 0 
61bff000-61c00000 ---p 00000000 00:00 0 
61c00000-61cff000 rw-p 00000000 00:00 0 
61cff000-61d00000 ---p 00000000 00:00 0 
61d00000-61d01000 r--s 00004000 08:05 7626780    /home/saksham_ubuntu/spark-2.1.1-bin-hadoop2.7/jars/eigenbase-properties-1.1.5.jar
61d01000-61d03000 r--s 00009000 08:05 7626827    /home/saksham_ubuntu/spark-2.1.1-bin-hadoop2.7/jars/jackson-module-paranamer-2.6.5.jar
61d03000-61d07000 r--s 00035000 08:05 7626746    /home/saksham_ubuntu/spark-2.1.1-bin-hadoop2.7/jars/jackson-core-asl-1.9.13.jar
61d07000-61d09000 r--s 0000a000 08:05 7626761    /home/saksham_ubuntu/spark-2.1.1-bin-hadoop2.7/jars/spark-unsafe_2.11-2.1.1.jar
61d09000-61d0a000 r--s 00002000 08:05 7626768    /home/saksham_ubuntu/spark-2.1.1-bin-hadoop2.7/jars/slf4j-log4j12-1.7.16.jar
61d0a000-61d8b000 r--s 005d9000 08:05 7626815    /home/saksham_ubuntu/spark-2.1.1-bin-hadoop2.7/jars/spark-sql_2.11-2.1.1.jar
61d8b000-61d8d000 r--s 00002000 08:05 7626755    /home/saksham_ubuntu/spark-2.1.1-bin-hadoop2.7/jars/aopalliance-repackaged-2.4.0-b34.jar
61d8d000-61d92000 r--s 00068000 08:05 7626843    /home/saksham_ubuntu/spark-2.1.1-bin-hadoop2.7/jars/antlr-2.7.7.jar
61d92000-61d94000 r--s 00005000 08:05 7626810    /home/saksham_ubuntu/spark-2.1.1-bin-hadoop2.7/jars/stax-api-1.0.1.jar
61d94000-61db5000 r--s 0019b000 08:05 7626848    /home/saksham_ubuntu/spark-2.1.1-bin-hadoop2.7/jars/spark-hive-thriftserver_2.11-2.1.1.jar
61db5000-61dc5000 r--s 000a0000 08:05 7626748    /home/saksham_ubuntu/spark-2.1.1-bin-hadoop2.7/jars/spark-yarn_2.11-2.1.1.jar
61dc5000-61dc7000 r--s 00017000 08:05 7626756    /home/saksham_ubuntu/spark-2.1.1-bin-hadoop2.7/jars/hive-jdbc-1.2.1.spark2.jar
61dc7000-61dc8000 r--s 00001000 08:05 7626770    /home/saksham_ubuntu/spark-2.1.1-bin-hadoop2.7/jars/pmml-schema-1.2.15.jar
61dc8000-61dcb000 r--s 0001a000 08:05 7626871    /home/saksham_ubuntu/spark-2.1.1-bin-hadoop2.7/jars/py4j-0.10.4.jar
61dcb000-61dd1000 r--s 00044000 08:05 7626832    /home/saksham_ubuntu/spark-2.1.1-bin-hadoop2.7/jars/antlr4-runtime-4.5.3.jar
61dd1000-61dd4000 r--s 00015000 08:05 7626699    /home/saksham_ubuntu/spark-2.1.1-bin-hadoop2.7/jars/javax.servlet-api-3.1.0.jar
61dd4000-61dd5000 r--s 00004000 08:05 7626903    /home/saksham_ubuntu/spark-2.1.1-bin-hadoop2.7/jars/osgi-resource-locator-1.0.1.jar
61dd5000-61dda000 r--s 00031000 08:05 7626813    /home/saksham_ubuntu/spark-2.1.1-bin-hadoop2.7/jars/parquet-hadoop-1.8.1.jar
61dda000-61de3000 r--s 00097000 08:05 7626874    /home/saksham_ubuntu/spark-2.1.1-bin-hadoop2.7/jars/pmml-model-1.2.15.jar
61de3000-61de7000 r--s 00018000 08:05 7626733    /home/saksham_ubuntu/spark-2.1.1-bin-hadoop2.7/jars/metrics-core-3.1.2.jar
61de7000-61e00000 r--s 00164000 08:05 7626807    /home/saksham_ubuntu/spark-2.1.1-bin-hadoop2.7/jars/hadoop-mapreduce-client-core-2.7.3.jar
61e00000-61efa000 rw-p 00000000 00:00 0 
61efa000-61f00000 ---p 00000000 00:00 0 
61f00000-61f02000 r--s 0000b000 08:05 7626877    /home/saksham_ubuntu/spark-2.1.1-bin-hadoop2.7/jars/chill-java-0.8.0.jar
61f02000-61f0d000 r--s 0005d000 08:05 7626890    /home/saksham_ubuntu/spark-2.1.1-bin-hadoop2.7/jars/scala-parser-combinators_2.11-1.0.4.jar
61f0d000-61f1f000 r--s 000b3000 08:05 7626866    /home/saksham_ubuntu/spark-2.1.1-bin-hadoop2.7/jars/scalap-2.11.8.jar
61f1f000-61f29000 r--s 000aa000 08:05 7626831    /home/saksham_ubuntu/spark-2.1.1-bin-hadoop2.7/jars/janino-3.0.0.jar
61f29000-61f3f000 r--s 001a4000 08:05 7626762    /home/saksham_ubuntu/spark-2.1.1-bin-hadoop2.7/jars/datanucleus-rdbms-3.2.9.jar
61f3f000-61f44000 r--s 00041000 08:05 7626809    /home/saksham_ubuntu/spark-2.1.1-bin-hadoop2.7/jars/commons-lang-2.6.jar
61f44000-61f5a000 r--s 000d1000 08:05 7626734    /home/saksham_ubuntu/spark-2.1.1-bin-hadoop2.7/jars/parquet-column-1.8.1.jar
61f5a000-61f5c000 r--s 0000e000 08:05 7626702    /home/saksham_ubuntu/spark-2.1.1-bin-hadoop2.7/jars/oro-2.0.8.jar
61f5c000-61f5d000 r--s 00003000 08:05 7626864    /home/saksham_ubuntu/spark-2.1.1-bin-hadoop2.7/jars/metrics-json-3.1.2.jar
61f5d000-61f62000 r--s 00027000 08:05 7626898    /home/saksham_ubuntu/spark-2.1.1-bin-hadoop2.7/jars/hk2-api-2.4.0-b34.jar
61f62000-61f64000 r--s 00010000 08:05 7626821    /home/saksham_ubuntu/spark-2.1.1-bin-hadoop2.7/jars/jersey-media-jaxb-2.22.2.jar
61f64000-61f66000 r--s 00009000 08:05 7626876    /home/saksham_ubuntu/spark-2.1.1-bin-hadoop2.7/jars/commons-cli-1.2.jar
61f66000-61f68000 r--s 00100000 08:05 7626879    /home/saksham_ubuntu/spark-2.1.1-bin-hadoop2.7/jars/snappy-java-1.1.2.6.jar
61f68000-61f69000 r--s 00009000 08:05 7626700    /home/saksham_ubuntu/spark-2.1.1-bin-hadoop2.7/jars/hadoop-annotations-2.7.3.jar
61f69000-61f81000 r--s 00115000 08:05 7626861    /home/saksham_ubuntu/spark-2.1.1-bin-hadoop2.7/jars/netty-3.8.0.Final.jar
61f81000-61f82000 r--s 00006000 08:05 7626840    /home/saksham_ubuntu/spark-2.1.1-bin-hadoop2.7/jars/jackson-xc-1.9.13.jar
61f82000-61f86000 r--s 00029000 08:05 7626714    /home/saksham_ubuntu/spark-2.1.1-bin-hadoop2.7/jars/breeze-macros_2.11-0.12.jar
61f86000-61f88000 r--s 00006000 08:05 7626727    /home/saksham_ubuntu/spark-2.1.1-bin-hadoop2.7/jars/spark-sketch_2.11-2.1.1.jar
61f88000-61f8e000 r--s 00043000 08:05 7626895    /home/saksham_ubuntu/spark-2.1.1-bin-hadoop2.7/jars/commons-configuration-1.6.jar
61f8e000-61f90000 r--s 00015000 08:05 7626713    /home/saksham_ubuntu/spark-2.1.1-bin-hadoop2.7/jars/hadoop-auth-2.7.3.jar
61f90000-62068000 r--s 00a88000 08:05 7626709    /home/saksham_ubuntu/spark-2.1.1-bin-hadoop2.7/jars/spark-core_2.11-2.1.1.jar
62068000-6207e000 r--s 00124000 08:05 7626870    /home/saksham_ubuntu/spark-2.1.1-bin-hadoop2.7/jars/ivy-2.4.0.jar
6207e000-62087000 r--s 0006f000 08:05 7626793    /home/saksham_ubuntu/spark-2.1.1-bin-hadoop2.7/jars/log4j-1.2.17.jar
62087000-62088000 r--s 00009000 08:05 7626867    /home/saksham_ubuntu/spark-2.1.1-bin-hadoop2.7/jars/hive-cli-1.2.1.spark2.jar
62088000-6208a000 r--s 00003000 08:05 7626719    /home/saksham_ubuntu/spark-2.1.1-bin-hadoop2.7/jars/jersey-container-servlet-2.22.2.jar
6208a000-6208c000 r--s 00003000 08:05 7626880    /home/saksham_ubuntu/spark-2.1.1-bin-hadoop2.7/jars/base64-2.3.8.jar
6208c000-620e5000 r--s 00522000 08:05 7626902    /home/saksham_ubuntu/spark-2.1.1-bin-hadoop2.7/jars/scala-library-2.11.8.jar
620e5000-620f4000 r--s 0009f000 08:05 7626803    /home/saksham_ubuntu/spark-2.1.1-bin-hadoop2.7/jars/guice-3.0.jar
620f4000-62200000 r--s 00dba000 08:05 7626896    /home/saksham_ubuntu/spark-2.1.1-bin-hadoop2.7/jars/scala-compiler-2.11.8.jar
62200000-62300000 rw-p 00000000 00:00 0 
62300000-62302000 r--s 00000000 08:05 7626873    /home/saksham_ubuntu/spark-2.1.1-bin-hadoop2.7/jars/jul-to-slf4j-1.7.16.jar
62302000-62304000 r--s 00012000 08:05 7626855    /home/saksham_ubuntu/spark-2.1.1-bin-hadoop2.7/jars/api-util-1.0.0-M20.jar
62304000-62305000 r--s 00003000 08:05 7626743    /home/saksham_ubuntu/spark-2.1.1-bin-hadoop2.7/jars/xmlenc-0.52.jar
62305000-62308000 r--s 0000e000 08:05 7626724    /home/saksham_ubuntu/spark-2.1.1-bin-hadoop2.7/jars/jersey-container-servlet-core-2.22.2.jar
62308000-62315000 r--s 000a7000 08:05 7626776    /home/saksham_ubuntu/spark-2.1.1-bin-hadoop2.7/jars/httpclient-4.5.2.jar
62315000-6231d000 r--s 00059000 08:05 7626760    /home/saksham_ubuntu/spark-2.1.1-bin-hadoop2.7/jars/javolution-5.5.1.jar
6231d000-62341000 rw-p 00000000 00:00 0 
62341000-62352000 r--s 0010d000 08:05 7626783    /home/saksham_ubuntu/spark-2.1.1-bin-hadoop2.7/jars/jackson-databind-2.6.5.jar
62352000-62359000 r--s 00051000 08:05 7626708    /home/saksham_ubuntu/spark-2.1.1-bin-hadoop2.7/jars/kryo-shaded-3.0.3.jar
62359000-6235d000 r--s 00028000 08:05 7626757    /home/saksham_ubuntu/spark-2.1.1-bin-hadoop2.7/jars/spark-mllib-local_2.11-2.1.1.jar
6235d000-6239d000 r--s 00277000 08:05 7626836    /home/saksham_ubuntu/spark-2.1.1-bin-hadoop2.7/jars/bcprov-jdk15on-1.51.jar
6239d000-62400000 r--s 004de000 08:05 7626788    /home/saksham_ubuntu/spark-2.1.1-bin-hadoop2.7/jars/hive-metastore-1.2.1.spark2.jar
62400000-624ff000 rw-p 00000000 00:00 0 
624ff000-62500000 ---p 00000000 00:00 0 
62500000-62501000 r--s 00004000 08:05 7626785    /home/saksham_ubuntu/spark-2.1.1-bin-hadoop2.7/jars/opencsv-2.3.jar
62501000-62503000 r--s 00010000 08:05 7626771    /home/saksham_ubuntu/spark-2.1.1-bin-hadoop2.7/jars/hadoop-mapreduce-client-shuffle-2.7.3.jar
62503000-62505000 r--s 0000f000 08:05 7626716    /home/saksham_ubuntu/spark-2.1.1-bin-hadoop2.7/jars/activation-1.1.1.jar
62505000-62507000 r--s 00027000 08:05 7626842    /home/saksham_ubuntu/spark-2.1.1-bin-hadoop2.7/jars/core-1.1.2.jar
62507000-6250e000 r--s 0007d000 08:05 7626791    /home/saksham_ubuntu/spark-2.1.1-bin-hadoop2.7/jars/jetty-6.1.26.jar
6250e000-62511000 r--s 00015000 08:05 7626792    /home/saksham_ubuntu/spark-2.1.1-bin-hadoop2.7/jars/pyrolite-4.13.jar
62511000-62513000 r--s 00004000 08:05 7626839    /home/saksham_ubuntu/spark-2.1.1-bin-hadoop2.7/jars/metrics-graphite-3.1.2.jar
62513000-62516000 r--s 00006000 08:05 7626790    /home/saksham_ubuntu/spark-2.1.1-bin-hadoop2.7/jars/jsr305-1.3.9.jar
62516000-62533000 r--s 001d5000 08:05 7626897    /home/saksham_ubuntu/spark-2.1.1-bin-hadoop2.7/jars/hadoop-yarn-api-2.7.3.jar
62533000-62541000 r--s 00078000 08:05 7626825    /home/saksham_ubuntu/spark-2.1.1-bin-hadoop2.7/jars/spark-mesos_2.11-2.1.1.jar
62541000-62542000 r--s 00000000 08:05 7626749    /home/saksham_ubuntu/spark-2.1.1-bin-hadoop2.7/jars/javax.inject-1.jar
62542000-62545000 r--s 00014000 08:05 7626830    /home/saksham_ubuntu/spark-2.1.1-bin-hadoop2.7/jars/super-csv-2.2.0.jar
62545000-6254c000 r--s 0005d000 08:05 7626845    /home/saksham_ubuntu/spark-2.1.1-bin-hadoop2.7/jars/mx4j-3.0.2.jar
6254c000-62553000 r--s 00049000 08:05 7626805    /home/saksham_ubuntu/spark-2.1.1-bin-hadoop2.7/jars/httpcore-4.4.4.jar
62553000-6255a000 r--s 00046000 08:05 7626849    /home/saksham_ubuntu/spark-2.1.1-bin-hadoop2.7/jars/libfb303-0.9.3.jar
6255a000-6255f000 r--s 00032000 08:05 7626901    /home/saksham_ubuntu/spark-2.1.1-bin-hadoop2.7/jars/chill_2.11-0.8.0.jar
6255f000-6256c000 r--s 00071000 08:05 7626869    /home/saksham_ubuntu/spark-2.1.1-bin-hadoop2.7/jars/jackson-module-scala_2.11-2.6.5.jar
6256c000-62571000 r--s 0002a000 08:05 7626804    /home/saksham_ubuntu/spark-2.1.1-bin-hadoop2.7/jars/gson-2.2.4.jar
62571000-62575000 r--s 0002a000 08:05 7626816    /home/saksham_ubuntu/spark-2.1.1-bin-hadoop2.7/jars/commons-io-2.4.jar
62575000-625a2000 r--s 001d4000 08:05 7626900    /home/saksham_ubuntu/spark-2.1.1-bin-hadoop2.7/jars/spark-streaming_2.11-2.1.1.jar
625a2000-625ba000 r--s 00115000 08:05 7626703    /home/saksham_ubuntu/spark-2.1.1-bin-hadoop2.7/jars/xercesImpl-2.9.1.jar
625ba000-625c0000 r--s 00045000 08:05 7626754    /home/saksham_ubuntu/spark-2.1.1-bin-hadoop2.7/jars/commons-httpclient-3.1.jar
625c0000-625c3000 r--s 00017000 08:05 7626852    /home/saksham_ubuntu/spark-2.1.1-bin-hadoop2.7/jars/jaxb-api-2.2.2.jar
625c3000-625c7000 r--s 0001a000 08:05 7626728    /home/saksham_ubuntu/spark-2.1.1-bin-hadoop2.7/jars/hk2-utils-2.4.0-b34.jar
625c7000-625c9000 r--s 0000e000 08:05 7626846    /home/saksham_ubuntu/spark-2.1.1-bin-hadoop2.7/jars/commons-logging-1.1.3.jar
625c9000-62600000 r--s 00325000 08:05 7626854    /home/saksham_ubuntu/spark-2.1.1-bin-hadoop2.7/jars/calcite-core-1.2.0-incubating.jar
62600000-62700000 rw-p 00000000 00:00 0 
62700000-62701000 r--s 00003000 08:05 7626739    /home/saksham_ubuntu/spark-2.1.1-bin-hadoop2.7/jars/spark-tags_2.11-2.1.1.jar
62701000-62718000 r--s 00183000 08:05 7626822    /home/saksham_ubuntu/spark-2.1.1-bin-hadoop2.7/jars/hadoop-yarn-common-2.7.3.jar
62718000-6271a000 r--s 0000d000 08:05 7626794    /home/saksham_ubuntu/spark-2.1.1-bin-hadoop2.7/jars/hadoop-yarn-server-web-proxy-2.7.3.jar
6271a000-62721000 r--s 00049000 08:05 7626889    /home/saksham_ubuntu/spark-2.1.1-bin-hadoop2.7/jars/univocity-parsers-2.2.1.jar
62721000-6274a000 r--s 001ee000 08:05 7626899    /home/saksham_ubuntu/spark-2.1.1-bin-hadoop2.7/jars/guava-14.0.1.jar
6274a000-6274e000 r--s 00036000 08:05 7626888    /home/saksham_ubuntu/spark-2.1.1-bin-hadoop2.7/jars/ST4-4.0.4.jar
6274e000-62753000 r--s 00036000 08:05 7626723    /home/saksham_ubuntu/spark-2.1.1-bin-hadoop2.7/jars/commons-compress-1.4.1.jar
62753000-62754000 r--s 00008000 08:05 7626881    /home/saksham_ubuntu/spark-2.1.1-bin-hadoop2.7/jars/commons-compiler-3.0.0.jar
62754000-6276f000 r--s 001d8000 08:05 7626721    /home/saksham_ubuntu/spark-2.1.1-bin-hadoop2.7/jars/jets3t-0.9.3.jar
6276f000-62780000 r--s 00089000 08:05 7626772    /home/saksham_ubuntu/spark-2.1.1-bin-hadoop2.7/jars/joda-time-2.9.3.jar
62780000-627cc000 r--s 00411000 08:05 7626894    /home/saksham_ubuntu/spark-2.1.1-bin-hadoop2.7/jars/scala-reflect-2.11.8.jar
627cc000-62800000 r--s 00277000 08:05 7626741    /home/saksham_ubuntu/spark-2.1.1-bin-hadoop2.7/jars/parquet-hadoop-bundle-1.6.0.jar
62800000-628ff000 rw-p 00000000 00:00 0 
628ff000-62900000 ---p 00000000 00:00 0 
62900000-62902000 r--s 00009000 08:05 7626885    /home/saksham_ubuntu/spark-2.1.1-bin-hadoop2.7/jars/objenesis-2.1.jar
62902000-62910000 r--s 0009d000 08:05 7626763    /home/saksham_ubuntu/spark-2.1.1-bin-hadoop2.7/jars/jersey-common-2.22.2.jar
62910000-62914000 r--s 0002c000 08:05 7626817    /home/saksham_ubuntu/spark-2.1.1-bin-hadoop2.7/jars/avro-ipc-1.7.7.jar
62914000-62916000 r--s 0000f000 08:05 7626784    /home/saksham_ubuntu/spark-2.1.1-bin-hadoop2.7/jars/curator-client-2.6.0.jar
62916000-62920000 r--s 0007b000 08:05 7626884    /home/saksham_ubuntu/spark-2.1.1-bin-hadoop2.7/jars/hadoop-mapreduce-client-app-2.7.3.jar
62920000-62922000 r--s 00005000 08:05 7626812    /home/saksham_ubuntu/spark-2.1.1-bin-hadoop2.7/jars/javax.annotation-api-1.2.jar
62922000-62924000 r--s 0001f000 08:05 7626862    /home/saksham_ubuntu/spark-2.1.1-bin-hadoop2.7/jars/commons-crypto-1.0.0.jar
62924000-62926000 r--s 00038000 08:05 7626841    /home/saksham_ubuntu/spark-2.1.1-bin-hadoop2.7/jars/lz4-1.3.0.jar
62926000-62927000 r--s 00003000 08:05 7626717    /home/saksham_ubuntu/spark-2.1.1-bin-hadoop2.7/jars/jta-1.1.jar
62927000-62928000 r--s 00002000 08:05 7626735    /home/saksham_ubuntu/spark-2.1.1-bin-hadoop2.7/jars/java-xmlbuilder-1.0.jar
62928000-62957000 r--s 002e5000 08:05 7626883    /home/saksham_ubuntu/spark-2.1.1-bin-hadoop2.7/jars/derby-10.12.1.1.jar
62957000-6295a000 r--s 00025000 08:05 7626767    /home/saksham_ubuntu/spark-2.1.1-bin-hadoop2.7/jars/commons-dbcp-1.4.jar
6295a000-6295e000 r--s 00031000 08:05 7626732    /home/saksham_ubuntu/spark-2.1.1-bin-hadoop2.7/jars/jline-2.12.1.jar
6295e000-62962000 r--s 0003c000 08:05 7626891    /home/saksham_ubuntu/spark-2.1.1-bin-hadoop2.7/jars/jackson-core-2.6.5.jar
62962000-62965000 r--s 0000d000 08:05 7626811    /home/saksham_ubuntu/spark-2.1.1-bin-hadoop2.7/jars/spark-network-shuffle_2.11-2.1.1.jar
62965000-629d0000 r--s 00784000 08:05 7626701    /home/saksham_ubuntu/spark-2.1.1-bin-hadoop2.7/jars/hadoop-hdfs-2.7.3.jar
629d0000-629d1000 r--s 00002000 08:05 7626833    /home/saksham_ubuntu/spark-2.1.1-bin-hadoop2.7/jars/jpam-1.1.jar
629d1000-629d3000 r--s 00012000 08:05 7626799    /home/saksham_ubuntu/spark-2.1.1-bin-hadoop2.7/jars/compress-lzf-1.0.3.jar
629d3000-629d6000 r--s 00016000 08:05 7626742    /home/saksham_ubuntu/spark-2.1.1-bin-hadoop2.7/jars/jsp-api-2.1.jar
629d6000-629da000 r--s 00029000 08:05 7626740    /home/saksham_ubuntu/spark-2.1.1-bin-hadoop2.7/jars/hk2-locator-2.4.0-b34.jar
629da000-629de000 r--s 00019000 08:05 7626837    /home/saksham_ubuntu/spark-2.1.1-bin-hadoop2.7/jars/javax.ws.rs-api-2.0.1.jar
629de000-629f2000 r--s 000ec000 08:05 7626705    /home/saksham_ubuntu/spark-2.1.1-bin-hadoop2.7/jars/parquet-jackson-1.8.1.jar
629f2000-629f6000 r--s 0000c000 08:05 7626766    /home/saksham_ubuntu/spark-2.1.1-bin-hadoop2.7/jars/validation-api-1.1.0.Final.jar
629f6000-629f9000 r--s 00021000 08:05 7626745    /home/saksham_ubuntu/spark-2.1.1-bin-hadoop2.7/jars/xbean-asm5-shaded-4.4.jar
629f9000-62a03000 r--s 000a5000 08:05 7626835    /home/saksham_ubuntu/spark-2.1.1-bin-hadoop2.7/jars/javassist-3.18.1-GA.jar
62a03000-62a1c000 r--s 00150000 08:05 7626775    /home/saksham_ubuntu/spark-2.1.1-bin-hadoop2.7/jars/htrace-core-3.1.0-incubating.jar
62a1c000-62a3e000 r--s 00335000 08:05 7626819    /home/saksham_ubuntu/spark-2.1.1-bin-hadoop2.7/jars/mesos-1.0.0-shaded-protobuf.jar
62a3e000-62a43000 r--s 00028000 08:05 7626878    /home/saksham_ubuntu/spark-2.1.1-bin-hadoop2.7/jars/avro-mapred-1.7.7-hadoop2.jar
62a43000-62a4a000 r--s 00058000 08:05 7626738    /home/saksham_ubuntu/spark-2.1.1-bin-hadoop2.7/jars/parquet-format-2.3.0-incubating.jar
62a4a000-62a4e000 r--s 00028000 08:05 7626722    /home/saksham_ubuntu/spark-2.1.1-bin-hadoop2.7/jars/jetty-util-6.1.26.jar
62a4e000-62ad9000 r--s 0069e000 08:05 7626782    /home/saksham_ubuntu/spark-2.1.1-bin-hadoop2.7/jars/spark-catalyst_2.11-2.1.1.jar
62ad9000-62ae0000 r--s 00036000 08:05 7626773    /home/saksham_ubuntu/spark-2.1.1-bin-hadoop2.7/jars/curator-recipes-2.6.0.jar
62ae0000-62ae3000 r--s 00012000 08:05 7626751    /home/saksham_ubuntu/spark-2.1.1-bin-hadoop2.7/jars/json4s-ast_2.11-3.2.11.jar
62ae3000-62ae8000 r--s 0002a000 08:05 7626725    /home/saksham_ubuntu/spark-2.1.1-bin-hadoop2.7/jars/commons-beanutils-1.7.0.jar
62ae8000-62b00000 r--s 000d6000 08:05 7626720    /home/saksham_ubuntu/spark-2.1.1-bin-hadoop2.7/jars/jersey-guava-2.22.2.jar
62b00000-62bfd000 rw-p 00000000 00:00 0 
62bfd000-62c00000 ---p 00000000 00:00 0 
62c00000-62c02000 r--s 00008000 08:05 7626730    /home/saksham_ubuntu/spark-2.1.1-bin-hadoop2.7/jars/parquet-common-1.8.1.jar
62c02000-62c08000 r--s 0002c000 08:05 7626865    /home/saksham_ubuntu/spark-2.1.1-bin-hadoop2.7/jars/jdo-api-3.0.1.jar
62c08000-62c10000 r--s 0007b000 08:05 7626806    /home/saksham_ubuntu/spark-2.1.1-bin-hadoop2.7/jars/protobuf-java-2.5.0.jar
62c10000-62c12000 r--s 00020000 08:05 7626818    /home/saksham_ubuntu/spark-2.1.1-bin-hadoop2.7/jars/hive-beeline-1.2.1.spark2.jar
62c12000-62c16000 r--s 00025000 08:05 7626887    /home/saksham_ubuntu/spark-2.1.1-bin-hadoop2.7/jars/jersey-client-2.22.2.jar
62c16000-62c1a000 r--s 00025000 08:05 7626704    /home/saksham_ubuntu/spark-2.1.1-bin-hadoop2.7/jars/antlr-runtime-3.4.jar
62c1a000-62c8e000 r--s 00574000 08:05 7626808    /home/saksham_ubuntu/spark-2.1.1-bin-hadoop2.7/jars/spark-mllib_2.11-2.1.1.jar
62c8e000-62ca6000 r--s 001b6000 08:05 7626718    /home/saksham_ubuntu/spark-2.1.1-bin-hadoop2.7/jars/datanucleus-core-3.2.10.jar
62ca6000-62cac000 r--s 00034000 08:05 7626851    /home/saksham_ubuntu/spark-2.1.1-bin-hadoop2.7/jars/libthrift-0.9.3.jar
62cac000-62cae000 r--s 00004000 08:05 7626736    /home/saksham_ubuntu/spark-2.1.1-bin-hadoop2.7/jars/stax-api-1.0-2.jar
62cae000-62cb1000 r--s 00015000 08:05 7626769    /home/saksham_ubuntu/spark-2.1.1-bin-hadoop2.7/jars/commons-pool-1.5.4.jar
62cb1000-62ce7000 r--s 0031c000 08:05 7626715    /home/saksham_ubuntu/spark-2.1.1-bin-hadoop2.7/jars/hadoop-common-2.7.3.jar
62ce7000-62d00000 r--s 00114000 08:05 7626726    /home/saksham_ubuntu/spark-2.1.1-bin-hadoop2.7/jars/spark-hive_2.11-2.1.1.jar
62d00000-62dff000 rw-p 00000000 00:00 0 
62dff000-62e00000 ---p 00000000 00:00 0 
62e00000-62e02000 r--s 0000e000 08:05 7626859    /home/saksham_ubuntu/spark-2.1.1-bin-hadoop2.7/jars/guice-servlet-3.0.jar
62e02000-62eab000 r--s 00a4f000 08:05 7626853    /home/saksham_ubuntu/spark-2.1.1-bin-hadoop2.7/jars/hive-exec-1.2.1.spark2.jar
62eab000-62f00000 r--s 0069c000 08:05 7626744    /home/saksham_ubuntu/spark-2.1.1-bin-hadoop2.7/jars/spire_2.11-0.7.4.jar
62f00000-62ffb000 rw-p 00000000 00:00 0 
62ffb000-63000000 ---p 00000000 00:00 0 
63000000-63001000 r--s 00006000 08:05 7626824    /home/saksham_ubuntu/spark-2.1.1-bin-hadoop2.7/jars/hadoop-client-2.7.3.jar
63001000-6300b000 r--s 00095000 08:05 7626797    /home/saksham_ubuntu/spark-2.1.1-bin-hadoop2.7/jars/scala-xml_2.11-1.0.2.jar
6300b000-63012000 r--s 00039000 08:05 7626796    /home/saksham_ubuntu/spark-2.1.1-bin-hadoop2.7/jars/calcite-avatica-1.2.0-incubating.jar
63012000-63015000 r--s 00019000 08:05 7626697    /home/saksham_ubuntu/spark-2.1.1-bin-hadoop2.7/jars/bonecp-0.8.0.RELEASE.jar
63015000-63018000 r--s 00026000 08:05 7626844    /home/saksham_ubuntu/spark-2.1.1-bin-hadoop2.7/jars/hadoop-yarn-client-2.7.3.jar
63018000-63046000 r--s 00212000 08:05 7626781    /home/saksham_ubuntu/spark-2.1.1-bin-hadoop2.7/jars/spark-network-common_2.11-2.1.1.jar
63046000-6304f000 r--s 00062000 08:05 7626729    /home/saksham_ubuntu/spark-2.1.1-bin-hadoop2.7/jars/avro-1.7.7.jar
6304f000-6305a000 r--s 00062000 08:05 7626798    /home/saksham_ubuntu/spark-2.1.1-bin-hadoop2.7/jars/calcite-linq4j-1.2.0-incubating.jar
6305a000-6305b000 ---p 00000000 00:00 0 
6305b000-630db000 rw-p 00000000 00:00 0 
630db000-630de000 ---p 00000000 00:00 0 
630de000-6312c000 rw-p 00000000 00:00 0 
6312c000-6312f000 ---p 00000000 00:00 0 
6312f000-631ad000 rw-p 00000000 00:00 0 
631ad000-631b0000 ---p 00000000 00:00 0 
631b0000-6322e000 rw-p 00000000 00:00 0 
6322e000-63231000 ---p 00000000 00:00 0 
63231000-632af000 rw-p 00000000 00:00 0 
632af000-632b2000 ---p 00000000 00:00 0 
632b2000-63300000 rw-p 00000000 00:00 0 
63300000-63500000 r--p 00000000 08:05 6292404    /usr/lib/locale/locale-archive
63500000-635fa000 rw-p 00000000 00:00 0 
635fa000-63600000 ---p 00000000 00:00 0 
63600000-636ff000 rw-p 00000000 00:00 0 
636ff000-63700000 ---p 00000000 00:00 0 
63700000-637fa000 rw-p 00000000 00:00 0 
637fa000-63800000 ---p 00000000 00:00 0 
63800000-63801000 r--s 00009000 08:05 7626750    /home/saksham_ubuntu/spark-2.1.1-bin-hadoop2.7/jars/json4s-jackson_2.11-3.2.11.jar
63801000-63813000 r--s 00112000 08:05 7626872    /home/saksham_ubuntu/spark-2.1.1-bin-hadoop2.7/jars/arpack_combined_all-0.1.jar
63813000-63816000 ---p 00000000 00:00 0 
63816000-63864000 rw-p 00000000 00:00 0 
63864000-63865000 ---p 00000000 00:00 0 
63865000-638e5000 rw-p 00000000 00:00 0 
638e5000-63ab4000 r--s 03c07000 08:05 7219410    /usr/lib/jvm/java-8-openjdk-i386/jre/lib/rt.jar
63ab4000-63efa000 rw-p 00000000 00:00 0 
63efa000-63f00000 ---p 00000000 00:00 0 
63f00000-66300000 rw-p 00000000 00:00 0 
66300000-663e9000 rw-p 00000000 00:00 0 
663e9000-66400000 ---p 00000000 00:00 0 
66400000-66401000 r--s 0000a000 08:05 7626765    /home/saksham_ubuntu/spark-2.1.1-bin-hadoop2.7/jars/apacheds-i18n-2.0.0-M15.jar
66401000-66403000 r--s 00003000 08:05 7626764    /home/saksham_ubuntu/spark-2.1.1-bin-hadoop2.7/jars/api-asn1-api-1.0.0-M20.jar
66403000-6640b000 r--s 0006e000 08:05 7626834    /home/saksham_ubuntu/spark-2.1.1-bin-hadoop2.7/jars/commons-lang3-3.5.jar
6640b000-66418000 r--s 00083000 08:05 7626747    /home/saksham_ubuntu/spark-2.1.1-bin-hadoop2.7/jars/commons-collections-3.2.2.jar
66418000-6642e000 r--s 000d3000 08:05 7626774    /home/saksham_ubuntu/spark-2.1.1-bin-hadoop2.7/jars/jersey-server-2.22.2.jar
6642e000-66431000 ---p 00000000 00:00 0 
66431000-6647f000 rw-p 00000000 00:00 0 
6647f000-66480000 ---p 00000000 00:00 0 
66480000-66500000 rw-p 00000000 00:00 0 
66500000-66600000 rw-p 00000000 00:00 0 
66600000-66601000 r--s 0000b000 08:05 7626777    /home/saksham_ubuntu/spark-2.1.1-bin-hadoop2.7/jars/snappy-0.2.jar
66601000-66607000 r--s 00063000 08:05 7626886    /home/saksham_ubuntu/spark-2.1.1-bin-hadoop2.7/jars/jodd-core-3.5.2.jar
66607000-66613000 r--s 000b6000 08:05 7626868    /home/saksham_ubuntu/spark-2.1.1-bin-hadoop2.7/jars/zookeeper-3.4.6.jar
66613000-66620000 r--s 0009e000 08:05 7626860    /home/saksham_ubuntu/spark-2.1.1-bin-hadoop2.7/jars/spark-graphx_2.11-2.1.1.jar
66620000-66632000 r--s 00097000 08:05 7626856    /home/saksham_ubuntu/spark-2.1.1-bin-hadoop2.7/jars/apacheds-kerberos-codec-2.0.0-M15.jar
66632000-6667f000 rw-p 00000000 00:00 0 
6667f000-66680000 ---p 00000000 00:00 0 
66680000-66700000 rw-p 00000000 00:00 0 
66700000-66747000 rw-p 00000000 00:00 0 
66747000-66800000 ---p 00000000 00:00 0 
66800000-66804000 r--s 0002f000 08:05 7626847    /home/saksham_ubuntu/spark-2.1.1-bin-hadoop2.7/jars/commons-beanutils-core-1.8.0.jar
66804000-66806000 r--s 00000000 08:05 7626828    /home/saksham_ubuntu/spark-2.1.1-bin-hadoop2.7/jars/aopalliance-1.0.jar
66806000-66809000 r--s 00028000 08:05 7626707    /home/saksham_ubuntu/spark-2.1.1-bin-hadoop2.7/jars/stream-2.7.0.jar
66809000-66824000 r--s 001d6000 08:05 7219404    /usr/lib/jvm/java-8-openjdk-i386/jre/lib/ext/nashorn.jar
66824000-6687f000 rw-p 00000000 00:00 0 
6687f000-66880000 ---p 00000000 00:00 0 
66880000-66900000 rw-p 00000000 00:00 0 
66900000-66958000 rw-p 00000000 00:00 0 
66958000-66a00000 ---p 00000000 00:00 0 
66a00000-66a01000 r--s 00001000 08:05 7626875    /home/saksham_ubuntu/spark-2.1.1-bin-hadoop2.7/jars/javax.inject-2.4.0-b34.jar
66a01000-66a03000 r--s 0000e000 08:05 7626838    /home/saksham_ubuntu/spark-2.1.1-bin-hadoop2.7/jars/hadoop-mapreduce-client-jobclient-2.7.3.jar
66a03000-66a04000 r--s 00001000 08:05 7626759    /home/saksham_ubuntu/spark-2.1.1-bin-hadoop2.7/jars/minlog-1.3.0.jar
66a04000-66a06000 r--s 00008000 08:05 7626710    /home/saksham_ubuntu/spark-2.1.1-bin-hadoop2.7/jars/metrics-jvm-3.1.2.jar
66a06000-66a0d000 r--s 0003f000 08:05 7626752    /home/saksham_ubuntu/spark-2.1.1-bin-hadoop2.7/jars/commons-codec-1.10.jar
66a0d000-66a28000 r--s 00394000 08:05 7219402    /usr/lib/jvm/java-8-openjdk-i386/jre/lib/ext/cldrdata.jar
66a28000-66a29000 ---p 00000000 00:00 0 
66a29000-66ab7000 rw-p 00000000 00:00 0 
66ab7000-66bff000 ---p 00000000 00:00 0 
66bff000-66c0d000 rw-p 00000000 00:00 0 
66c0d000-66d54000 ---p 00000000 00:00 0 
66d54000-66d70000 rw-p 00000000 00:00 0 
66d70000-66dff000 ---p 00000000 00:00 0 
66dff000-68880000 rw-p 00000000 00:00 0 
68880000-918c0000 ---p 00000000 00:00 0 
918c0000-94f80000 rw-p 00000000 00:00 0 
94f80000-a6e00000 ---p 00000000 00:00 0 
a6e00000-a6e02000 r--s 00006000 08:05 7626737    /home/saksham_ubuntu/spark-2.1.1-bin-hadoop2.7/jars/paranamer-2.3.jar
a6e02000-a6e05000 r--s 000fd000 08:05 7626753    /home/saksham_ubuntu/spark-2.1.1-bin-hadoop2.7/jars/leveldbjni-all-1.8.jar
a6e05000-a6e06000 r--s 00004000 08:05 7626779    /home/saksham_ubuntu/spark-2.1.1-bin-hadoop2.7/jars/jackson-jaxrs-1.9.13.jar
a6e06000-a6e0b000 r--s 0003b000 08:05 7219400    /usr/lib/jvm/java-8-openjdk-i386/jre/lib/ext/sunjce_provider.jar
a6e0b000-a6e15000 r--s 00116000 08:05 7219403    /usr/lib/jvm/java-8-openjdk-i386/jre/lib/ext/localedata.jar
a6e15000-a6e46000 rw-p 00000000 00:00 0 
a6e46000-a71ed000 ---p 00000000 00:00 0 
a71ed000-a781d000 rwxp 00000000 00:00 0 
a781d000-b61ed000 ---p 00000000 00:00 0 
b61ed000-b61f8000 r-xp 00000000 08:05 787042     /lib/i386-linux-gnu/libnss_files-2.23.so
b61f8000-b61f9000 r--p 0000a000 08:05 787042     /lib/i386-linux-gnu/libnss_files-2.23.so
b61f9000-b61fa000 rw-p 0000b000 08:05 787042     /lib/i386-linux-gnu/libnss_files-2.23.so
b61fa000-b6200000 rw-p 00000000 00:00 0 
b6200000-b62fa000 rw-p 00000000 00:00 0 
b62fa000-b6300000 ---p 00000000 00:00 0 
b6300000-b6304000 r--s 00037000 08:05 7219397    /usr/lib/jvm/java-8-openjdk-i386/jre/lib/ext/sunpkcs11.jar
b6304000-b630f000 r-xp 00000000 08:05 787035     /lib/i386-linux-gnu/libnss_nis-2.23.so
b630f000-b6310000 r--p 0000a000 08:05 787035     /lib/i386-linux-gnu/libnss_nis-2.23.so
b6310000-b6311000 rw-p 0000b000 08:05 787035     /lib/i386-linux-gnu/libnss_nis-2.23.so
b6311000-b6328000 r-xp 00000000 08:05 787037     /lib/i386-linux-gnu/libnsl-2.23.so
b6328000-b6329000 r--p 00016000 08:05 787037     /lib/i386-linux-gnu/libnsl-2.23.so
b6329000-b632a000 rw-p 00017000 08:05 787037     /lib/i386-linux-gnu/libnsl-2.23.so
b632a000-b632c000 rw-p 00000000 00:00 0 
b632c000-b6334000 r-xp 00000000 08:05 787043     /lib/i386-linux-gnu/libnss_compat-2.23.so
b6334000-b6335000 r--p 00007000 08:05 787043     /lib/i386-linux-gnu/libnss_compat-2.23.so
b6335000-b6336000 rw-p 00008000 08:05 787043     /lib/i386-linux-gnu/libnss_compat-2.23.so
b6336000-b6338000 r--s 00008000 08:05 7219399    /usr/lib/jvm/java-8-openjdk-i386/jre/lib/ext/sunec.jar
b6338000-b633b000 r--s 0000f000 08:05 7219401    /usr/lib/jvm/java-8-openjdk-i386/jre/lib/ext/icedtea-sound.jar
b633b000-b6343000 r-xp 00000000 08:05 7219435    /usr/lib/jvm/java-8-openjdk-i386/jre/lib/i386/libzip.so
b6343000-b6344000 r--p 00007000 08:05 7219435    /usr/lib/jvm/java-8-openjdk-i386/jre/lib/i386/libzip.so
b6344000-b6345000 rw-p 00008000 08:05 7219435    /usr/lib/jvm/java-8-openjdk-i386/jre/lib/i386/libzip.so
b6345000-b634d000 rw-s 00000000 08:05 7626984    /tmp/hsperfdata_saksham_ubuntu/14412
b634d000-b6374000 r-xp 00000000 08:05 7219430    /usr/lib/jvm/java-8-openjdk-i386/jre/lib/i386/libjava.so
b6374000-b6375000 r--p 00026000 08:05 7219430    /usr/lib/jvm/java-8-openjdk-i386/jre/lib/i386/libjava.so
b6375000-b6376000 rw-p 00027000 08:05 7219430    /usr/lib/jvm/java-8-openjdk-i386/jre/lib/i386/libjava.so
b6376000-b637d000 r-xp 00000000 08:05 787044     /lib/i386-linux-gnu/librt-2.23.so
b637d000-b637e000 r--p 00006000 08:05 787044     /lib/i386-linux-gnu/librt-2.23.so
b637e000-b637f000 rw-p 00007000 08:05 787044     /lib/i386-linux-gnu/librt-2.23.so
b637f000-b6382000 ---p 00000000 00:00 0 
b6382000-b63d0000 rw-p 00000000 00:00 0 
b63d0000-b63ec000 r-xp 00000000 08:05 787806     /lib/i386-linux-gnu/libgcc_s.so.1
b63ec000-b63ed000 rw-p 0001b000 08:05 787806     /lib/i386-linux-gnu/libgcc_s.so.1
b63ed000-b6440000 r-xp 00000000 08:05 787036     /lib/i386-linux-gnu/libm-2.23.so
b6440000-b6441000 r--p 00052000 08:05 787036     /lib/i386-linux-gnu/libm-2.23.so
b6441000-b6442000 rw-p 00053000 08:05 787036     /lib/i386-linux-gnu/libm-2.23.so
b6442000-b65af000 r-xp 00000000 08:05 6293626    /usr/lib/i386-linux-gnu/libstdc++.so.6.0.21
b65af000-b65b0000 ---p 0016d000 08:05 6293626    /usr/lib/i386-linux-gnu/libstdc++.so.6.0.21
b65b0000-b65b5000 r--p 0016d000 08:05 6293626    /usr/lib/i386-linux-gnu/libstdc++.so.6.0.21
b65b5000-b65b6000 rw-p 00172000 08:05 6293626    /usr/lib/i386-linux-gnu/libstdc++.so.6.0.21
b65b6000-b65b9000 rw-p 00000000 00:00 0 
b65b9000-b7087000 r-xp 00000000 08:05 7354171    /usr/lib/jvm/java-8-openjdk-i386/jre/lib/i386/server/libjvm.so
b7087000-b7088000 ---p 00ace000 08:05 7354171    /usr/lib/jvm/java-8-openjdk-i386/jre/lib/i386/server/libjvm.so
b7088000-b70cd000 r--p 00ace000 08:05 7354171    /usr/lib/jvm/java-8-openjdk-i386/jre/lib/i386/server/libjvm.so
b70cd000-b70e4000 rw-p 00b13000 08:05 7354171    /usr/lib/jvm/java-8-openjdk-i386/jre/lib/i386/server/libjvm.so
b70e4000-b7505000 rw-p 00000000 00:00 0 
b7505000-b751e000 r-xp 00000000 08:05 787048     /lib/i386-linux-gnu/libpthread-2.23.so
b751e000-b751f000 r--p 00018000 08:05 787048     /lib/i386-linux-gnu/libpthread-2.23.so
b751f000-b7520000 rw-p 00019000 08:05 787048     /lib/i386-linux-gnu/libpthread-2.23.so
b7520000-b7522000 rw-p 00000000 00:00 0 
b7522000-b7525000 r-xp 00000000 08:05 787034     /lib/i386-linux-gnu/libdl-2.23.so
b7525000-b7526000 r--p 00002000 08:05 787034     /lib/i386-linux-gnu/libdl-2.23.so
b7526000-b7527000 rw-p 00003000 08:05 787034     /lib/i386-linux-gnu/libdl-2.23.so
b7527000-b7540000 r-xp 00000000 08:05 786460     /lib/i386-linux-gnu/libz.so.1.2.8
b7540000-b7541000 r--p 00018000 08:05 786460     /lib/i386-linux-gnu/libz.so.1.2.8
b7541000-b7542000 rw-p 00019000 08:05 786460     /lib/i386-linux-gnu/libz.so.1.2.8
b7542000-b76f1000 r-xp 00000000 08:05 787038     /lib/i386-linux-gnu/libc-2.23.so
b76f1000-b76f2000 ---p 001af000 08:05 787038     /lib/i386-linux-gnu/libc-2.23.so
b76f2000-b76f4000 r--p 001af000 08:05 787038     /lib/i386-linux-gnu/libc-2.23.so
b76f4000-b76f5000 rw-p 001b1000 08:05 787038     /lib/i386-linux-gnu/libc-2.23.so
b76f5000-b76f8000 rw-p 00000000 00:00 0 
b76f8000-b76f9000 r--s 00010000 08:05 7219398    /usr/lib/jvm/java-8-openjdk-i386/jre/lib/ext/zipfs.jar
b76f9000-b76fb000 r--s 00001000 08:05 7219395    /usr/lib/jvm/java-8-openjdk-i386/jre/lib/ext/dnsns.jar
b76fb000-b76fc000 r--s 0000a000 08:05 7219396    /usr/lib/jvm/java-8-openjdk-i386/jre/lib/ext/jaccess.jar
b76fc000-b76fd000 r--p 002d4000 08:05 6292404    /usr/lib/locale/locale-archive
b76fd000-b76fe000 rw-p 00000000 00:00 0 
b76fe000-b76ff000 r--p 00000000 00:00 0 
b76ff000-b770d000 r-xp 00000000 08:05 7219427    /usr/lib/jvm/java-8-openjdk-i386/jre/lib/i386/libverify.so
b770d000-b770e000 r--p 0000d000 08:05 7219427    /usr/lib/jvm/java-8-openjdk-i386/jre/lib/i386/libverify.so
b770e000-b770f000 rw-p 0000e000 08:05 7219427    /usr/lib/jvm/java-8-openjdk-i386/jre/lib/i386/libverify.so
b770f000-b771c000 r-xp 00000000 08:05 7354173    /usr/lib/jvm/java-8-openjdk-i386/jre/lib/i386/jli/libjli.so
b771c000-b771d000 r--p 0000c000 08:05 7354173    /usr/lib/jvm/java-8-openjdk-i386/jre/lib/i386/jli/libjli.so
b771d000-b771e000 rw-p 0000d000 08:05 7354173    /usr/lib/jvm/java-8-openjdk-i386/jre/lib/i386/jli/libjli.so
b771e000-b7720000 rw-p 00000000 00:00 0 
b7720000-b7722000 r--p 00000000 00:00 0          [vvar]
b7722000-b7723000 r-xp 00000000 00:00 0          [vdso]
b7723000-b7745000 r-xp 00000000 08:05 787039     /lib/i386-linux-gnu/ld-2.23.so
b7745000-b7746000 rw-p 00000000 00:00 0 
b7746000-b7747000 r--p 00022000 08:05 787039     /lib/i386-linux-gnu/ld-2.23.so
b7747000-b7748000 rw-p 00023000 08:05 787039     /lib/i386-linux-gnu/ld-2.23.so
bfede000-bfedf000 rwxp 00000000 00:00 0 
bff10000-bff32000 rw-p 00000000 00:00 0          [stack]

VM Arguments:
jvm_args: -Xmx1g 
java_command: org.apache.spark.deploy.SparkSubmit pyspark-shell
java_class_path (initial): /home/saksham_ubuntu/spark-2.1.1-bin-hadoop2.7/conf/:/home/saksham_ubuntu/spark-2.1.1-bin-hadoop2.7/jars/jackson-jaxrs-1.9.13.jar:/home/saksham_ubuntu/spark-2.1.1-bin-hadoop2.7/jars/commons-codec-1.10.jar:/home/saksham_ubuntu/spark-2.1.1-bin-hadoop2.7/jars/apacheds-kerberos-codec-2.0.0-M15.jar:/home/saksham_ubuntu/spark-2.1.1-bin-hadoop2.7/jars/leveldbjni-all-1.8.jar:/home/saksham_ubuntu/spark-2.1.1-bin-hadoop2.7/jars/spark-graphx_2.11-2.1.1.jar:/home/saksham_ubuntu/spark-2.1.1-bin-hadoop2.7/jars/paranamer-2.3.jar:/home/saksham_ubuntu/spark-2.1.1-bin-hadoop2.7/jars/jersey-server-2.22.2.jar:/home/saksham_ubuntu/spark-2.1.1-bin-hadoop2.7/jars/zookeeper-3.4.6.jar:/home/saksham_ubuntu/spark-2.1.1-bin-hadoop2.7/jars/metrics-jvm-3.1.2.jar:/home/saksham_ubuntu/spark-2.1.1-bin-hadoop2.7/jars/commons-collections-3.2.2.jar:/home/saksham_ubuntu/spark-2.1.1-bin-hadoop2.7/jars/minlog-1.3.0.jar:/home/saksham_ubuntu/spark-2.1.1-bin-hadoop2.7/jars/hadoop-mapreduce-client-jobclient-2.7.3.jar:/home/saksham_ubuntu/spark-2.1.1-bin-hadoop2.7/jars/stream-2.7.0.jar:/home/saksham_ubuntu/spark-2.1.1-bin-hadoop2.7/jars/commons-lang3-3.5.jar:/home/saksham_ubuntu/spark-2.1.1-bin-hadoop2.7/jars/arpack_combined_all-0.1.jar:/home/saksham_ubuntu/spark-2.1.1-bin-hadoop2.7/jars/calcite-linq4j-1.2.0-incubating.jar:/home/saksham_ubuntu/spark-2.1.1-bin-hadoop2.7/jars/aopalliance-1.0.jar:/home/saksham_ubuntu/spark-2.1.1-bin-hadoop2.7/jars/avro-1.7.7.jar:/home/saksham_ubuntu/spark-2.1.1-bin-hadoop2.7/jars/spire_2.11-0.7.4.jar:/home/saksham_ubuntu/spark-2.1.1-bin-hadoop2.7/jars/commons-beanutils-core-1.8.0.jar:/home/saksham_ubuntu/spark-2.1.1-bin-hadoop2.7/jars/jodd-core-3.5.2.jar:/home/saksham_ubuntu/spark-2.1.1-bin-hadoop2.7/jars/spark-network-common_2.11-2.1.1.jar:/home/saksham_ubuntu/spark-2.1.1-bin-hadoop2.7/jars/api-asn1-api-1.0.0-M20.jar:/home/saksham_ubuntu/spark-2.1.1-bin-hadoop2.7/jars/hadoop-yarn-client-2.7.3.jar:/home/saksham_ubuntu/spark-2.1.1-bin-hadoop2.7/jars/j
Launcher Type: SUN_STANDARD

Environment Variables:
PATH=/home/saksham_ubuntu/anaconda2/bin:/home/saksham_ubuntu/anaconda2/bin:/home/saksham_ubuntu/bin:/home/saksham_ubuntu/.local/bin:/usr/local/sbin:/usr/local/bin:/usr/sbin:/usr/bin:/sbin:/bin:/usr/games:/usr/local/games:/snap/bin
SHELL=/bin/bash
DISPLAY=:0

Signal Handlers:
SIGSEGV: [libjvm.so+0x8d5980], sa_mask[0]=11111111011111111101111111111110, sa_flags=SA_RESTART|SA_SIGINFO
SIGBUS: [libjvm.so+0x8d5980], sa_mask[0]=11111111011111111101111111111110, sa_flags=SA_RESTART|SA_SIGINFO
SIGFPE: [libjvm.so+0x73b5c0], sa_mask[0]=11111111011111111101111111111110, sa_flags=SA_RESTART|SA_SIGINFO
SIGPIPE: [libjvm.so+0x73b5c0], sa_mask[0]=11111111011111111101111111111110, sa_flags=SA_RESTART|SA_SIGINFO
SIGXFSZ: [libjvm.so+0x73b5c0], sa_mask[0]=11111111011111111101111111111110, sa_flags=SA_RESTART|SA_SIGINFO
SIGILL: [libjvm.so+0x73b5c0], sa_mask[0]=11111111011111111101111111111110, sa_flags=SA_RESTART|SA_SIGINFO
SIGUSR1: SIG_DFL, sa_mask[0]=00000000000000000000000000000000, sa_flags=none
SIGUSR2: [libjvm.so+0x73b400], sa_mask[0]=00000000000000000000000000000000, sa_flags=SA_RESTART|SA_SIGINFO
SIGHUP: [libjvm.so+0x73bb90], sa_mask[0]=11111111011111111101111111111110, sa_flags=SA_RESTART|SA_SIGINFO
SIGINT: SIG_IGN, sa_mask[0]=00000000000000000000000000000000, sa_flags=none
SIGTERM: [libjvm.so+0x73bb90], sa_mask[0]=11111111011111111101111111111110, sa_flags=SA_RESTART|SA_SIGINFO
SIGQUIT: [libjvm.so+0x73bb90], sa_mask[0]=11111111011111111101111111111110, sa_flags=SA_RESTART|SA_SIGINFO


---------------  S Y S T E M  ---------------

OS:DISTRIB_ID=Ubuntu
DISTRIB_RELEASE=16.04
DISTRIB_CODENAME=xenial
DISTRIB_DESCRIPTION="Ubuntu 16.04.2 LTS"

uname:Linux 4.4.0-59-generic #80-Ubuntu SMP Fri Jan 6 17:36:54 UTC 2017 i686
libc:glibc 2.23 NPTL 2.23 
rlimit: STACK 8192k, CORE 0k, NPROC 63485, NOFILE 65536, AS infinity
load average:10.94 7.57 3.82

/proc/meminfo:
MemTotal:        8163360 kB
MemFree:          444552 kB
MemAvailable:          0 kB
Buffers:             364 kB
Cached:           182792 kB
SwapCached:            0 kB
Active:          7414044 kB
Inactive:         163824 kB
Active(anon):    7411060 kB
Inactive(anon):   151848 kB
Active(file):       2984 kB
Inactive(file):    11976 kB
Unevictable:          32 kB
Mlocked:              32 kB
HighTotal:       7348384 kB
HighFree:         150568 kB
LowTotal:         814976 kB
LowFree:          293984 kB
SwapTotal:             0 kB
SwapFree:              0 kB
Dirty:                16 kB
Writeback:            12 kB
AnonPages:       7395716 kB
Mapped:            62268 kB
Shmem:            167224 kB
Slab:              58864 kB
SReclaimable:      28192 kB
SUnreclaim:        30672 kB
KernelStack:       11016 kB
PageTables:        29752 kB
NFS_Unstable:          0 kB
Bounce:             1000 kB
WritebackTmp:          0 kB
CommitLimit:     4081680 kB
Committed_AS:   13024984 kB
VmallocTotal:     122880 kB
VmallocUsed:           0 kB
VmallocChunk:          0 kB
AnonHugePages:   4679680 kB
CmaTotal:              0 kB
CmaFree:               0 kB
HugePages_Total:       0
HugePages_Free:        0
HugePages_Rsvd:        0
HugePages_Surp:        0
Hugepagesize:       2048 kB
DirectMap4k:       63480 kB
DirectMap2M:      847872 kB


CPU:total 4 (initial active 4) (2 cores per cpu, 2 threads per core) family 6 model 58 stepping 9, cmov, cx8, fxsr, mmx, sse, sse2, sse3, ssse3, sse4.1, sse4.2, popcnt, avx, aes, clmul, erms, ht, tsc, tscinvbit, tscinv

/proc/cpuinfo:
processor	: 0
vendor_id	: GenuineIntel
cpu family	: 6
model		: 58
model name	: Intel(R) Core(TM) i7-3540M CPU @ 3.00GHz
stepping	: 9
microcode	: 0x1c
cpu MHz		: 1200.000
cache size	: 4096 KB
physical id	: 0
siblings	: 4
core id		: 0
cpu cores	: 2
apicid		: 0
initial apicid	: 0
fdiv_bug	: no
f00f_bug	: no
coma_bug	: no
fpu		: yes
fpu_exception	: yes
cpuid level	: 13
wp		: yes
flags		: fpu vme de pse tsc msr pae mce cx8 apic sep mtrr pge mca cmov pat pse36 clflush dts acpi mmx fxsr sse sse2 ss ht tm pbe nx rdtscp lm constant_tsc arch_perfmon pebs bts xtopology nonstop_tsc aperfmperf eagerfpu pni pclmulqdq dtes64 monitor ds_cpl vmx smx est tm2 ssse3 cx16 xtpr pdcm pcid sse4_1 sse4_2 x2apic popcnt tsc_deadline_timer aes xsave avx f16c rdrand lahf_lm epb tpr_shadow vnmi flexpriority ept vpid fsgsbase smep erms xsaveopt dtherm ida arat pln pts
bugs		:
bogomips	: 5980.69
clflush size	: 64
cache_alignment	: 64
address sizes	: 36 bits physical, 48 bits virtual
power management:

processor	: 1
vendor_id	: GenuineIntel
cpu family	: 6
model		: 58
model name	: Intel(R) Core(TM) i7-3540M CPU @ 3.00GHz
stepping	: 9
microcode	: 0x1c
cpu MHz		: 1199.882
cache size	: 4096 KB
physical id	: 0
siblings	: 4
core id		: 1
cpu cores	: 2
apicid		: 2
initial apicid	: 2
fdiv_bug	: no
f00f_bug	: no
coma_bug	: no
fpu		: yes
fpu_exception	: yes
cpuid level	: 13
wp		: yes
flags		: fpu vme de pse tsc msr pae mce cx8 apic sep mtrr pge mca cmov pat pse36 clflush dts acpi mmx fxsr sse sse2 ss ht tm pbe nx rdtscp lm constant_tsc arch_perfmon pebs bts xtopology nonstop_tsc aperfmperf eagerfpu pni pclmulqdq dtes64 monitor ds_cpl vmx smx est tm2 ssse3 cx16 xtpr pdcm pcid sse4_1 sse4_2 x2apic popcnt tsc_deadline_timer aes xsave avx f16c rdrand lahf_lm epb tpr_shadow vnmi flexpriority ept vpid fsgsbase smep erms xsaveopt dtherm ida arat pln pts
bugs		:
bogomips	: 5980.69
clflush size	: 64
cache_alignment	: 64
address sizes	: 36 bits physical, 48 bits virtual
power management:

processor	: 2
vendor_id	: GenuineIntel
cpu family	: 6
model		: 58
model name	: Intel(R) Core(TM) i7-3540M CPU @ 3.00GHz
stepping	: 9
microcode	: 0x1c
cpu MHz		: 1200.000
cache size	: 4096 KB
physical id	: 0
siblings	: 4
core id		: 0
cpu cores	: 2
apicid		: 1
initial apicid	: 1
fdiv_bug	: no
f00f_bug	: no
coma_bug	: no
fpu		: yes
fpu_exception	: yes
cpuid level	: 13
wp		: yes
flags		: fpu vme de pse tsc msr pae mce cx8 apic sep mtrr pge mca cmov pat pse36 clflush dts acpi mmx fxsr sse sse2 ss ht tm pbe nx rdtscp lm constant_tsc arch_perfmon pebs bts xtopology nonstop_tsc aperfmperf eagerfpu pni pclmulqdq dtes64 monitor ds_cpl vmx smx est tm2 ssse3 cx16 xtpr pdcm pcid sse4_1 sse4_2 x2apic popcnt tsc_deadline_timer aes xsave avx f16c rdrand lahf_lm epb tpr_shadow vnmi flexpriority ept vpid fsgsbase smep erms xsaveopt dtherm ida arat pln pts
bugs		:
bogomips	: 5980.69
clflush size	: 64
cache_alignment	: 64
address sizes	: 36 bits physical, 48 bits virtual
power management:

processor	: 3
vendor_id	: GenuineIntel
cpu family	: 6
model		: 58
model name	: Intel(R) Core(TM) i7-3540M CPU @ 3.00GHz
stepping	: 9
microcode	: 0x1c
cpu MHz		: 1204.804
cache size	: 4096 KB
physical id	: 0
siblings	: 4
core id		: 1
cpu cores	: 2
apicid		: 3
initial apicid	: 3
fdiv_bug	: no
f00f_bug	: no
coma_bug	: no
fpu		: yes
fpu_exception	: yes
cpuid level	: 13
wp		: yes
flags		: fpu vme de pse tsc msr pae mce cx8 apic sep mtrr pge mca cmov pat pse36 clflush dts acpi mmx fxsr sse sse2 ss ht tm pbe nx rdtscp lm constant_tsc arch_perfmon pebs bts xtopology nonstop_tsc aperfmperf eagerfpu pni pclmulqdq dtes64 monitor ds_cpl vmx smx est tm2 ssse3 cx16 xtpr pdcm pcid sse4_1 sse4_2 x2apic popcnt tsc_deadline_timer aes xsave avx f16c rdrand lahf_lm epb tpr_shadow vnmi flexpriority ept vpid fsgsbase smep erms xsaveopt dtherm ida arat pln pts
bugs		:
bogomips	: 5980.69
clflush size	: 64
cache_alignment	: 64
address sizes	: 36 bits physical, 48 bits virtual
power management:



Memory: 4k page, physical 8163360k(444552k free), swap 0k(0k free)

vm_info: OpenJDK Server VM (25.131-b11) for linux-x86 JRE (1.8.0_131-8u131-b11-0ubuntu1.16.04.2-b11), built on May  6 2017 02:38:06 by "buildd" with gcc 5.4.0 20160609

time: Mon May 15 11:26:30 2017
elapsed time: 314 seconds (0d 0h 5m 14s)

