#
# There is insufficient memory for the Java Runtime Environment to continue.
# Native memory allocation (mmap) failed to map 38797312 bytes for committing reserved memory.
# Possible reasons:
#   The system is out of physical RAM or swap space
#   In 32 bit mode, the process size limit was hit
# Possible solutions:
#   Reduce memory load on the system
#   Increase physical memory or swap space
#   Check if swap backing store is full
#   Use 64 bit Java on a 64 bit OS
#   Decrease Java heap size (-Xmx/-Xms)
#   Decrease number of Java threads
#   Decrease Java thread stack sizes (-Xss)
#   Set larger code cache with -XX:ReservedCodeCacheSize=
# This output file may be truncated or incomplete.
#
#  Out of Memory Error (os_linux.cpp:2643), pid=15300, tid=0x638e4b40
#
# JRE version: OpenJDK Runtime Environment (8.0_131-b11) (build 1.8.0_131-8u131-b11-0ubuntu1.16.04.2-b11)
# Java VM: OpenJDK Server VM (25.131-b11 mixed mode linux-x86 )
# Failed to write core dump. Core dumps have been disabled. To enable core dumping, try "ulimit -c unlimited" before starting Java again
#

---------------  T H R E A D  ---------------

Current thread (0x63789800):  VMThread [stack: 0x63864000,0x638e5000] [id=15323]

Stack: [0x63864000,0x638e5000],  sp=0x638e3b40,  free space=510k
Native frames: (J=compiled Java code, j=interpreted, Vv=VM code, C=native code)
V  [libjvm.so+0x8d4e44]
V  [libjvm.so+0x3a5286]
V  [libjvm.so+0x7404c0]
V  [libjvm.so+0x73a413]
V  [libjvm.so+0x7ac07c]
V  [libjvm.so+0x7ad0bb]
V  [libjvm.so+0x7a9b7f]
V  [libjvm.so+0x7aa3c3]
V  [libjvm.so+0x7631e5]
V  [libjvm.so+0x8d6a19]
V  [libjvm.so+0x8dba86]
V  [libjvm.so+0x8d9c40]
V  [libjvm.so+0x8da395]
V  [libjvm.so+0x8da99b]
V  [libjvm.so+0x73d6b5]
C  [libpthread.so.0+0x6295]  start_thread+0xe5

VM_Operation (0x60f3bf94): ParallelGCFailedAllocation, mode: safepoint, requested by thread 0x086c6400


---------------  P R O C E S S  ---------------

Java Threads: ( => current thread )
  0x60c59800 JavaThread "process reaper" daemon [_thread_blocked, id=15337, stack(0x6170d000,0x61726000)]
  0x086c6400 JavaThread "Thread-2" [_thread_blocked, id=15335, stack(0x60eee000,0x60f3f000)]
  0x637c6400 JavaThread "Thread-1" [_thread_in_native, id=15334, stack(0x61731000,0x61782000)]
  0x61991400 JavaThread "pool-1-thread-1" [_thread_blocked, id=15333, stack(0x61782000,0x617d3000)]
  0x637b2c00 JavaThread "Service Thread" daemon [_thread_blocked, id=15330, stack(0x630db000,0x6312c000)]
  0x637afc00 JavaThread "C1 CompilerThread2" daemon [_thread_blocked, id=15329, stack(0x6312c000,0x631ad000)]
  0x637ae400 JavaThread "C2 CompilerThread1" daemon [_thread_blocked, id=15328, stack(0x631ad000,0x6322e000)]
  0x637ac800 JavaThread "C2 CompilerThread0" daemon [_thread_blocked, id=15327, stack(0x6322e000,0x632af000)]
  0x637ab000 JavaThread "Signal Dispatcher" daemon [_thread_blocked, id=15326, stack(0x632af000,0x63300000)]
  0x63791000 JavaThread "Finalizer" daemon [_thread_blocked, id=15325, stack(0x63813000,0x63864000)]
  0x6378e000 JavaThread "Reference Handler" daemon [_thread_blocked, id=15324, stack(0x6642e000,0x6647f000)]
  0xb620f000 JavaThread "main" [_thread_in_native, id=15318, stack(0xb634b000,0xb639c000)]

Other Threads:
=>0x63789800 VMThread [stack: 0x63864000,0x638e5000] [id=15323]
  0x637b4400 WatcherThread [stack: 0x6305a000,0x630db000] [id=15331]

VM state:at safepoint (normal execution)

VM Mutex/Monitor currently owned by a thread:  ([mutex/lock_event])
[0xb620c828] Threads_lock - owner thread: 0x63789800
[0xb620cc38] Heap_lock - owner thread: 0x086c6400

Heap:
 PSYoungGen      total 35840K, used 2553K [0x916c0000, 0x93c40000, 0xa6c00000)
  eden space 33280K, 0% used [0x916c0000,0x916c0000,0x93740000)
  from space 2560K, 99% used [0x93740000,0x939be690,0x939c0000)
  to   space 2560K, 0% used [0x939c0000,0x939c0000,0x93c40000)
 ParOldGen       total 43776K, used 2866K [0x66c00000, 0x696c0000, 0x916c0000)
  object space 43776K, 6% used [0x66c00000,0x66ecc9b8,0x696c0000)
 Metaspace       used 10118K, capacity 10291K, committed 10392K, reserved 10544K

Card table byte_map: [0x669ff000,0x66c00000] byte_map_base: 0x666c9000

Marking Bits: (ParMarkBitMap*) 0xb70be820
 Begin Bits: [0x64300000, 0x65300000)
 End Bits:   [0x65300000, 0x66300000)

Polling page: 0xb76ca000

CodeCache: size=245760Kb used=2834Kb max_used=2846Kb free=242925Kb
 bounds [0xa71bb000, 0xa748b000, 0xb61bb000]
 total_blobs=1166 nmethods=981 adapters=100
 compilation: enabled

Compilation events (10 events):
Event: 19.223 Thread 0x637ac800  979   !   4       java.util.zip.Inflater::inflate (113 bytes)
Event: 19.496 Thread 0x637afc00  980       3       sun.reflect.ClassFileAssembler::emitByte (11 bytes)
Event: 19.496 Thread 0x637afc00 nmethod 980 0xa747fcc8 code [0xa747fde0, 0xa747ff0c]
Event: 19.496 Thread 0x637afc00  981       3       sun.reflect.ByteVectorImpl::add (38 bytes)
Event: 19.497 Thread 0x637afc00 nmethod 981 0xa747f948 code [0xa747fa60, 0xa747fbcc]
Event: 19.806 Thread 0x637ac800 nmethod 979 0xa747dcc8 code [0xa747de00, 0xa747e1fc]
Event: 20.164 Thread 0x637afc00  982       3       java.lang.Class::checkInitted (19 bytes)
Event: 20.165 Thread 0x637afc00 nmethod 982 0xa747f548 code [0xa747f680, 0xa747f84c]
Event: 20.327 Thread 0x637ae400  983       4       java.util.HashMap::get (23 bytes)
Event: 20.376 Thread 0x637ae400 nmethod 983 0xa7480f88 code [0xa74810a0, 0xa7481290]

GC Heap History (9 events):
Event: 2.508 GC heap before
{Heap before GC invocations=1 (full 0):
 PSYoungGen      total 19200K, used 16640K [0x916c0000, 0x92c00000, 0xa6c00000)
  eden space 16640K, 100% used [0x916c0000,0x92700000,0x92700000)
  from space 2560K, 0% used [0x92980000,0x92980000,0x92c00000)
  to   space 2560K, 0% used [0x92700000,0x92700000,0x92980000)
 ParOldGen       total 43776K, used 0K [0x66c00000, 0x696c0000, 0x916c0000)
  object space 43776K, 0% used [0x66c00000,0x66c00000,0x696c0000)
 Metaspace       used 2738K, capacity 2908K, committed 2968K, reserved 4400K
Event: 2.513 GC heap after
Heap after GC invocations=1 (full 0):
 PSYoungGen      total 19200K, used 2460K [0x916c0000, 0x92c00000, 0xa6c00000)
  eden space 16640K, 0% used [0x916c0000,0x916c0000,0x92700000)
  from space 2560K, 96% used [0x92700000,0x92967138,0x92980000)
  to   space 2560K, 0% used [0x92980000,0x92980000,0x92c00000)
 ParOldGen       total 43776K, used 4K [0x66c00000, 0x696c0000, 0x916c0000)
  object space 43776K, 0% used [0x66c00000,0x66c01000,0x696c0000)
 Metaspace       used 2738K, capacity 2908K, committed 2968K, reserved 4400K
}
Event: 2.875 GC heap before
{Heap before GC invocations=2 (full 0):
 PSYoungGen      total 19200K, used 19100K [0x916c0000, 0x92c00000, 0xa6c00000)
  eden space 16640K, 100% used [0x916c0000,0x92700000,0x92700000)
  from space 2560K, 96% used [0x92700000,0x92967138,0x92980000)
  to   space 2560K, 0% used [0x92980000,0x92980000,0x92c00000)
 ParOldGen       total 43776K, used 4K [0x66c00000, 0x696c0000, 0x916c0000)
  object space 43776K, 0% used [0x66c00000,0x66c01000,0x696c0000)
 Metaspace       used 3881K, capacity 3902K, committed 3992K, reserved 4400K
Event: 2.879 GC heap after
Heap after GC invocations=2 (full 0):
 PSYoungGen      total 19200K, used 2270K [0x916c0000, 0x92c00000, 0xa6c00000)
  eden space 16640K, 0% used [0x916c0000,0x916c0000,0x92700000)
  from space 2560K, 88% used [0x92980000,0x92bb7850,0x92c00000)
  to   space 2560K, 0% used [0x92700000,0x92700000,0x92980000)
 ParOldGen       total 43776K, used 12K [0x66c00000, 0x696c0000, 0x916c0000)
  object space 43776K, 0% used [0x66c00000,0x66c03000,0x696c0000)
 Metaspace       used 3881K, capacity 3902K, committed 3992K, reserved 4400K
}
Event: 8.514 GC heap before
{Heap before GC invocations=3 (full 0):
 PSYoungGen      total 19200K, used 18910K [0x916c0000, 0x92c00000, 0xa6c00000)
  eden space 16640K, 100% used [0x916c0000,0x92700000,0x92700000)
  from space 2560K, 88% used [0x92980000,0x92bb7850,0x92c00000)
  to   space 2560K, 0% used [0x92700000,0x92700000,0x92980000)
 ParOldGen       total 43776K, used 12K [0x66c00000, 0x696c0000, 0x916c0000)
  object space 43776K, 0% used [0x66c00000,0x66c03000,0x696c0000)
 Metaspace       used 5162K, capacity 5220K, committed 5272K, reserved 5424K
Event: 8.947 GC heap after
Heap after GC invocations=3 (full 0):
 PSYoungGen      total 19200K, used 2234K [0x916c0000, 0x93c40000, 0xa6c00000)
  eden space 16640K, 0% used [0x916c0000,0x916c0000,0x92700000)
  from space 2560K, 87% used [0x92700000,0x9292eb80,0x92980000)
  to   space 2560K, 0% used [0x939c0000,0x939c0000,0x93c40000)
 ParOldGen       total 43776K, used 16K [0x66c00000, 0x696c0000, 0x916c0000)
  object space 43776K, 0% used [0x66c00000,0x66c04000,0x696c0000)
 Metaspace       used 5162K, capacity 5220K, committed 5272K, reserved 5424K
}
Event: 13.220 GC heap before
{Heap before GC invocations=4 (full 0):
 PSYoungGen      total 19200K, used 18874K [0x916c0000, 0x93c40000, 0xa6c00000)
  eden space 16640K, 100% used [0x916c0000,0x92700000,0x92700000)
  from space 2560K, 87% used [0x92700000,0x9292eb80,0x92980000)
  to   space 2560K, 0% used [0x939c0000,0x939c0000,0x93c40000)
 ParOldGen       total 43776K, used 16K [0x66c00000, 0x696c0000, 0x916c0000)
  object space 43776K, 0% used [0x66c00000,0x66c04000,0x696c0000)
 Metaspace       used 7140K, capacity 7172K, committed 7192K, reserved 7472K
Event: 13.226 GC heap after
Heap after GC invocations=4 (full 0):
 PSYoungGen      total 35840K, used 2557K [0x916c0000, 0x93c40000, 0xa6c00000)
  eden space 33280K, 0% used [0x916c0000,0x916c0000,0x93740000)
  from space 2560K, 99% used [0x939c0000,0x93c3f468,0x93c40000)
  to   space 2560K, 0% used [0x93740000,0x93740000,0x939c0000)
 ParOldGen       total 43776K, used 213K [0x66c00000, 0x696c0000, 0x916c0000)
  object space 43776K, 0% used [0x66c00000,0x66c35728,0x696c0000)
 Metaspace       used 7140K, capacity 7172K, committed 7192K, reserved 7472K
}
Event: 20.512 GC heap before
{Heap before GC invocations=5 (full 0):
 PSYoungGen      total 35840K, used 35837K [0x916c0000, 0x93c40000, 0xa6c00000)
  eden space 33280K, 100% used [0x916c0000,0x93740000,0x93740000)
  from space 2560K, 99% used [0x939c0000,0x93c3f468,0x93c40000)
  to   space 2560K, 0% used [0x93740000,0x93740000,0x939c0000)
 ParOldGen       total 43776K, used 213K [0x66c00000, 0x696c0000, 0x916c0000)
  object space 43776K, 0% used [0x66c00000,0x66c35728,0x696c0000)
 Metaspace       used 10118K, capacity 10291K, committed 10392K, reserved 10544K

Deoptimization events (10 events):
Event: 2.369 Thread 0xb620f000 Uncommon trap: reason=unstable_if action=reinterpret pc=0xa72b7730 method=sun.misc.URLClassPath.getLoader(I)Lsun/misc/URLClassPath$Loader; @ 36
Event: 2.370 Thread 0xb620f000 Uncommon trap: reason=unstable_if action=reinterpret pc=0xa72b1f4c method=sun.misc.URLClassPath.getLoader(I)Lsun/misc/URLClassPath$Loader; @ 36
Event: 2.863 Thread 0xb620f000 Uncommon trap: reason=unstable_if action=reinterpret pc=0xa72bffe0 method=sun.misc.URLClassPath$JarLoader.getResource(Ljava/lang/String;Z)Lsun/misc/Resource; @ 4
Event: 2.863 Thread 0xb620f000 Uncommon trap: reason=unstable_if action=reinterpret pc=0xa73086cc method=java.lang.String.startsWith(Ljava/lang/String;I)Z @ 37
Event: 2.871 Thread 0xb620f000 Uncommon trap: reason=unstable_if action=reinterpret pc=0xa72d1094 method=java.lang.String.indexOf([CII[CIII)I @ 134
Event: 4.461 Thread 0xb620f000 Uncommon trap: reason=unstable_if action=reinterpret pc=0xa73697d0 method=java.lang.String.indexOf([CII[CIII)I @ 3
Event: 7.698 Thread 0xb620f000 Uncommon trap: reason=unstable_if action=reinterpret pc=0xa730af90 method=java.lang.AbstractStringBuilder.append(Ljava/lang/String;)Ljava/lang/AbstractStringBuilder; @ 1
Event: 13.681 Thread 0x086c6400 Uncommon trap: reason=unstable_if action=reinterpret pc=0xa738d360 method=java.util.HashMap.getNode(ILjava/lang/Object;)Ljava/util/HashMap$Node; @ 62
Event: 13.681 Thread 0x086c6400 Uncommon trap: reason=unstable_if action=reinterpret pc=0xa736b0bc method=java.util.HashMap.getNode(ILjava/lang/Object;)Ljava/util/HashMap$Node; @ 62
Event: 14.335 Thread 0x086c6400 Uncommon trap: reason=unstable_if action=reinterpret pc=0xa73ec9d4 method=org.apache.xerces.impl.XMLEntityScanner.skipChar(I)Z @ 14

Internal exceptions (10 events):
Event: 10.236 Thread 0xb620f000 Exception <a 'java/lang/ClassNotFoundException': org/apache/log4j/WriterAppenderBeanInfo> (0x919324a0) thrown at [/build/openjdk-8-jr_sUX/openjdk-8-8u131-b11/src/hotspot/src/share/vm/classfile/systemDictionary.cpp, line 210]
Event: 10.237 Thread 0xb620f000 Exception <a 'java/lang/ClassNotFoundException': org/apache/log4j/AppenderSkeletonBeanInfo> (0x91959c28) thrown at [/build/openjdk-8-jr_sUX/openjdk-8-8u131-b11/src/hotspot/src/share/vm/classfile/systemDictionary.cpp, line 210]
Event: 10.237 Thread 0xb620f000 Exception <a 'java/lang/ClassNotFoundException': org/apache/log4j/AppenderSkeletonCustomizer> (0x919813f0) thrown at [/build/openjdk-8-jr_sUX/openjdk-8-8u131-b11/src/hotspot/src/share/vm/classfile/systemDictionary.cpp, line 210]
Event: 10.241 Thread 0xb620f000 Exception <a 'java/lang/ClassNotFoundException': org/apache/log4j/WriterAppenderCustomizer> (0x919c2768) thrown at [/build/openjdk-8-jr_sUX/openjdk-8-8u131-b11/src/hotspot/src/share/vm/classfile/systemDictionary.cpp, line 210]
Event: 10.243 Thread 0xb620f000 Exception <a 'java/lang/ClassNotFoundException': org/apache/log4j/ConsoleAppenderCustomizer> (0x919f52a0) thrown at [/build/openjdk-8-jr_sUX/openjdk-8-8u131-b11/src/hotspot/src/share/vm/classfile/systemDictionary.cpp, line 210]
Event: 14.453 Thread 0x086c6400 Exception <a 'java/lang/NoSuchFieldError': method resolution failed> (0x933742b0) thrown at [/build/openjdk-8-jr_sUX/openjdk-8-8u131-b11/src/hotspot/src/share/vm/prims/methodHandles.cpp, line 1146]
Event: 14.455 Thread 0x086c6400 Exception <a 'java/lang/NoSuchFieldError': method resolution failed> (0x93380760) thrown at [/build/openjdk-8-jr_sUX/openjdk-8-8u131-b11/src/hotspot/src/share/vm/prims/methodHandles.cpp, line 1146]
Event: 19.156 Thread 0x086c6400 Exception <a 'java/io/FileNotFoundException'> (0x934b2b90) thrown at [/build/openjdk-8-jr_sUX/openjdk-8-8u131-b11/src/hotspot/src/share/vm/prims/jni.cpp, line 709]
Event: 19.156 Thread 0x086c6400 Exception <a 'java/security/PrivilegedActionException'> (0x934b3188) thrown at [/build/openjdk-8-jr_sUX/openjdk-8-8u131-b11/src/hotspot/src/share/vm/prims/jvm.cpp, line 1390]
Event: 19.157 Thread 0x086c6400 Exception <a 'java/lang/reflect/InvocationTargetException'> (0x934b4fc8) thrown at [/build/openjdk-8-jr_sUX/openjdk-8-8u131-b11/src/hotspot/src/share/vm/runtime/reflection.cpp, line 1092]

Events (10 events):
Event: 20.457 loading class org/apache/hadoop/mapreduce/lib/partition/KeyFieldBasedComparator done
Event: 20.470 loading class org/apache/hadoop/io/WritableComparator
Event: 20.470 loading class org/apache/hadoop/io/WritableComparator done
Event: 20.510 loading class org/apache/hadoop/mapreduce/lib/partition/KeyFieldBasedPartitioner
Event: 20.510 loading class org/apache/hadoop/mapreduce/lib/partition/KeyFieldBasedPartitioner done
Event: 20.511 loading class org/apache/hadoop/mapreduce/Partitioner
Event: 20.511 loading class org/apache/hadoop/mapreduce/Partitioner done
Event: 20.512 loading class org/apache/hadoop/mapreduce/lib/map/RegexMapper
Event: 20.512 loading class org/apache/hadoop/mapreduce/lib/map/RegexMapper done
Event: 20.512 Executing VM operation: ParallelGCFailedAllocation


Dynamic libraries:
08048000-08049000 r-xp 00000000 08:05 7354193    /usr/lib/jvm/java-8-openjdk-i386/jre/bin/java
08049000-0804a000 r--p 00000000 08:05 7354193    /usr/lib/jvm/java-8-openjdk-i386/jre/bin/java
0804a000-0804b000 rw-p 00001000 08:05 7354193    /usr/lib/jvm/java-8-openjdk-i386/jre/bin/java
086b6000-086f8000 rw-p 00000000 00:00 0          [heap]
60a00000-60ae0000 rw-p 00000000 00:00 0 
60ae0000-60b00000 ---p 00000000 00:00 0 
60b00000-60c00000 rw-p 00000000 00:00 0 
60c00000-60c93000 rw-p 00000000 00:00 0 
60c93000-60d00000 ---p 00000000 00:00 0 
60d9d000-60da0000 ---p 00000000 00:00 0 
60da0000-60eee000 rw-p 00000000 00:00 0 
60eee000-60ef1000 ---p 00000000 00:00 0 
60ef1000-6103f000 rw-p 00000000 00:00 0 
6103f000-61300000 rw-p 00000000 00:00 0 
61300000-61400000 rw-p 00000000 00:00 0 
61400000-6149e000 rw-p 00000000 00:00 0 
6149e000-61500000 ---p 00000000 00:00 0 
61500000-61591000 rw-p 00000000 00:00 0 
61591000-61600000 ---p 00000000 00:00 0 
61600000-616fc000 rw-p 00000000 00:00 0 
616fc000-61700000 ---p 00000000 00:00 0 
6170d000-61710000 ---p 00000000 00:00 0 
61710000-61726000 rw-p 00000000 00:00 0 
61726000-6172f000 r-xp 00000000 08:05 7219424    /usr/lib/jvm/java-8-openjdk-i386/jre/lib/i386/libmanagement.so
6172f000-61730000 r--p 00008000 08:05 7219424    /usr/lib/jvm/java-8-openjdk-i386/jre/lib/i386/libmanagement.so
61730000-61731000 rw-p 00009000 08:05 7219424    /usr/lib/jvm/java-8-openjdk-i386/jre/lib/i386/libmanagement.so
61731000-61734000 ---p 00000000 00:00 0 
61734000-61782000 rw-p 00000000 00:00 0 
61782000-61785000 ---p 00000000 00:00 0 
61785000-617d3000 rw-p 00000000 00:00 0 
617d3000-617e9000 r-xp 00000000 08:05 7219442    /usr/lib/jvm/java-8-openjdk-i386/jre/lib/i386/libnet.so
617e9000-617ea000 r--p 00015000 08:05 7219442    /usr/lib/jvm/java-8-openjdk-i386/jre/lib/i386/libnet.so
617ea000-617eb000 rw-p 00016000 08:05 7219442    /usr/lib/jvm/java-8-openjdk-i386/jre/lib/i386/libnet.so
617eb000-6180f000 r--s 001cd000 08:05 7626892    /home/saksham_ubuntu/spark-2.1.1-bin-hadoop2.7/jars/commons-math3-3.4.1.jar
6180f000-61830000 rw-p 00000000 00:00 0 
61830000-61900000 r--s 00cf0000 08:05 7626706    /home/saksham_ubuntu/spark-2.1.1-bin-hadoop2.7/jars/breeze_2.11-0.12.jar
61900000-61a00000 rw-p 00000000 00:00 0 
61a01000-61a0f000 r--s 000b1000 08:05 7626823    /home/saksham_ubuntu/spark-2.1.1-bin-hadoop2.7/jars/jackson-mapper-asl-1.9.13.jar
61a0f000-61a11000 r--s 0000f000 08:05 7626826    /home/saksham_ubuntu/spark-2.1.1-bin-hadoop2.7/jars/spark-launcher_2.11-2.1.1.jar
61a11000-61a17000 r--s 00028000 08:05 7626814    /home/saksham_ubuntu/spark-2.1.1-bin-hadoop2.7/jars/curator-framework-2.6.0.jar
61a17000-61a1a000 r--s 00009000 08:05 7626820    /home/saksham_ubuntu/spark-2.1.1-bin-hadoop2.7/jars/jackson-annotations-2.6.5.jar
61a1a000-61a1e000 r--s 00030000 08:05 7626698    /home/saksham_ubuntu/spark-2.1.1-bin-hadoop2.7/jars/commons-net-2.2.jar
61a1e000-61a22000 r--s 00020000 08:05 7626789    /home/saksham_ubuntu/spark-2.1.1-bin-hadoop2.7/jars/commons-digester-1.8.jar
61a22000-61a29000 r--s 00058000 08:05 7626758    /home/saksham_ubuntu/spark-2.1.1-bin-hadoop2.7/jars/hadoop-yarn-server-common-2.7.3.jar
61a29000-61a2c000 r--s 0002f000 08:05 7626712    /home/saksham_ubuntu/spark-2.1.1-bin-hadoop2.7/jars/RoaringBitmap-0.5.11.jar
61a2c000-61a2e000 r--s 00003000 08:05 7626863    /home/saksham_ubuntu/spark-2.1.1-bin-hadoop2.7/jars/JavaEWAH-0.3.2.jar
61a2e000-61a2f000 r--s 00009000 08:05 7626882    /home/saksham_ubuntu/spark-2.1.1-bin-hadoop2.7/jars/slf4j-api-1.7.16.jar
61a2f000-61a35000 r--s 00040000 08:05 7626778    /home/saksham_ubuntu/spark-2.1.1-bin-hadoop2.7/jars/parquet-encoding-1.8.1.jar
61a35000-61a37000 r--s 0000e000 08:05 7626829    /home/saksham_ubuntu/spark-2.1.1-bin-hadoop2.7/jars/spark-repl_2.11-2.1.1.jar
61a37000-61a39000 r--s 00014000 08:05 7626786    /home/saksham_ubuntu/spark-2.1.1-bin-hadoop2.7/jars/spire-macros_2.11-0.7.4.jar
61a39000-61a44000 r--s 000b0000 08:05 7626800    /home/saksham_ubuntu/spark-2.1.1-bin-hadoop2.7/jars/jtransforms-2.4.0.jar
61a44000-61a47000 r--s 00022000 08:05 7626858    /home/saksham_ubuntu/spark-2.1.1-bin-hadoop2.7/jars/stringtemplate-3.2.1.jar
61a47000-61a4f000 r--s 00078000 08:05 7626857    /home/saksham_ubuntu/spark-2.1.1-bin-hadoop2.7/jars/mail-1.4.7.jar
61a4f000-61a76000 r--s 0020f000 08:05 7626795    /home/saksham_ubuntu/spark-2.1.1-bin-hadoop2.7/jars/netty-all-4.0.42.Final.jar
61a76000-61a7b000 r--s 0004e000 08:05 7626731    /home/saksham_ubuntu/spark-2.1.1-bin-hadoop2.7/jars/datanucleus-api-jdo-3.2.6.jar
61a7b000-61a7d000 r--s 00003000 08:05 7626802    /home/saksham_ubuntu/spark-2.1.1-bin-hadoop2.7/jars/jcl-over-slf4j-1.7.16.jar
61a7d000-61a7f000 r--s 00009000 08:05 7626827    /home/saksham_ubuntu/spark-2.1.1-bin-hadoop2.7/jars/jackson-module-paranamer-2.6.5.jar
61a7f000-61b00000 r--s 005d9000 08:05 7626815    /home/saksham_ubuntu/spark-2.1.1-bin-hadoop2.7/jars/spark-sql_2.11-2.1.1.jar
61b00000-61bfe000 rw-p 00000000 00:00 0 
61bfe000-61c00000 ---p 00000000 00:00 0 
61c00000-61cfc000 rw-p 00000000 00:00 0 
61cfc000-61d00000 ---p 00000000 00:00 0 
61d00000-61d01000 r--s 00004000 08:05 7626780    /home/saksham_ubuntu/spark-2.1.1-bin-hadoop2.7/jars/eigenbase-properties-1.1.5.jar
61d01000-61d09000 r--s 00066000 08:05 7626801    /home/saksham_ubuntu/spark-2.1.1-bin-hadoop2.7/jars/apache-log4j-extras-1.2.17.jar
61d09000-61d0d000 r--s 00014000 08:05 7626893    /home/saksham_ubuntu/spark-2.1.1-bin-hadoop2.7/jars/xz-1.0.jar
61d0d000-61d11000 r--s 00035000 08:05 7626746    /home/saksham_ubuntu/spark-2.1.1-bin-hadoop2.7/jars/jackson-core-asl-1.9.13.jar
61d11000-61d3d000 r--s 001c9000 08:05 7626850    /home/saksham_ubuntu/spark-2.1.1-bin-hadoop2.7/jars/shapeless_2.11-2.0.0.jar
61d3d000-61d3f000 r--s 0000a000 08:05 7626761    /home/saksham_ubuntu/spark-2.1.1-bin-hadoop2.7/jars/spark-unsafe_2.11-2.1.1.jar
61d3f000-61d49000 r--s 00086000 08:05 7626787    /home/saksham_ubuntu/spark-2.1.1-bin-hadoop2.7/jars/json4s-core_2.11-3.2.11.jar
61d49000-61d4a000 r--s 00002000 08:05 7626768    /home/saksham_ubuntu/spark-2.1.1-bin-hadoop2.7/jars/slf4j-log4j12-1.7.16.jar
61d4a000-61d57000 r--s 000b1000 08:05 7626711    /home/saksham_ubuntu/spark-2.1.1-bin-hadoop2.7/jars/hadoop-mapreduce-client-common-2.7.3.jar
61d57000-61d59000 r--s 00002000 08:05 7626755    /home/saksham_ubuntu/spark-2.1.1-bin-hadoop2.7/jars/aopalliance-repackaged-2.4.0-b34.jar
61d59000-61d5e000 r--s 00068000 08:05 7626843    /home/saksham_ubuntu/spark-2.1.1-bin-hadoop2.7/jars/antlr-2.7.7.jar
61d5e000-61d60000 r--s 00005000 08:05 7626810    /home/saksham_ubuntu/spark-2.1.1-bin-hadoop2.7/jars/stax-api-1.0.1.jar
61d60000-61d81000 r--s 0019b000 08:05 7626848    /home/saksham_ubuntu/spark-2.1.1-bin-hadoop2.7/jars/spark-hive-thriftserver_2.11-2.1.1.jar
61d81000-61d91000 r--s 000a0000 08:05 7626748    /home/saksham_ubuntu/spark-2.1.1-bin-hadoop2.7/jars/spark-yarn_2.11-2.1.1.jar
61d91000-61d93000 r--s 00017000 08:05 7626756    /home/saksham_ubuntu/spark-2.1.1-bin-hadoop2.7/jars/hive-jdbc-1.2.1.spark2.jar
61d93000-61d94000 r--s 00001000 08:05 7626770    /home/saksham_ubuntu/spark-2.1.1-bin-hadoop2.7/jars/pmml-schema-1.2.15.jar
61d94000-61d97000 r--s 0001a000 08:05 7626871    /home/saksham_ubuntu/spark-2.1.1-bin-hadoop2.7/jars/py4j-0.10.4.jar
61d97000-61d9d000 r--s 00044000 08:05 7626832    /home/saksham_ubuntu/spark-2.1.1-bin-hadoop2.7/jars/antlr4-runtime-4.5.3.jar
61d9d000-61da0000 r--s 00015000 08:05 7626699    /home/saksham_ubuntu/spark-2.1.1-bin-hadoop2.7/jars/javax.servlet-api-3.1.0.jar
61da0000-61da5000 r--s 00031000 08:05 7626813    /home/saksham_ubuntu/spark-2.1.1-bin-hadoop2.7/jars/parquet-hadoop-1.8.1.jar
61da5000-61dae000 r--s 00097000 08:05 7626874    /home/saksham_ubuntu/spark-2.1.1-bin-hadoop2.7/jars/pmml-model-1.2.15.jar
61dae000-61db2000 r--s 00018000 08:05 7626733    /home/saksham_ubuntu/spark-2.1.1-bin-hadoop2.7/jars/metrics-core-3.1.2.jar
61db2000-61db4000 r--s 0000b000 08:05 7626877    /home/saksham_ubuntu/spark-2.1.1-bin-hadoop2.7/jars/chill-java-0.8.0.jar
61db4000-61dbf000 r--s 0005d000 08:05 7626890    /home/saksham_ubuntu/spark-2.1.1-bin-hadoop2.7/jars/scala-parser-combinators_2.11-1.0.4.jar
61dbf000-61dd8000 r--s 00164000 08:05 7626807    /home/saksham_ubuntu/spark-2.1.1-bin-hadoop2.7/jars/hadoop-mapreduce-client-core-2.7.3.jar
61dd8000-61dea000 r--s 000b3000 08:05 7626866    /home/saksham_ubuntu/spark-2.1.1-bin-hadoop2.7/jars/scalap-2.11.8.jar
61dea000-61e00000 r--s 001a4000 08:05 7626762    /home/saksham_ubuntu/spark-2.1.1-bin-hadoop2.7/jars/datanucleus-rdbms-3.2.9.jar
61e00000-61eff000 rw-p 00000000 00:00 0 
61eff000-61f00000 ---p 00000000 00:00 0 
61f00000-61f01000 r--s 00004000 08:05 7626903    /home/saksham_ubuntu/spark-2.1.1-bin-hadoop2.7/jars/osgi-resource-locator-1.0.1.jar
61f01000-61f0b000 r--s 000aa000 08:05 7626831    /home/saksham_ubuntu/spark-2.1.1-bin-hadoop2.7/jars/janino-3.0.0.jar
61f0b000-61f10000 r--s 00041000 08:05 7626809    /home/saksham_ubuntu/spark-2.1.1-bin-hadoop2.7/jars/commons-lang-2.6.jar
61f10000-61f26000 r--s 000d1000 08:05 7626734    /home/saksham_ubuntu/spark-2.1.1-bin-hadoop2.7/jars/parquet-column-1.8.1.jar
61f26000-61f28000 r--s 0000e000 08:05 7626702    /home/saksham_ubuntu/spark-2.1.1-bin-hadoop2.7/jars/oro-2.0.8.jar
61f28000-61f29000 r--s 00003000 08:05 7626864    /home/saksham_ubuntu/spark-2.1.1-bin-hadoop2.7/jars/metrics-json-3.1.2.jar
61f29000-61f2e000 r--s 00027000 08:05 7626898    /home/saksham_ubuntu/spark-2.1.1-bin-hadoop2.7/jars/hk2-api-2.4.0-b34.jar
61f2e000-61f30000 r--s 00010000 08:05 7626821    /home/saksham_ubuntu/spark-2.1.1-bin-hadoop2.7/jars/jersey-media-jaxb-2.22.2.jar
61f30000-61f32000 r--s 00009000 08:05 7626876    /home/saksham_ubuntu/spark-2.1.1-bin-hadoop2.7/jars/commons-cli-1.2.jar
61f32000-61f34000 r--s 00100000 08:05 7626879    /home/saksham_ubuntu/spark-2.1.1-bin-hadoop2.7/jars/snappy-java-1.1.2.6.jar
61f34000-61f35000 r--s 00009000 08:05 7626700    /home/saksham_ubuntu/spark-2.1.1-bin-hadoop2.7/jars/hadoop-annotations-2.7.3.jar
61f35000-61f4d000 r--s 00115000 08:05 7626861    /home/saksham_ubuntu/spark-2.1.1-bin-hadoop2.7/jars/netty-3.8.0.Final.jar
61f4d000-61f4e000 r--s 00006000 08:05 7626840    /home/saksham_ubuntu/spark-2.1.1-bin-hadoop2.7/jars/jackson-xc-1.9.13.jar
61f4e000-61f52000 r--s 00029000 08:05 7626714    /home/saksham_ubuntu/spark-2.1.1-bin-hadoop2.7/jars/breeze-macros_2.11-0.12.jar
61f52000-61f54000 r--s 00006000 08:05 7626727    /home/saksham_ubuntu/spark-2.1.1-bin-hadoop2.7/jars/spark-sketch_2.11-2.1.1.jar
61f54000-61f5a000 r--s 00043000 08:05 7626895    /home/saksham_ubuntu/spark-2.1.1-bin-hadoop2.7/jars/commons-configuration-1.6.jar
61f5a000-61f5c000 r--s 00015000 08:05 7626713    /home/saksham_ubuntu/spark-2.1.1-bin-hadoop2.7/jars/hadoop-auth-2.7.3.jar
61f5c000-62034000 r--s 00a88000 08:05 7626709    /home/saksham_ubuntu/spark-2.1.1-bin-hadoop2.7/jars/spark-core_2.11-2.1.1.jar
62034000-6204a000 r--s 00124000 08:05 7626870    /home/saksham_ubuntu/spark-2.1.1-bin-hadoop2.7/jars/ivy-2.4.0.jar
6204a000-62053000 r--s 0006f000 08:05 7626793    /home/saksham_ubuntu/spark-2.1.1-bin-hadoop2.7/jars/log4j-1.2.17.jar
62053000-62055000 r--s 00003000 08:05 7626719    /home/saksham_ubuntu/spark-2.1.1-bin-hadoop2.7/jars/jersey-container-servlet-2.22.2.jar
62055000-62057000 r--s 00003000 08:05 7626880    /home/saksham_ubuntu/spark-2.1.1-bin-hadoop2.7/jars/base64-2.3.8.jar
62057000-62059000 r--s 00000000 08:05 7626873    /home/saksham_ubuntu/spark-2.1.1-bin-hadoop2.7/jars/jul-to-slf4j-1.7.16.jar
62059000-6205b000 r--s 00012000 08:05 7626855    /home/saksham_ubuntu/spark-2.1.1-bin-hadoop2.7/jars/api-util-1.0.0-M20.jar
6205b000-620b4000 r--s 00522000 08:05 7626902    /home/saksham_ubuntu/spark-2.1.1-bin-hadoop2.7/jars/scala-library-2.11.8.jar
620b4000-620c3000 r--s 0009f000 08:05 7626803    /home/saksham_ubuntu/spark-2.1.1-bin-hadoop2.7/jars/guice-3.0.jar
620c3000-620d0000 r--s 000a7000 08:05 7626776    /home/saksham_ubuntu/spark-2.1.1-bin-hadoop2.7/jars/httpclient-4.5.2.jar
620d0000-620f4000 rw-p 00000000 00:00 0 
620f4000-62200000 r--s 00dba000 08:05 7626896    /home/saksham_ubuntu/spark-2.1.1-bin-hadoop2.7/jars/scala-compiler-2.11.8.jar
62200000-622f5000 rw-p 00000000 00:00 0 
622f5000-62300000 ---p 00000000 00:00 0 
62300000-62301000 r--s 00009000 08:05 7626867    /home/saksham_ubuntu/spark-2.1.1-bin-hadoop2.7/jars/hive-cli-1.2.1.spark2.jar
62301000-62302000 r--s 00003000 08:05 7626743    /home/saksham_ubuntu/spark-2.1.1-bin-hadoop2.7/jars/xmlenc-0.52.jar
62302000-62305000 r--s 0000e000 08:05 7626724    /home/saksham_ubuntu/spark-2.1.1-bin-hadoop2.7/jars/jersey-container-servlet-core-2.22.2.jar
62305000-62307000 r--s 00010000 08:05 7626771    /home/saksham_ubuntu/spark-2.1.1-bin-hadoop2.7/jars/hadoop-mapreduce-client-shuffle-2.7.3.jar
62307000-6230f000 r--s 00059000 08:05 7626760    /home/saksham_ubuntu/spark-2.1.1-bin-hadoop2.7/jars/javolution-5.5.1.jar
6230f000-62320000 r--s 0010d000 08:05 7626783    /home/saksham_ubuntu/spark-2.1.1-bin-hadoop2.7/jars/jackson-databind-2.6.5.jar
62320000-62327000 r--s 00051000 08:05 7626708    /home/saksham_ubuntu/spark-2.1.1-bin-hadoop2.7/jars/kryo-shaded-3.0.3.jar
62327000-6232b000 r--s 00028000 08:05 7626757    /home/saksham_ubuntu/spark-2.1.1-bin-hadoop2.7/jars/spark-mllib-local_2.11-2.1.1.jar
6232b000-62332000 r--s 0007d000 08:05 7626791    /home/saksham_ubuntu/spark-2.1.1-bin-hadoop2.7/jars/jetty-6.1.26.jar
62332000-62372000 r--s 00277000 08:05 7626836    /home/saksham_ubuntu/spark-2.1.1-bin-hadoop2.7/jars/bcprov-jdk15on-1.51.jar
62372000-6238f000 r--s 001d5000 08:05 7626897    /home/saksham_ubuntu/spark-2.1.1-bin-hadoop2.7/jars/hadoop-yarn-api-2.7.3.jar
6238f000-6239d000 r--s 00078000 08:05 7626825    /home/saksham_ubuntu/spark-2.1.1-bin-hadoop2.7/jars/spark-mesos_2.11-2.1.1.jar
6239d000-62400000 r--s 004de000 08:05 7626788    /home/saksham_ubuntu/spark-2.1.1-bin-hadoop2.7/jars/hive-metastore-1.2.1.spark2.jar
62400000-624f9000 rw-p 00000000 00:00 0 
624f9000-62500000 ---p 00000000 00:00 0 
62500000-62501000 r--s 00004000 08:05 7626785    /home/saksham_ubuntu/spark-2.1.1-bin-hadoop2.7/jars/opencsv-2.3.jar
62501000-62503000 r--s 0000f000 08:05 7626716    /home/saksham_ubuntu/spark-2.1.1-bin-hadoop2.7/jars/activation-1.1.1.jar
62503000-62505000 r--s 00027000 08:05 7626842    /home/saksham_ubuntu/spark-2.1.1-bin-hadoop2.7/jars/core-1.1.2.jar
62505000-62508000 r--s 00015000 08:05 7626792    /home/saksham_ubuntu/spark-2.1.1-bin-hadoop2.7/jars/pyrolite-4.13.jar
62508000-6250a000 r--s 00004000 08:05 7626839    /home/saksham_ubuntu/spark-2.1.1-bin-hadoop2.7/jars/metrics-graphite-3.1.2.jar
6250a000-6250d000 r--s 00006000 08:05 7626790    /home/saksham_ubuntu/spark-2.1.1-bin-hadoop2.7/jars/jsr305-1.3.9.jar
6250d000-6250e000 r--s 00000000 08:05 7626749    /home/saksham_ubuntu/spark-2.1.1-bin-hadoop2.7/jars/javax.inject-1.jar
6250e000-62515000 r--s 0005d000 08:05 7626845    /home/saksham_ubuntu/spark-2.1.1-bin-hadoop2.7/jars/mx4j-3.0.2.jar
62515000-6251c000 r--s 00049000 08:05 7626805    /home/saksham_ubuntu/spark-2.1.1-bin-hadoop2.7/jars/httpcore-4.4.4.jar
6251c000-62523000 r--s 00046000 08:05 7626849    /home/saksham_ubuntu/spark-2.1.1-bin-hadoop2.7/jars/libfb303-0.9.3.jar
62523000-62528000 r--s 00032000 08:05 7626901    /home/saksham_ubuntu/spark-2.1.1-bin-hadoop2.7/jars/chill_2.11-0.8.0.jar
62528000-62535000 r--s 00071000 08:05 7626869    /home/saksham_ubuntu/spark-2.1.1-bin-hadoop2.7/jars/jackson-module-scala_2.11-2.6.5.jar
62535000-6253a000 r--s 0002a000 08:05 7626804    /home/saksham_ubuntu/spark-2.1.1-bin-hadoop2.7/jars/gson-2.2.4.jar
6253a000-6253e000 r--s 0002a000 08:05 7626816    /home/saksham_ubuntu/spark-2.1.1-bin-hadoop2.7/jars/commons-io-2.4.jar
6253e000-6256b000 r--s 001d4000 08:05 7626900    /home/saksham_ubuntu/spark-2.1.1-bin-hadoop2.7/jars/spark-streaming_2.11-2.1.1.jar
6256b000-62583000 r--s 00115000 08:05 7626703    /home/saksham_ubuntu/spark-2.1.1-bin-hadoop2.7/jars/xercesImpl-2.9.1.jar
62583000-62589000 r--s 00045000 08:05 7626754    /home/saksham_ubuntu/spark-2.1.1-bin-hadoop2.7/jars/commons-httpclient-3.1.jar
62589000-625a0000 r--s 00183000 08:05 7626822    /home/saksham_ubuntu/spark-2.1.1-bin-hadoop2.7/jars/hadoop-yarn-common-2.7.3.jar
625a0000-625d7000 r--s 00325000 08:05 7626854    /home/saksham_ubuntu/spark-2.1.1-bin-hadoop2.7/jars/calcite-core-1.2.0-incubating.jar
625d7000-62600000 r--s 001ee000 08:05 7626899    /home/saksham_ubuntu/spark-2.1.1-bin-hadoop2.7/jars/guava-14.0.1.jar
62600000-626fc000 rw-p 00000000 00:00 0 
626fc000-62700000 ---p 00000000 00:00 0 
62700000-62703000 r--s 00014000 08:05 7626830    /home/saksham_ubuntu/spark-2.1.1-bin-hadoop2.7/jars/super-csv-2.2.0.jar
62703000-62706000 r--s 00017000 08:05 7626852    /home/saksham_ubuntu/spark-2.1.1-bin-hadoop2.7/jars/jaxb-api-2.2.2.jar
62706000-6270a000 r--s 0001a000 08:05 7626728    /home/saksham_ubuntu/spark-2.1.1-bin-hadoop2.7/jars/hk2-utils-2.4.0-b34.jar
6270a000-6270c000 r--s 0000e000 08:05 7626846    /home/saksham_ubuntu/spark-2.1.1-bin-hadoop2.7/jars/commons-logging-1.1.3.jar
6270c000-62713000 r--s 00049000 08:05 7626889    /home/saksham_ubuntu/spark-2.1.1-bin-hadoop2.7/jars/univocity-parsers-2.2.1.jar
62713000-62717000 r--s 00036000 08:05 7626888    /home/saksham_ubuntu/spark-2.1.1-bin-hadoop2.7/jars/ST4-4.0.4.jar
62717000-62732000 r--s 001d8000 08:05 7626721    /home/saksham_ubuntu/spark-2.1.1-bin-hadoop2.7/jars/jets3t-0.9.3.jar
62732000-62743000 r--s 00089000 08:05 7626772    /home/saksham_ubuntu/spark-2.1.1-bin-hadoop2.7/jars/joda-time-2.9.3.jar
62743000-62751000 r--s 0009d000 08:05 7626763    /home/saksham_ubuntu/spark-2.1.1-bin-hadoop2.7/jars/jersey-common-2.22.2.jar
62751000-6279d000 r--s 00411000 08:05 7626894    /home/saksham_ubuntu/spark-2.1.1-bin-hadoop2.7/jars/scala-reflect-2.11.8.jar
6279d000-627d1000 r--s 00277000 08:05 7626741    /home/saksham_ubuntu/spark-2.1.1-bin-hadoop2.7/jars/parquet-hadoop-bundle-1.6.0.jar
627d1000-62800000 r--s 002e5000 08:05 7626883    /home/saksham_ubuntu/spark-2.1.1-bin-hadoop2.7/jars/derby-10.12.1.1.jar
62800000-628ff000 rw-p 00000000 00:00 0 
628ff000-62900000 ---p 00000000 00:00 0 
62900000-62901000 r--s 00003000 08:05 7626739    /home/saksham_ubuntu/spark-2.1.1-bin-hadoop2.7/jars/spark-tags_2.11-2.1.1.jar
62901000-62903000 r--s 0000d000 08:05 7626794    /home/saksham_ubuntu/spark-2.1.1-bin-hadoop2.7/jars/hadoop-yarn-server-web-proxy-2.7.3.jar
62903000-62908000 r--s 00036000 08:05 7626723    /home/saksham_ubuntu/spark-2.1.1-bin-hadoop2.7/jars/commons-compress-1.4.1.jar
62908000-62909000 r--s 00008000 08:05 7626881    /home/saksham_ubuntu/spark-2.1.1-bin-hadoop2.7/jars/commons-compiler-3.0.0.jar
62909000-6290b000 r--s 00009000 08:05 7626885    /home/saksham_ubuntu/spark-2.1.1-bin-hadoop2.7/jars/objenesis-2.1.jar
6290b000-6290f000 r--s 0002c000 08:05 7626817    /home/saksham_ubuntu/spark-2.1.1-bin-hadoop2.7/jars/avro-ipc-1.7.7.jar
6290f000-62911000 r--s 0000f000 08:05 7626784    /home/saksham_ubuntu/spark-2.1.1-bin-hadoop2.7/jars/curator-client-2.6.0.jar
62911000-6291b000 r--s 0007b000 08:05 7626884    /home/saksham_ubuntu/spark-2.1.1-bin-hadoop2.7/jars/hadoop-mapreduce-client-app-2.7.3.jar
6291b000-6291d000 r--s 00005000 08:05 7626812    /home/saksham_ubuntu/spark-2.1.1-bin-hadoop2.7/jars/javax.annotation-api-1.2.jar
6291d000-6291f000 r--s 0001f000 08:05 7626862    /home/saksham_ubuntu/spark-2.1.1-bin-hadoop2.7/jars/commons-crypto-1.0.0.jar
6291f000-62921000 r--s 00038000 08:05 7626841    /home/saksham_ubuntu/spark-2.1.1-bin-hadoop2.7/jars/lz4-1.3.0.jar
62921000-62922000 r--s 00003000 08:05 7626717    /home/saksham_ubuntu/spark-2.1.1-bin-hadoop2.7/jars/jta-1.1.jar
62922000-62923000 r--s 00002000 08:05 7626735    /home/saksham_ubuntu/spark-2.1.1-bin-hadoop2.7/jars/java-xmlbuilder-1.0.jar
62923000-62926000 r--s 00025000 08:05 7626767    /home/saksham_ubuntu/spark-2.1.1-bin-hadoop2.7/jars/commons-dbcp-1.4.jar
62926000-6292a000 r--s 00031000 08:05 7626732    /home/saksham_ubuntu/spark-2.1.1-bin-hadoop2.7/jars/jline-2.12.1.jar
6292a000-6292e000 r--s 0003c000 08:05 7626891    /home/saksham_ubuntu/spark-2.1.1-bin-hadoop2.7/jars/jackson-core-2.6.5.jar
6292e000-62931000 r--s 0000d000 08:05 7626811    /home/saksham_ubuntu/spark-2.1.1-bin-hadoop2.7/jars/spark-network-shuffle_2.11-2.1.1.jar
62931000-6299c000 r--s 00784000 08:05 7626701    /home/saksham_ubuntu/spark-2.1.1-bin-hadoop2.7/jars/hadoop-hdfs-2.7.3.jar
6299c000-6299d000 r--s 00002000 08:05 7626833    /home/saksham_ubuntu/spark-2.1.1-bin-hadoop2.7/jars/jpam-1.1.jar
6299d000-6299f000 r--s 00012000 08:05 7626799    /home/saksham_ubuntu/spark-2.1.1-bin-hadoop2.7/jars/compress-lzf-1.0.3.jar
6299f000-629a2000 r--s 00016000 08:05 7626742    /home/saksham_ubuntu/spark-2.1.1-bin-hadoop2.7/jars/jsp-api-2.1.jar
629a2000-629a3000 r--s 00006000 08:05 7626824    /home/saksham_ubuntu/spark-2.1.1-bin-hadoop2.7/jars/hadoop-client-2.7.3.jar
629a3000-629a7000 r--s 00029000 08:05 7626740    /home/saksham_ubuntu/spark-2.1.1-bin-hadoop2.7/jars/hk2-locator-2.4.0-b34.jar
629a7000-629ab000 r--s 00019000 08:05 7626837    /home/saksham_ubuntu/spark-2.1.1-bin-hadoop2.7/jars/javax.ws.rs-api-2.0.1.jar
629ab000-629bf000 r--s 000ec000 08:05 7626705    /home/saksham_ubuntu/spark-2.1.1-bin-hadoop2.7/jars/parquet-jackson-1.8.1.jar
629bf000-629c3000 r--s 0000c000 08:05 7626766    /home/saksham_ubuntu/spark-2.1.1-bin-hadoop2.7/jars/validation-api-1.1.0.Final.jar
629c3000-629c6000 r--s 00021000 08:05 7626745    /home/saksham_ubuntu/spark-2.1.1-bin-hadoop2.7/jars/xbean-asm5-shaded-4.4.jar
629c6000-629df000 r--s 00150000 08:05 7626775    /home/saksham_ubuntu/spark-2.1.1-bin-hadoop2.7/jars/htrace-core-3.1.0-incubating.jar
629df000-62a01000 r--s 00335000 08:05 7626819    /home/saksham_ubuntu/spark-2.1.1-bin-hadoop2.7/jars/mesos-1.0.0-shaded-protobuf.jar
62a01000-62a8c000 r--s 0069e000 08:05 7626782    /home/saksham_ubuntu/spark-2.1.1-bin-hadoop2.7/jars/spark-catalyst_2.11-2.1.1.jar
62a8c000-62b00000 r--s 00574000 08:05 7626808    /home/saksham_ubuntu/spark-2.1.1-bin-hadoop2.7/jars/spark-mllib_2.11-2.1.1.jar
62b00000-62bfd000 rw-p 00000000 00:00 0 
62bfd000-62c00000 ---p 00000000 00:00 0 
62c00000-62c0a000 r--s 000a5000 08:05 7626835    /home/saksham_ubuntu/spark-2.1.1-bin-hadoop2.7/jars/javassist-3.18.1-GA.jar
62c0a000-62c0f000 r--s 00028000 08:05 7626878    /home/saksham_ubuntu/spark-2.1.1-bin-hadoop2.7/jars/avro-mapred-1.7.7-hadoop2.jar
62c0f000-62c16000 r--s 00058000 08:05 7626738    /home/saksham_ubuntu/spark-2.1.1-bin-hadoop2.7/jars/parquet-format-2.3.0-incubating.jar
62c16000-62c1a000 r--s 00028000 08:05 7626722    /home/saksham_ubuntu/spark-2.1.1-bin-hadoop2.7/jars/jetty-util-6.1.26.jar
62c1a000-62c1c000 r--s 00008000 08:05 7626730    /home/saksham_ubuntu/spark-2.1.1-bin-hadoop2.7/jars/parquet-common-1.8.1.jar
62c1c000-62c23000 r--s 00036000 08:05 7626773    /home/saksham_ubuntu/spark-2.1.1-bin-hadoop2.7/jars/curator-recipes-2.6.0.jar
62c23000-62c26000 r--s 00012000 08:05 7626751    /home/saksham_ubuntu/spark-2.1.1-bin-hadoop2.7/jars/json4s-ast_2.11-3.2.11.jar
62c26000-62c2b000 r--s 0002a000 08:05 7626725    /home/saksham_ubuntu/spark-2.1.1-bin-hadoop2.7/jars/commons-beanutils-1.7.0.jar
62c2b000-62c31000 r--s 0002c000 08:05 7626865    /home/saksham_ubuntu/spark-2.1.1-bin-hadoop2.7/jars/jdo-api-3.0.1.jar
62c31000-62c39000 r--s 0007b000 08:05 7626806    /home/saksham_ubuntu/spark-2.1.1-bin-hadoop2.7/jars/protobuf-java-2.5.0.jar
62c39000-62c51000 r--s 000d6000 08:05 7626720    /home/saksham_ubuntu/spark-2.1.1-bin-hadoop2.7/jars/jersey-guava-2.22.2.jar
62c51000-62c53000 r--s 00020000 08:05 7626818    /home/saksham_ubuntu/spark-2.1.1-bin-hadoop2.7/jars/hive-beeline-1.2.1.spark2.jar
62c53000-62c57000 r--s 00025000 08:05 7626887    /home/saksham_ubuntu/spark-2.1.1-bin-hadoop2.7/jars/jersey-client-2.22.2.jar
62c57000-62d00000 r--s 00a4f000 08:05 7626853    /home/saksham_ubuntu/spark-2.1.1-bin-hadoop2.7/jars/hive-exec-1.2.1.spark2.jar
62d00000-62dff000 rw-p 00000000 00:00 0 
62dff000-62e00000 ---p 00000000 00:00 0 
62e00000-62e04000 r--s 00025000 08:05 7626704    /home/saksham_ubuntu/spark-2.1.1-bin-hadoop2.7/jars/antlr-runtime-3.4.jar
62e04000-62e1c000 r--s 001b6000 08:05 7626718    /home/saksham_ubuntu/spark-2.1.1-bin-hadoop2.7/jars/datanucleus-core-3.2.10.jar
62e1c000-62e22000 r--s 00034000 08:05 7626851    /home/saksham_ubuntu/spark-2.1.1-bin-hadoop2.7/jars/libthrift-0.9.3.jar
62e22000-62e24000 r--s 00004000 08:05 7626736    /home/saksham_ubuntu/spark-2.1.1-bin-hadoop2.7/jars/stax-api-1.0-2.jar
62e24000-62e5a000 r--s 0031c000 08:05 7626715    /home/saksham_ubuntu/spark-2.1.1-bin-hadoop2.7/jars/hadoop-common-2.7.3.jar
62e5a000-62e64000 r--s 00095000 08:05 7626797    /home/saksham_ubuntu/spark-2.1.1-bin-hadoop2.7/jars/scala-xml_2.11-1.0.2.jar
62e64000-62e7d000 r--s 00114000 08:05 7626726    /home/saksham_ubuntu/spark-2.1.1-bin-hadoop2.7/jars/spark-hive_2.11-2.1.1.jar
62e7d000-62eab000 r--s 00212000 08:05 7626781    /home/saksham_ubuntu/spark-2.1.1-bin-hadoop2.7/jars/spark-network-common_2.11-2.1.1.jar
62eab000-62f00000 r--s 0069c000 08:05 7626744    /home/saksham_ubuntu/spark-2.1.1-bin-hadoop2.7/jars/spire_2.11-0.7.4.jar
62f00000-62ffa000 rw-p 00000000 00:00 0 
62ffa000-63000000 ---p 00000000 00:00 0 
63000000-63001000 r--s 00009000 08:05 7626750    /home/saksham_ubuntu/spark-2.1.1-bin-hadoop2.7/jars/json4s-jackson_2.11-3.2.11.jar
63001000-63004000 r--s 00015000 08:05 7626769    /home/saksham_ubuntu/spark-2.1.1-bin-hadoop2.7/jars/commons-pool-1.5.4.jar
63004000-63005000 r--s 0000a000 08:05 7626765    /home/saksham_ubuntu/spark-2.1.1-bin-hadoop2.7/jars/apacheds-i18n-2.0.0-M15.jar
63005000-63007000 r--s 0000e000 08:05 7626859    /home/saksham_ubuntu/spark-2.1.1-bin-hadoop2.7/jars/guice-servlet-3.0.jar
63007000-6300e000 r--s 00039000 08:05 7626796    /home/saksham_ubuntu/spark-2.1.1-bin-hadoop2.7/jars/calcite-avatica-1.2.0-incubating.jar
6300e000-63011000 r--s 00019000 08:05 7626697    /home/saksham_ubuntu/spark-2.1.1-bin-hadoop2.7/jars/bonecp-0.8.0.RELEASE.jar
63011000-63012000 r--s 0000b000 08:05 7626777    /home/saksham_ubuntu/spark-2.1.1-bin-hadoop2.7/jars/snappy-0.2.jar
63012000-63013000 r--s 00001000 08:05 7626875    /home/saksham_ubuntu/spark-2.1.1-bin-hadoop2.7/jars/javax.inject-2.4.0-b34.jar
63013000-63016000 r--s 00026000 08:05 7626844    /home/saksham_ubuntu/spark-2.1.1-bin-hadoop2.7/jars/hadoop-yarn-client-2.7.3.jar
63016000-63018000 r--s 00003000 08:05 7626764    /home/saksham_ubuntu/spark-2.1.1-bin-hadoop2.7/jars/api-asn1-api-1.0.0-M20.jar
63018000-6301e000 r--s 00063000 08:05 7626886    /home/saksham_ubuntu/spark-2.1.1-bin-hadoop2.7/jars/jodd-core-3.5.2.jar
6301e000-63027000 r--s 00062000 08:05 7626729    /home/saksham_ubuntu/spark-2.1.1-bin-hadoop2.7/jars/avro-1.7.7.jar
63027000-63032000 r--s 00062000 08:05 7626798    /home/saksham_ubuntu/spark-2.1.1-bin-hadoop2.7/jars/calcite-linq4j-1.2.0-incubating.jar
63032000-63044000 r--s 00112000 08:05 7626872    /home/saksham_ubuntu/spark-2.1.1-bin-hadoop2.7/jars/arpack_combined_all-0.1.jar
63044000-6305a000 r--s 000d3000 08:05 7626774    /home/saksham_ubuntu/spark-2.1.1-bin-hadoop2.7/jars/jersey-server-2.22.2.jar
6305a000-6305b000 ---p 00000000 00:00 0 
6305b000-630db000 rw-p 00000000 00:00 0 
630db000-630de000 ---p 00000000 00:00 0 
630de000-6312c000 rw-p 00000000 00:00 0 
6312c000-6312f000 ---p 00000000 00:00 0 
6312f000-631ad000 rw-p 00000000 00:00 0 
631ad000-631b0000 ---p 00000000 00:00 0 
631b0000-6322e000 rw-p 00000000 00:00 0 
6322e000-63231000 ---p 00000000 00:00 0 
63231000-632af000 rw-p 00000000 00:00 0 
632af000-632b2000 ---p 00000000 00:00 0 
632b2000-63300000 rw-p 00000000 00:00 0 
63300000-63500000 r--p 00000000 08:05 6292404    /usr/lib/locale/locale-archive
63500000-63600000 rw-p 00000000 00:00 0 
63600000-636ff000 rw-p 00000000 00:00 0 
636ff000-63700000 ---p 00000000 00:00 0 
63700000-63800000 rw-p 00000000 00:00 0 
63800000-63804000 r--s 0002f000 08:05 7626847    /home/saksham_ubuntu/spark-2.1.1-bin-hadoop2.7/jars/commons-beanutils-core-1.8.0.jar
63804000-63806000 r--s 00000000 08:05 7626828    /home/saksham_ubuntu/spark-2.1.1-bin-hadoop2.7/jars/aopalliance-1.0.jar
63806000-6380e000 r--s 0006e000 08:05 7626834    /home/saksham_ubuntu/spark-2.1.1-bin-hadoop2.7/jars/commons-lang3-3.5.jar
6380e000-63811000 r--s 00028000 08:05 7626707    /home/saksham_ubuntu/spark-2.1.1-bin-hadoop2.7/jars/stream-2.7.0.jar
63811000-63813000 r--s 0000e000 08:05 7626838    /home/saksham_ubuntu/spark-2.1.1-bin-hadoop2.7/jars/hadoop-mapreduce-client-jobclient-2.7.3.jar
63813000-63816000 ---p 00000000 00:00 0 
63816000-63864000 rw-p 00000000 00:00 0 
63864000-63865000 ---p 00000000 00:00 0 
63865000-638e5000 rw-p 00000000 00:00 0 
638e5000-63ab4000 r--s 03c07000 08:05 7219410    /usr/lib/jvm/java-8-openjdk-i386/jre/lib/rt.jar
63ab4000-63efa000 rw-p 00000000 00:00 0 
63efa000-63f00000 ---p 00000000 00:00 0 
63f00000-66300000 rw-p 00000000 00:00 0 
66300000-663e8000 rw-p 00000000 00:00 0 
663e8000-66400000 ---p 00000000 00:00 0 
66400000-6640d000 r--s 00083000 08:05 7626747    /home/saksham_ubuntu/spark-2.1.1-bin-hadoop2.7/jars/commons-collections-3.2.2.jar
6640d000-6640f000 r--s 00008000 08:05 7626710    /home/saksham_ubuntu/spark-2.1.1-bin-hadoop2.7/jars/metrics-jvm-3.1.2.jar
6640f000-6641c000 r--s 0009e000 08:05 7626860    /home/saksham_ubuntu/spark-2.1.1-bin-hadoop2.7/jars/spark-graphx_2.11-2.1.1.jar
6641c000-6642e000 r--s 00097000 08:05 7626856    /home/saksham_ubuntu/spark-2.1.1-bin-hadoop2.7/jars/apacheds-kerberos-codec-2.0.0-M15.jar
6642e000-66431000 ---p 00000000 00:00 0 
66431000-6647f000 rw-p 00000000 00:00 0 
6647f000-66480000 ---p 00000000 00:00 0 
66480000-66500000 rw-p 00000000 00:00 0 
66500000-665fd000 rw-p 00000000 00:00 0 
665fd000-66600000 ---p 00000000 00:00 0 
66600000-66621000 rw-p 00000000 00:00 0 
66621000-66700000 ---p 00000000 00:00 0 
66700000-6670c000 r--s 000b6000 08:05 7626868    /home/saksham_ubuntu/spark-2.1.1-bin-hadoop2.7/jars/zookeeper-3.4.6.jar
6670c000-66713000 r--s 0003f000 08:05 7626752    /home/saksham_ubuntu/spark-2.1.1-bin-hadoop2.7/jars/commons-codec-1.10.jar
66713000-66717000 r--s 00037000 08:05 7219397    /usr/lib/jvm/java-8-openjdk-i386/jre/lib/ext/sunpkcs11.jar
66717000-66732000 r--s 001d6000 08:05 7219404    /usr/lib/jvm/java-8-openjdk-i386/jre/lib/ext/nashorn.jar
66732000-6677f000 rw-p 00000000 00:00 0 
6677f000-66780000 ---p 00000000 00:00 0 
66780000-66800000 rw-p 00000000 00:00 0 
66800000-66821000 rw-p 00000000 00:00 0 
66821000-66900000 ---p 00000000 00:00 0 
66900000-66903000 r--s 000fd000 08:05 7626753    /home/saksham_ubuntu/spark-2.1.1-bin-hadoop2.7/jars/leveldbjni-all-1.8.jar
66903000-66908000 r--s 0003b000 08:05 7219400    /usr/lib/jvm/java-8-openjdk-i386/jre/lib/ext/sunjce_provider.jar
66908000-66923000 r--s 00394000 08:05 7219402    /usr/lib/jvm/java-8-openjdk-i386/jre/lib/ext/cldrdata.jar
66923000-6697e000 rw-p 00000000 00:00 0 
6697e000-6697f000 ---p 00000000 00:00 0 
6697f000-66a15000 rw-p 00000000 00:00 0 
66a15000-66b54000 ---p 00000000 00:00 0 
66b54000-66b68000 rw-p 00000000 00:00 0 
66b68000-66bff000 ---p 00000000 00:00 0 
66bff000-696c0000 rw-p 00000000 00:00 0 
696c0000-916c0000 ---p 00000000 00:00 0 
916c0000-93c40000 rw-p 00000000 00:00 0 
96140000-a6c00000 ---p 00000000 00:00 0 
a6c00000-a6c02000 r--s 00006000 08:05 7626737    /home/saksham_ubuntu/spark-2.1.1-bin-hadoop2.7/jars/paranamer-2.3.jar
a6c02000-a6c0c000 r--s 00116000 08:05 7219403    /usr/lib/jvm/java-8-openjdk-i386/jre/lib/ext/localedata.jar
a6c0c000-a6c24000 rw-p 00000000 00:00 0 
a6c24000-a6c25000 ---p 00000000 00:00 0 
a6c25000-a6cbb000 rw-p 00000000 00:00 0 
a6cbb000-a6dfb000 ---p 00000000 00:00 0 
a6dfb000-a6e07000 rw-p 00000000 00:00 0 
a6e07000-a71bb000 ---p 00000000 00:00 0 
a71bb000-a748b000 rwxp 00000000 00:00 0 
a748b000-b61bb000 ---p 00000000 00:00 0 
b61bb000-b61c6000 r-xp 00000000 08:05 787042     /lib/i386-linux-gnu/libnss_files-2.23.so
b61c6000-b61c7000 r--p 0000a000 08:05 787042     /lib/i386-linux-gnu/libnss_files-2.23.so
b61c7000-b61c8000 rw-p 0000b000 08:05 787042     /lib/i386-linux-gnu/libnss_files-2.23.so
b61c8000-b61ce000 rw-p 00000000 00:00 0 
b61ce000-b61d9000 r-xp 00000000 08:05 787035     /lib/i386-linux-gnu/libnss_nis-2.23.so
b61d9000-b61da000 r--p 0000a000 08:05 787035     /lib/i386-linux-gnu/libnss_nis-2.23.so
b61da000-b61db000 rw-p 0000b000 08:05 787035     /lib/i386-linux-gnu/libnss_nis-2.23.so
b61db000-b61f2000 r-xp 00000000 08:05 787037     /lib/i386-linux-gnu/libnsl-2.23.so
b61f2000-b61f3000 r--p 00016000 08:05 787037     /lib/i386-linux-gnu/libnsl-2.23.so
b61f3000-b61f4000 rw-p 00017000 08:05 787037     /lib/i386-linux-gnu/libnsl-2.23.so
b61f4000-b61f6000 rw-p 00000000 00:00 0 
b61f6000-b61fe000 r-xp 00000000 08:05 787043     /lib/i386-linux-gnu/libnss_compat-2.23.so
b61fe000-b61ff000 r--p 00007000 08:05 787043     /lib/i386-linux-gnu/libnss_compat-2.23.so
b61ff000-b6200000 rw-p 00008000 08:05 787043     /lib/i386-linux-gnu/libnss_compat-2.23.so
b6200000-b62fa000 rw-p 00000000 00:00 0 
b62fa000-b6300000 ---p 00000000 00:00 0 
b6300000-b6301000 r--s 00001000 08:05 7626759    /home/saksham_ubuntu/spark-2.1.1-bin-hadoop2.7/jars/minlog-1.3.0.jar
b6301000-b6302000 r--s 00004000 08:05 7626779    /home/saksham_ubuntu/spark-2.1.1-bin-hadoop2.7/jars/jackson-jaxrs-1.9.13.jar
b6302000-b6304000 r--s 00008000 08:05 7219399    /usr/lib/jvm/java-8-openjdk-i386/jre/lib/ext/sunec.jar
b6304000-b6307000 r--s 0000f000 08:05 7219401    /usr/lib/jvm/java-8-openjdk-i386/jre/lib/ext/icedtea-sound.jar
b6307000-b630f000 r-xp 00000000 08:05 7219435    /usr/lib/jvm/java-8-openjdk-i386/jre/lib/i386/libzip.so
b630f000-b6310000 r--p 00007000 08:05 7219435    /usr/lib/jvm/java-8-openjdk-i386/jre/lib/i386/libzip.so
b6310000-b6311000 rw-p 00008000 08:05 7219435    /usr/lib/jvm/java-8-openjdk-i386/jre/lib/i386/libzip.so
b6311000-b6319000 rw-s 00000000 08:05 7626984    /tmp/hsperfdata_saksham_ubuntu/15300
b6319000-b6340000 r-xp 00000000 08:05 7219430    /usr/lib/jvm/java-8-openjdk-i386/jre/lib/i386/libjava.so
b6340000-b6341000 r--p 00026000 08:05 7219430    /usr/lib/jvm/java-8-openjdk-i386/jre/lib/i386/libjava.so
b6341000-b6342000 rw-p 00027000 08:05 7219430    /usr/lib/jvm/java-8-openjdk-i386/jre/lib/i386/libjava.so
b6342000-b6349000 r-xp 00000000 08:05 787044     /lib/i386-linux-gnu/librt-2.23.so
b6349000-b634a000 r--p 00006000 08:05 787044     /lib/i386-linux-gnu/librt-2.23.so
b634a000-b634b000 rw-p 00007000 08:05 787044     /lib/i386-linux-gnu/librt-2.23.so
b634b000-b634e000 ---p 00000000 00:00 0 
b634e000-b639c000 rw-p 00000000 00:00 0 
b639c000-b63b8000 r-xp 00000000 08:05 787806     /lib/i386-linux-gnu/libgcc_s.so.1
b63b8000-b63b9000 rw-p 0001b000 08:05 787806     /lib/i386-linux-gnu/libgcc_s.so.1
b63b9000-b640c000 r-xp 00000000 08:05 787036     /lib/i386-linux-gnu/libm-2.23.so
b640c000-b640d000 r--p 00052000 08:05 787036     /lib/i386-linux-gnu/libm-2.23.so
b640d000-b640e000 rw-p 00053000 08:05 787036     /lib/i386-linux-gnu/libm-2.23.so
b640e000-b657b000 r-xp 00000000 08:05 6293626    /usr/lib/i386-linux-gnu/libstdc++.so.6.0.21
b657b000-b657c000 ---p 0016d000 08:05 6293626    /usr/lib/i386-linux-gnu/libstdc++.so.6.0.21
b657c000-b6581000 r--p 0016d000 08:05 6293626    /usr/lib/i386-linux-gnu/libstdc++.so.6.0.21
b6581000-b6582000 rw-p 00172000 08:05 6293626    /usr/lib/i386-linux-gnu/libstdc++.so.6.0.21
b6582000-b6585000 rw-p 00000000 00:00 0 
b6585000-b7053000 r-xp 00000000 08:05 7354171    /usr/lib/jvm/java-8-openjdk-i386/jre/lib/i386/server/libjvm.so
b7053000-b7054000 ---p 00ace000 08:05 7354171    /usr/lib/jvm/java-8-openjdk-i386/jre/lib/i386/server/libjvm.so
b7054000-b7099000 r--p 00ace000 08:05 7354171    /usr/lib/jvm/java-8-openjdk-i386/jre/lib/i386/server/libjvm.so
b7099000-b70b0000 rw-p 00b13000 08:05 7354171    /usr/lib/jvm/java-8-openjdk-i386/jre/lib/i386/server/libjvm.so
b70b0000-b74d1000 rw-p 00000000 00:00 0 
b74d1000-b74ea000 r-xp 00000000 08:05 787048     /lib/i386-linux-gnu/libpthread-2.23.so
b74ea000-b74eb000 r--p 00018000 08:05 787048     /lib/i386-linux-gnu/libpthread-2.23.so
b74eb000-b74ec000 rw-p 00019000 08:05 787048     /lib/i386-linux-gnu/libpthread-2.23.so
b74ec000-b74ee000 rw-p 00000000 00:00 0 
b74ee000-b74f1000 r-xp 00000000 08:05 787034     /lib/i386-linux-gnu/libdl-2.23.so
b74f1000-b74f2000 r--p 00002000 08:05 787034     /lib/i386-linux-gnu/libdl-2.23.so
b74f2000-b74f3000 rw-p 00003000 08:05 787034     /lib/i386-linux-gnu/libdl-2.23.so
b74f3000-b750c000 r-xp 00000000 08:05 786460     /lib/i386-linux-gnu/libz.so.1.2.8
b750c000-b750d000 r--p 00018000 08:05 786460     /lib/i386-linux-gnu/libz.so.1.2.8
b750d000-b750e000 rw-p 00019000 08:05 786460     /lib/i386-linux-gnu/libz.so.1.2.8
b750e000-b76bd000 r-xp 00000000 08:05 787038     /lib/i386-linux-gnu/libc-2.23.so
b76bd000-b76be000 ---p 001af000 08:05 787038     /lib/i386-linux-gnu/libc-2.23.so
b76be000-b76c0000 r--p 001af000 08:05 787038     /lib/i386-linux-gnu/libc-2.23.so
b76c0000-b76c1000 rw-p 001b1000 08:05 787038     /lib/i386-linux-gnu/libc-2.23.so
b76c1000-b76c4000 rw-p 00000000 00:00 0 
b76c4000-b76c5000 r--s 00010000 08:05 7219398    /usr/lib/jvm/java-8-openjdk-i386/jre/lib/ext/zipfs.jar
b76c5000-b76c7000 r--s 00001000 08:05 7219395    /usr/lib/jvm/java-8-openjdk-i386/jre/lib/ext/dnsns.jar
b76c7000-b76c8000 r--s 0000a000 08:05 7219396    /usr/lib/jvm/java-8-openjdk-i386/jre/lib/ext/jaccess.jar
b76c8000-b76c9000 r--p 002d4000 08:05 6292404    /usr/lib/locale/locale-archive
b76c9000-b76ca000 rw-p 00000000 00:00 0 
b76ca000-b76cb000 ---p 00000000 00:00 0 
b76cb000-b76d9000 r-xp 00000000 08:05 7219427    /usr/lib/jvm/java-8-openjdk-i386/jre/lib/i386/libverify.so
b76d9000-b76da000 r--p 0000d000 08:05 7219427    /usr/lib/jvm/java-8-openjdk-i386/jre/lib/i386/libverify.so
b76da000-b76db000 rw-p 0000e000 08:05 7219427    /usr/lib/jvm/java-8-openjdk-i386/jre/lib/i386/libverify.so
b76db000-b76e8000 r-xp 00000000 08:05 7354173    /usr/lib/jvm/java-8-openjdk-i386/jre/lib/i386/jli/libjli.so
b76e8000-b76e9000 r--p 0000c000 08:05 7354173    /usr/lib/jvm/java-8-openjdk-i386/jre/lib/i386/jli/libjli.so
b76e9000-b76ea000 rw-p 0000d000 08:05 7354173    /usr/lib/jvm/java-8-openjdk-i386/jre/lib/i386/jli/libjli.so
b76ea000-b76ec000 rw-p 00000000 00:00 0 
b76ec000-b76ee000 r--p 00000000 00:00 0          [vvar]
b76ee000-b76ef000 r-xp 00000000 00:00 0          [vdso]
b76ef000-b7711000 r-xp 00000000 08:05 787039     /lib/i386-linux-gnu/ld-2.23.so
b7711000-b7712000 rw-p 00000000 00:00 0 
b7712000-b7713000 r--p 00022000 08:05 787039     /lib/i386-linux-gnu/ld-2.23.so
b7713000-b7714000 rw-p 00023000 08:05 787039     /lib/i386-linux-gnu/ld-2.23.so
bf9f2000-bf9f3000 rwxp 00000000 00:00 0 
bfa24000-bfa46000 rw-p 00000000 00:00 0          [stack]

VM Arguments:
jvm_args: -Xmx1g 
java_command: org.apache.spark.deploy.SparkSubmit pyspark-shell
java_class_path (initial): /home/saksham_ubuntu/spark-2.1.1-bin-hadoop2.7/conf/:/home/saksham_ubuntu/spark-2.1.1-bin-hadoop2.7/jars/jackson-jaxrs-1.9.13.jar:/home/saksham_ubuntu/spark-2.1.1-bin-hadoop2.7/jars/commons-codec-1.10.jar:/home/saksham_ubuntu/spark-2.1.1-bin-hadoop2.7/jars/apacheds-kerberos-codec-2.0.0-M15.jar:/home/saksham_ubuntu/spark-2.1.1-bin-hadoop2.7/jars/leveldbjni-all-1.8.jar:/home/saksham_ubuntu/spark-2.1.1-bin-hadoop2.7/jars/spark-graphx_2.11-2.1.1.jar:/home/saksham_ubuntu/spark-2.1.1-bin-hadoop2.7/jars/paranamer-2.3.jar:/home/saksham_ubuntu/spark-2.1.1-bin-hadoop2.7/jars/jersey-server-2.22.2.jar:/home/saksham_ubuntu/spark-2.1.1-bin-hadoop2.7/jars/zookeeper-3.4.6.jar:/home/saksham_ubuntu/spark-2.1.1-bin-hadoop2.7/jars/metrics-jvm-3.1.2.jar:/home/saksham_ubuntu/spark-2.1.1-bin-hadoop2.7/jars/commons-collections-3.2.2.jar:/home/saksham_ubuntu/spark-2.1.1-bin-hadoop2.7/jars/minlog-1.3.0.jar:/home/saksham_ubuntu/spark-2.1.1-bin-hadoop2.7/jars/hadoop-mapreduce-client-jobclient-2.7.3.jar:/home/saksham_ubuntu/spark-2.1.1-bin-hadoop2.7/jars/stream-2.7.0.jar:/home/saksham_ubuntu/spark-2.1.1-bin-hadoop2.7/jars/commons-lang3-3.5.jar:/home/saksham_ubuntu/spark-2.1.1-bin-hadoop2.7/jars/arpack_combined_all-0.1.jar:/home/saksham_ubuntu/spark-2.1.1-bin-hadoop2.7/jars/calcite-linq4j-1.2.0-incubating.jar:/home/saksham_ubuntu/spark-2.1.1-bin-hadoop2.7/jars/aopalliance-1.0.jar:/home/saksham_ubuntu/spark-2.1.1-bin-hadoop2.7/jars/avro-1.7.7.jar:/home/saksham_ubuntu/spark-2.1.1-bin-hadoop2.7/jars/spire_2.11-0.7.4.jar:/home/saksham_ubuntu/spark-2.1.1-bin-hadoop2.7/jars/commons-beanutils-core-1.8.0.jar:/home/saksham_ubuntu/spark-2.1.1-bin-hadoop2.7/jars/jodd-core-3.5.2.jar:/home/saksham_ubuntu/spark-2.1.1-bin-hadoop2.7/jars/spark-network-common_2.11-2.1.1.jar:/home/saksham_ubuntu/spark-2.1.1-bin-hadoop2.7/jars/api-asn1-api-1.0.0-M20.jar:/home/saksham_ubuntu/spark-2.1.1-bin-hadoop2.7/jars/hadoop-yarn-client-2.7.3.jar:/home/saksham_ubuntu/spark-2.1.1-bin-hadoop2.7/jars/j
Launcher Type: SUN_STANDARD

Environment Variables:
PATH=/home/saksham_ubuntu/anaconda2/bin:/home/saksham_ubuntu/anaconda2/bin:/home/saksham_ubuntu/bin:/home/saksham_ubuntu/.local/bin:/usr/local/sbin:/usr/local/bin:/usr/sbin:/usr/bin:/sbin:/bin:/usr/games:/usr/local/games:/snap/bin
SHELL=/bin/bash
DISPLAY=:0

Signal Handlers:
SIGSEGV: [libjvm.so+0x8d5980], sa_mask[0]=11111111011111111101111111111110, sa_flags=SA_RESTART|SA_SIGINFO
SIGBUS: [libjvm.so+0x8d5980], sa_mask[0]=11111111011111111101111111111110, sa_flags=SA_RESTART|SA_SIGINFO
SIGFPE: [libjvm.so+0x73b5c0], sa_mask[0]=11111111011111111101111111111110, sa_flags=SA_RESTART|SA_SIGINFO
SIGPIPE: [libjvm.so+0x73b5c0], sa_mask[0]=11111111011111111101111111111110, sa_flags=SA_RESTART|SA_SIGINFO
SIGXFSZ: [libjvm.so+0x73b5c0], sa_mask[0]=11111111011111111101111111111110, sa_flags=SA_RESTART|SA_SIGINFO
SIGILL: [libjvm.so+0x73b5c0], sa_mask[0]=11111111011111111101111111111110, sa_flags=SA_RESTART|SA_SIGINFO
SIGUSR1: SIG_DFL, sa_mask[0]=00000000000000000000000000000000, sa_flags=none
SIGUSR2: [libjvm.so+0x73b400], sa_mask[0]=00000000000000000000000000000000, sa_flags=SA_RESTART|SA_SIGINFO
SIGHUP: [libjvm.so+0x73bb90], sa_mask[0]=11111111011111111101111111111110, sa_flags=SA_RESTART|SA_SIGINFO
SIGINT: SIG_IGN, sa_mask[0]=00000000000000000000000000000000, sa_flags=none
SIGTERM: [libjvm.so+0x73bb90], sa_mask[0]=11111111011111111101111111111110, sa_flags=SA_RESTART|SA_SIGINFO
SIGQUIT: [libjvm.so+0x73bb90], sa_mask[0]=11111111011111111101111111111110, sa_flags=SA_RESTART|SA_SIGINFO


---------------  S Y S T E M  ---------------

OS:DISTRIB_ID=Ubuntu
DISTRIB_RELEASE=16.04
DISTRIB_CODENAME=xenial
DISTRIB_DESCRIPTION="Ubuntu 16.04.2 LTS"

uname:Linux 4.4.0-59-generic #80-Ubuntu SMP Fri Jan 6 17:36:54 UTC 2017 i686
libc:glibc 2.23 NPTL 2.23 
rlimit: STACK 8192k, CORE 0k, NPROC 63485, NOFILE 65536, AS infinity
load average:2.02 3.20 3.14

/proc/meminfo:
MemTotal:        8163360 kB
MemFree:          417468 kB
MemAvailable:          0 kB
Buffers:            2328 kB
Cached:           216664 kB
SwapCached:            0 kB
Active:          7413948 kB
Inactive:         192876 kB
Active(anon):    7409088 kB
Inactive(anon):   148508 kB
Active(file):       4860 kB
Inactive(file):    44368 kB
Unevictable:          32 kB
Mlocked:              32 kB
HighTotal:       7348384 kB
HighFree:         124316 kB
LowTotal:         814976 kB
LowFree:          293152 kB
SwapTotal:             0 kB
SwapFree:              0 kB
Dirty:               100 kB
Writeback:             0 kB
AnonPages:       7388156 kB
Mapped:            89624 kB
Shmem:            169472 kB
Slab:              58368 kB
SReclaimable:      27596 kB
SUnreclaim:        30772 kB
KernelStack:       10944 kB
PageTables:        29960 kB
NFS_Unstable:          0 kB
Bounce:              408 kB
WritebackTmp:          0 kB
CommitLimit:     4081680 kB
Committed_AS:   13243484 kB
VmallocTotal:     122880 kB
VmallocUsed:           0 kB
VmallocChunk:          0 kB
AnonHugePages:   4708352 kB
CmaTotal:              0 kB
CmaFree:               0 kB
HugePages_Total:       0
HugePages_Free:        0
HugePages_Rsvd:        0
HugePages_Surp:        0
Hugepagesize:       2048 kB
DirectMap4k:       63480 kB
DirectMap2M:      847872 kB


CPU:total 4 (initial active 4) (2 cores per cpu, 2 threads per core) family 6 model 58 stepping 9, cmov, cx8, fxsr, mmx, sse, sse2, sse3, ssse3, sse4.1, sse4.2, popcnt, avx, aes, clmul, erms, ht, tsc, tscinvbit, tscinv

/proc/cpuinfo:
processor	: 0
vendor_id	: GenuineIntel
cpu family	: 6
model		: 58
model name	: Intel(R) Core(TM) i7-3540M CPU @ 3.00GHz
stepping	: 9
microcode	: 0x1c
cpu MHz		: 1237.148
cache size	: 4096 KB
physical id	: 0
siblings	: 4
core id		: 0
cpu cores	: 2
apicid		: 0
initial apicid	: 0
fdiv_bug	: no
f00f_bug	: no
coma_bug	: no
fpu		: yes
fpu_exception	: yes
cpuid level	: 13
wp		: yes
flags		: fpu vme de pse tsc msr pae mce cx8 apic sep mtrr pge mca cmov pat pse36 clflush dts acpi mmx fxsr sse sse2 ss ht tm pbe nx rdtscp lm constant_tsc arch_perfmon pebs bts xtopology nonstop_tsc aperfmperf eagerfpu pni pclmulqdq dtes64 monitor ds_cpl vmx smx est tm2 ssse3 cx16 xtpr pdcm pcid sse4_1 sse4_2 x2apic popcnt tsc_deadline_timer aes xsave avx f16c rdrand lahf_lm epb tpr_shadow vnmi flexpriority ept vpid fsgsbase smep erms xsaveopt dtherm ida arat pln pts
bugs		:
bogomips	: 5980.69
clflush size	: 64
cache_alignment	: 64
address sizes	: 36 bits physical, 48 bits virtual
power management:

processor	: 1
vendor_id	: GenuineIntel
cpu family	: 6
model		: 58
model name	: Intel(R) Core(TM) i7-3540M CPU @ 3.00GHz
stepping	: 9
microcode	: 0x1c
cpu MHz		: 1298.437
cache size	: 4096 KB
physical id	: 0
siblings	: 4
core id		: 1
cpu cores	: 2
apicid		: 2
initial apicid	: 2
fdiv_bug	: no
f00f_bug	: no
coma_bug	: no
fpu		: yes
fpu_exception	: yes
cpuid level	: 13
wp		: yes
flags		: fpu vme de pse tsc msr pae mce cx8 apic sep mtrr pge mca cmov pat pse36 clflush dts acpi mmx fxsr sse sse2 ss ht tm pbe nx rdtscp lm constant_tsc arch_perfmon pebs bts xtopology nonstop_tsc aperfmperf eagerfpu pni pclmulqdq dtes64 monitor ds_cpl vmx smx est tm2 ssse3 cx16 xtpr pdcm pcid sse4_1 sse4_2 x2apic popcnt tsc_deadline_timer aes xsave avx f16c rdrand lahf_lm epb tpr_shadow vnmi flexpriority ept vpid fsgsbase smep erms xsaveopt dtherm ida arat pln pts
bugs		:
bogomips	: 5980.69
clflush size	: 64
cache_alignment	: 64
address sizes	: 36 bits physical, 48 bits virtual
power management:

processor	: 2
vendor_id	: GenuineIntel
cpu family	: 6
model		: 58
model name	: Intel(R) Core(TM) i7-3540M CPU @ 3.00GHz
stepping	: 9
microcode	: 0x1c
cpu MHz		: 1216.289
cache size	: 4096 KB
physical id	: 0
siblings	: 4
core id		: 0
cpu cores	: 2
apicid		: 1
initial apicid	: 1
fdiv_bug	: no
f00f_bug	: no
coma_bug	: no
fpu		: yes
fpu_exception	: yes
cpuid level	: 13
wp		: yes
flags		: fpu vme de pse tsc msr pae mce cx8 apic sep mtrr pge mca cmov pat pse36 clflush dts acpi mmx fxsr sse sse2 ss ht tm pbe nx rdtscp lm constant_tsc arch_perfmon pebs bts xtopology nonstop_tsc aperfmperf eagerfpu pni pclmulqdq dtes64 monitor ds_cpl vmx smx est tm2 ssse3 cx16 xtpr pdcm pcid sse4_1 sse4_2 x2apic popcnt tsc_deadline_timer aes xsave avx f16c rdrand lahf_lm epb tpr_shadow vnmi flexpriority ept vpid fsgsbase smep erms xsaveopt dtherm ida arat pln pts
bugs		:
bogomips	: 5980.69
clflush size	: 64
cache_alignment	: 64
address sizes	: 36 bits physical, 48 bits virtual
power management:

processor	: 3
vendor_id	: GenuineIntel
cpu family	: 6
model		: 58
model name	: Intel(R) Core(TM) i7-3540M CPU @ 3.00GHz
stepping	: 9
microcode	: 0x1c
cpu MHz		: 1217.929
cache size	: 4096 KB
physical id	: 0
siblings	: 4
core id		: 1
cpu cores	: 2
apicid		: 3
initial apicid	: 3
fdiv_bug	: no
f00f_bug	: no
coma_bug	: no
fpu		: yes
fpu_exception	: yes
cpuid level	: 13
wp		: yes
flags		: fpu vme de pse tsc msr pae mce cx8 apic sep mtrr pge mca cmov pat pse36 clflush dts acpi mmx fxsr sse sse2 ss ht tm pbe nx rdtscp lm constant_tsc arch_perfmon pebs bts xtopology nonstop_tsc aperfmperf eagerfpu pni pclmulqdq dtes64 monitor ds_cpl vmx smx est tm2 ssse3 cx16 xtpr pdcm pcid sse4_1 sse4_2 x2apic popcnt tsc_deadline_timer aes xsave avx f16c rdrand lahf_lm epb tpr_shadow vnmi flexpriority ept vpid fsgsbase smep erms xsaveopt dtherm ida arat pln pts
bugs		:
bogomips	: 5980.69
clflush size	: 64
cache_alignment	: 64
address sizes	: 36 bits physical, 48 bits virtual
power management:



Memory: 4k page, physical 8163360k(417468k free), swap 0k(0k free)

vm_info: OpenJDK Server VM (25.131-b11) for linux-x86 JRE (1.8.0_131-8u131-b11-0ubuntu1.16.04.2-b11), built on May  6 2017 02:38:06 by "buildd" with gcc 5.4.0 20160609

time: Mon May 15 11:34:39 2017
elapsed time: 21 seconds (0d 0h 0m 21s)

